#
# There is insufficient memory for the Java Runtime Environment to continue.
# Native memory allocation (malloc) failed to allocate 527376 bytes for Chunk::new
# Possible reasons:
#   The system is out of physical RAM or swap space
#   In 32 bit mode, the process size limit was hit
# Possible solutions:
#   Reduce memory load on the system
#   Increase physical memory or swap space
#   Check if swap backing store is full
#   Use 64 bit Java on a 64 bit OS
#   Decrease Java heap size (-Xmx/-Xms)
#   Decrease number of Java threads
#   Decrease Java thread stack sizes (-Xss)
#   Set larger code cache with -XX:ReservedCodeCacheSize=
# This output file may be truncated or incomplete.
#
#  Out of Memory Error (allocation.cpp:390), pid=10660, tid=0x00000000000025bc
#
# JRE version: Java(TM) SE Runtime Environment (8.0_121-b13) (build 1.8.0_121-b13)
# Java VM: Java HotSpot(TM) 64-Bit Server VM (25.121-b13 mixed mode windows-amd64 compressed oops)
# Failed to write core dump. Minidumps are not enabled by default on client versions of Windows
#

---------------  T H R E A D  ---------------

Current thread (0x000000000cf3f800):  JavaThread "C2 CompilerThread1" daemon [_thread_in_native, id=9660, stack(0x000000000e690000,0x000000000e790000)]

Stack: [0x000000000e690000,0x000000000e790000]
[error occurred during error reporting (printing stack bounds), id 0xc0000005]

Native frames: (J=compiled Java code, j=interpreted, Vv=VM code, C=native code)


Current CompileTask:
C2:  37598 8852       4       scala.reflect.internal.pickling.UnPickler$Scan::readSymbol (669 bytes)


---------------  P R O C E S S  ---------------

Java Threads: ( => current thread )
  0x0000000011cd1800 JavaThread "pool-4-thread-6" [_thread_blocked, id=9820, stack(0x0000000018fe0000,0x00000000190e0000)]
  0x0000000011ccf000 JavaThread "pool-4-thread-5" [_thread_in_Java, id=2400, stack(0x0000000018ee0000,0x0000000018fe0000)]
  0x00000000119ac800 JavaThread "pool-4-thread-4" [_thread_blocked, id=10516, stack(0x0000000018de0000,0x0000000018ee0000)]
  0x00000000119ae000 JavaThread "pool-4-thread-3" [_thread_blocked, id=9500, stack(0x0000000018ce0000,0x0000000018de0000)]
  0x0000000015581800 JavaThread "pool-4-thread-2" [_thread_blocked, id=9848, stack(0x0000000018be0000,0x0000000018ce0000)]
  0x00000000129a9800 JavaThread "pool-4-thread-1" [_thread_blocked, id=9584, stack(0x0000000018ae0000,0x0000000018be0000)]
  0x00000000156fe800 JavaThread "sbt-web-akka.actor.default-dispatcher-5" [_thread_blocked, id=10260, stack(0x00000000187e0000,0x00000000188e0000)]
  0x00000000156ff800 JavaThread "sbt-web-akka.actor.default-dispatcher-4" [_thread_blocked, id=9368, stack(0x00000000186e0000,0x00000000187e0000)]
  0x0000000011df2800 JavaThread "sbt-web-akka.actor.default-dispatcher-3" [_thread_blocked, id=10428, stack(0x00000000185e0000,0x00000000186e0000)]
  0x0000000014241000 JavaThread "sbt-web-scheduler-1" [_thread_blocked, id=4684, stack(0x00000000183e0000,0x00000000184e0000)]
  0x000000000cf9e800 JavaThread "Service Thread" daemon [_thread_blocked, id=8256, stack(0x000000000ec90000,0x000000000ed90000)]
  0x000000000cf4a000 JavaThread "C1 CompilerThread2" daemon [_thread_in_native, id=10868, stack(0x000000000e790000,0x000000000e890000)]
=>0x000000000cf3f800 JavaThread "C2 CompilerThread1" daemon [_thread_in_native, id=9660, stack(0x000000000e690000,0x000000000e790000)]
  0x000000000cf3d000 JavaThread "C2 CompilerThread0" daemon [_thread_in_vm, id=4300, stack(0x000000000e590000,0x000000000e690000)]
  0x000000000cf3b000 JavaThread "Attach Listener" daemon [_thread_blocked, id=11080, stack(0x000000000e490000,0x000000000e590000)]
  0x000000000cf47000 JavaThread "Signal Dispatcher" daemon [_thread_blocked, id=5536, stack(0x000000000e390000,0x000000000e490000)]
  0x000000000cf2a000 JavaThread "Finalizer" daemon [_thread_blocked, id=10740, stack(0x000000000e1a0000,0x000000000e2a0000)]
  0x0000000002cd1000 JavaThread "Reference Handler" daemon [_thread_blocked, id=6584, stack(0x000000000e0a0000,0x000000000e1a0000)]
  0x0000000002a6e000 JavaThread "main" [_thread_blocked, id=916, stack(0x0000000002ae0000,0x0000000002be0000)]

Other Threads:
  0x000000000cf07800 VMThread [stack: 0x000000000dfa0000,0x000000000e0a0000] [id=7368]
  0x000000000e8cd800 WatcherThread [stack: 0x000000000ed90000,0x000000000ee90000] [id=1088]

VM state:not at safepoint (normal execution)

VM Mutex/Monitor currently owned by a thread: None

Heap:
 PSYoungGen      total 132096K, used 40143K [0x00000000f5580000, 0x0000000100000000, 0x0000000100000000)
  eden space 109056K, 36% used [0x00000000f5580000,0x00000000f7cb3ed8,0x00000000fc000000)
  from space 23040K, 0% used [0x00000000fc000000,0x00000000fc000000,0x00000000fd680000)
  to   space 38400K, 0% used [0x00000000fda80000,0x00000000fda80000,0x0000000100000000)
 ParOldGen       total 209920K, used 74087K [0x00000000e0000000, 0x00000000ecd00000, 0x00000000f5580000)
  object space 209920K, 35% used [0x00000000e0000000,0x00000000e4859cb0,0x00000000ecd00000)
 Metaspace       used 74876K, capacity 75491K, committed 75864K, reserved 1112064K
  class space    used 13955K, capacity 14126K, committed 14208K, reserved 1048576K

Card table byte_map: [0x000000000aee0000,0x000000000aff0000] byte_map_base: 0x000000000a7e0000

Marking Bits: (ParMarkBitMap*) 0x000000005b7ab6d0
 Begin Bits: [0x000000000b4a0000, 0x000000000bca0000)
 End Bits:   [0x000000000bca0000, 0x000000000c4a0000)

Polling page: 0x0000000002a50000

CodeCache: size=131072Kb used=19482Kb max_used=19482Kb free=111589Kb
 bounds [0x0000000002ce0000, 0x0000000004000000, 0x000000000ace0000]
 total_blobs=7990 nmethods=7499 adapters=400
 compilation: enabled

Compilation events (10 events):
Event: 37.573 Thread 0x000000000cf4a000 nmethod 8929 0x0000000003ff8b50 code [0x0000000003ff8ca0, 0x0000000003ff8db0]
Event: 37.574 Thread 0x000000000cf4a000 8930       1       scala.tools.nsc.ast.parser.SyntaxAnalyzer$ParserPhase::keepsTypeParams (5 bytes)
Event: 37.574 Thread 0x000000000cf4a000 nmethod 8930 0x0000000003ff8e10 code [0x0000000003ff8f60, 0x0000000003ff9070]
Event: 37.574 Thread 0x000000000cf4a000 8931       3       scala.reflect.internal.SymbolTable::isValidForBaseClasses (84 bytes)
Event: 37.575 Thread 0x000000000cf4a000 nmethod 8931 0x0000000003ff90d0 code [0x0000000003ff9300, 0x0000000003ffa548]
Event: 37.576 Thread 0x000000000cf4a000 8932       3       scala.collection.immutable.List::seq (5 bytes)
Event: 37.576 Thread 0x000000000cf4a000 nmethod 8932 0x0000000003ffa990 code [0x0000000003ffab00, 0x0000000003ffad90]
Event: 37.576 Thread 0x000000000cf4a000 8934       3       scala.util.hashing.MurmurHash3::listHash (68 bytes)
Event: 37.577 Thread 0x000000000cf4a000 nmethod 8934 0x0000000003ffae50 code [0x0000000003ffb060, 0x0000000003ffbe68]
Event: 37.577 Thread 0x000000000cf4a000 8933       3       scala.util.hashing.MurmurHash3$::seqHash (37 bytes)

GC Heap History (10 events):
Event: 32.663 GC heap before
{Heap before GC invocations=16 (full 4):
 PSYoungGen      total 93184K, used 89436K [0x00000000f5580000, 0x00000000fca80000, 0x0000000100000000)
  eden space 81920K, 100% used [0x00000000f5580000,0x00000000fa580000,0x00000000fa580000)
  from space 11264K, 66% used [0x00000000fa580000,0x00000000facd7358,0x00000000fb080000)
  to   space 11264K, 0% used [0x00000000fbf80000,0x00000000fbf80000,0x00000000fca80000)
 ParOldGen       total 103936K, used 14549K [0x00000000e0000000, 0x00000000e6580000, 0x00000000f5580000)
  object space 103936K, 13% used [0x00000000e0000000,0x00000000e0e35420,0x00000000e6580000)
 Metaspace       used 49498K, capacity 49842K, committed 50048K, reserved 1089536K
  class space    used 9665K, capacity 9763K, committed 9856K, reserved 1048576K
Event: 32.676 GC heap after
Heap after GC invocations=16 (full 4):
 PSYoungGen      total 105984K, used 11238K [0x00000000f5580000, 0x00000000fcb00000, 0x0000000100000000)
  eden space 94720K, 0% used [0x00000000f5580000,0x00000000f5580000,0x00000000fb200000)
  from space 11264K, 99% used [0x00000000fbf80000,0x00000000fca79b18,0x00000000fca80000)
  to   space 12800K, 0% used [0x00000000fb200000,0x00000000fb200000,0x00000000fbe80000)
 ParOldGen       total 103936K, used 14959K [0x00000000e0000000, 0x00000000e6580000, 0x00000000f5580000)
  object space 103936K, 14% used [0x00000000e0000000,0x00000000e0e9bfe8,0x00000000e6580000)
 Metaspace       used 49498K, capacity 49842K, committed 50048K, reserved 1089536K
  class space    used 9665K, capacity 9763K, committed 9856K, reserved 1048576K
}
Event: 33.758 GC heap before
{Heap before GC invocations=17 (full 4):
 PSYoungGen      total 105984K, used 105958K [0x00000000f5580000, 0x00000000fcb00000, 0x0000000100000000)
  eden space 94720K, 100% used [0x00000000f5580000,0x00000000fb200000,0x00000000fb200000)
  from space 11264K, 99% used [0x00000000fbf80000,0x00000000fca79b18,0x00000000fca80000)
  to   space 12800K, 0% used [0x00000000fb200000,0x00000000fb200000,0x00000000fbe80000)
 ParOldGen       total 103936K, used 14959K [0x00000000e0000000, 0x00000000e6580000, 0x00000000f5580000)
  object space 103936K, 14% used [0x00000000e0000000,0x00000000e0e9bfe8,0x00000000e6580000)
 Metaspace       used 53885K, capacity 54376K, committed 54656K, reserved 1093632K
  class space    used 10578K, capacity 10760K, committed 10880K, reserved 1048576K
Event: 33.790 GC heap after
Heap after GC invocations=17 (full 4):
 PSYoungGen      total 107520K, used 12798K [0x00000000f5580000, 0x00000000fe780000, 0x0000000100000000)
  eden space 94720K, 0% used [0x00000000f5580000,0x00000000f5580000,0x00000000fb200000)
  from space 12800K, 99% used [0x00000000fb200000,0x00000000fbe7fa50,0x00000000fbe80000)
  to   space 17408K, 0% used [0x00000000fd680000,0x00000000fd680000,0x00000000fe780000)
 ParOldGen       total 103936K, used 23242K [0x00000000e0000000, 0x00000000e6580000, 0x00000000f5580000)
  object space 103936K, 22% used [0x00000000e0000000,0x00000000e16b2830,0x00000000e6580000)
 Metaspace       used 53885K, capacity 54376K, committed 54656K, reserved 1093632K
  class space    used 10578K, capacity 10760K, committed 10880K, reserved 1048576K
}
Event: 34.831 GC heap before
{Heap before GC invocations=18 (full 4):
 PSYoungGen      total 107520K, used 107518K [0x00000000f5580000, 0x00000000fe780000, 0x0000000100000000)
  eden space 94720K, 100% used [0x00000000f5580000,0x00000000fb200000,0x00000000fb200000)
  from space 12800K, 99% used [0x00000000fb200000,0x00000000fbe7fa50,0x00000000fbe80000)
  to   space 17408K, 0% used [0x00000000fd680000,0x00000000fd680000,0x00000000fe780000)
 ParOldGen       total 103936K, used 23242K [0x00000000e0000000, 0x00000000e6580000, 0x00000000f5580000)
  object space 103936K, 22% used [0x00000000e0000000,0x00000000e16b2830,0x00000000e6580000)
 Metaspace       used 57015K, capacity 57518K, committed 57728K, reserved 1095680K
  class space    used 11203K, capacity 11378K, committed 11392K, reserved 1048576K
Event: 34.870 GC heap after
Heap after GC invocations=18 (full 4):
 PSYoungGen      total 126464K, used 17402K [0x00000000f5580000, 0x00000000ff680000, 0x0000000100000000)
  eden space 109056K, 0% used [0x00000000f5580000,0x00000000f5580000,0x00000000fc000000)
  from space 17408K, 99% used [0x00000000fd680000,0x00000000fe77e840,0x00000000fe780000)
  to   space 23040K, 0% used [0x00000000fc000000,0x00000000fc000000,0x00000000fd680000)
 ParOldGen       total 103936K, used 31632K [0x00000000e0000000, 0x00000000e6580000, 0x00000000f5580000)
  object space 103936K, 30% used [0x00000000e0000000,0x00000000e1ee4068,0x00000000e6580000)
 Metaspace       used 57015K, capacity 57518K, committed 57728K, reserved 1095680K
  class space    used 11203K, capacity 11378K, committed 11392K, reserved 1048576K
}
Event: 36.166 GC heap before
{Heap before GC invocations=19 (full 4):
 PSYoungGen      total 126464K, used 112269K [0x00000000f5580000, 0x00000000ff680000, 0x0000000100000000)
  eden space 109056K, 86% used [0x00000000f5580000,0x00000000fb224d68,0x00000000fc000000)
  from space 17408K, 99% used [0x00000000fd680000,0x00000000fe77e840,0x00000000fe780000)
  to   space 23040K, 0% used [0x00000000fc000000,0x00000000fc000000,0x00000000fd680000)
 ParOldGen       total 103936K, used 31632K [0x00000000e0000000, 0x00000000e6580000, 0x00000000f5580000)
  object space 103936K, 30% used [0x00000000e0000000,0x00000000e1ee4068,0x00000000e6580000)
 Metaspace       used 68681K, capacity 69234K, committed 69336K, reserved 1105920K
  class space    used 13110K, capacity 13298K, committed 13312K, reserved 1048576K
Event: 36.216 GC heap after
Heap after GC invocations=19 (full 4):
 PSYoungGen      total 132096K, used 23034K [0x00000000f5580000, 0x0000000100000000, 0x0000000100000000)
  eden space 109056K, 0% used [0x00000000f5580000,0x00000000f5580000,0x00000000fc000000)
  from space 23040K, 99% used [0x00000000fc000000,0x00000000fd67e8b0,0x00000000fd680000)
  to   space 38400K, 0% used [0x00000000fda80000,0x00000000fda80000,0x0000000100000000)
 ParOldGen       total 103936K, used 63753K [0x00000000e0000000, 0x00000000e6580000, 0x00000000f5580000)
  object space 103936K, 61% used [0x00000000e0000000,0x00000000e3e42598,0x00000000e6580000)
 Metaspace       used 68681K, capacity 69234K, committed 69336K, reserved 1105920K
  class space    used 13110K, capacity 13298K, committed 13312K, reserved 1048576K
}
Event: 36.216 GC heap before
{Heap before GC invocations=20 (full 5):
 PSYoungGen      total 132096K, used 23034K [0x00000000f5580000, 0x0000000100000000, 0x0000000100000000)
  eden space 109056K, 0% used [0x00000000f5580000,0x00000000f5580000,0x00000000fc000000)
  from space 23040K, 99% used [0x00000000fc000000,0x00000000fd67e8b0,0x00000000fd680000)
  to   space 38400K, 0% used [0x00000000fda80000,0x00000000fda80000,0x0000000100000000)
 ParOldGen       total 103936K, used 63753K [0x00000000e0000000, 0x00000000e6580000, 0x00000000f5580000)
  object space 103936K, 61% used [0x00000000e0000000,0x00000000e3e42598,0x00000000e6580000)
 Metaspace       used 68681K, capacity 69234K, committed 69336K, reserved 1105920K
  class space    used 13110K, capacity 13298K, committed 13312K, reserved 1048576K
Event: 36.498 GC heap after
Heap after GC invocations=20 (full 5):
 PSYoungGen      total 132096K, used 0K [0x00000000f5580000, 0x0000000100000000, 0x0000000100000000)
  eden space 109056K, 0% used [0x00000000f5580000,0x00000000f5580000,0x00000000fc000000)
  from space 23040K, 0% used [0x00000000fc000000,0x00000000fc000000,0x00000000fd680000)
  to   space 38400K, 0% used [0x00000000fda80000,0x00000000fda80000,0x0000000100000000)
 ParOldGen       total 209920K, used 74087K [0x00000000e0000000, 0x00000000ecd00000, 0x00000000f5580000)
  object space 209920K, 35% used [0x00000000e0000000,0x00000000e4859cb0,0x00000000ecd00000)
 Metaspace       used 68670K, capacity 69218K, committed 69336K, reserved 1105920K
  class space    used 13106K, capacity 13294K, committed 13312K, reserved 1048576K
}

Deoptimization events (10 events):
Event: 37.566 Thread 0x0000000011ccf000 Uncommon trap: reason=class_check action=maybe_recompile pc=0x0000000003d87138 method=scala.collection.mutable.HashTable$class.scala$collection$mutable$HashTable$$findEntry0(Lscala/collection/mutable/HashTable;Ljava/lang/Object;I)Lscala/collection/mutable
Event: 37.568 Thread 0x0000000011ccf000 Uncommon trap: reason=class_check action=maybe_recompile pc=0x0000000003bdbdd8 method=scala.collection.mutable.HashTable$class.scala$collection$mutable$HashTable$$addEntry0(Lscala/collection/mutable/HashTable;Lscala/collection/mutable/HashEntry;I)V @ 2
Event: 37.569 Thread 0x0000000011ccf000 Uncommon trap: reason=class_check action=maybe_recompile pc=0x0000000003a7cca8 method=scala.collection.mutable.HashTable$class.findOrAddEntry(Lscala/collection/mutable/HashTable;Ljava/lang/Object;Ljava/lang/Object;)Lscala/collection/mutable/HashEntry; @ 3
Event: 37.569 Thread 0x0000000011ccf000 Uncommon trap: reason=class_check action=maybe_recompile pc=0x0000000003bd14b4 method=scala.collection.mutable.HashTable$class.index(Lscala/collection/mutable/HashTable;I)I @ 1
Event: 37.569 Thread 0x0000000011ccf000 Uncommon trap: reason=class_check action=maybe_recompile pc=0x0000000003d87138 method=scala.collection.mutable.HashTable$class.scala$collection$mutable$HashTable$$findEntry0(Lscala/collection/mutable/HashTable;Ljava/lang/Object;I)Lscala/collection/mutable
Event: 37.569 Thread 0x0000000011ccf000 Uncommon trap: reason=class_check action=maybe_recompile pc=0x0000000003bdbdd8 method=scala.collection.mutable.HashTable$class.scala$collection$mutable$HashTable$$addEntry0(Lscala/collection/mutable/HashTable;Lscala/collection/mutable/HashEntry;I)V @ 2
Event: 37.570 Thread 0x0000000011ccf000 Uncommon trap: reason=class_check action=maybe_recompile pc=0x0000000003a7cca8 method=scala.collection.mutable.HashTable$class.findOrAddEntry(Lscala/collection/mutable/HashTable;Ljava/lang/Object;Ljava/lang/Object;)Lscala/collection/mutable/HashEntry; @ 3
Event: 37.570 Thread 0x0000000011ccf000 Uncommon trap: reason=class_check action=maybe_recompile pc=0x0000000003bd14b4 method=scala.collection.mutable.HashTable$class.index(Lscala/collection/mutable/HashTable;I)I @ 1
Event: 37.570 Thread 0x0000000011ccf000 Uncommon trap: reason=class_check action=maybe_recompile pc=0x0000000003d87138 method=scala.collection.mutable.HashTable$class.scala$collection$mutable$HashTable$$findEntry0(Lscala/collection/mutable/HashTable;Ljava/lang/Object;I)Lscala/collection/mutable
Event: 37.570 Thread 0x0000000011ccf000 Uncommon trap: reason=class_check action=maybe_recompile pc=0x0000000003bdbdd8 method=scala.collection.mutable.HashTable$class.scala$collection$mutable$HashTable$$addEntry0(Lscala/collection/mutable/HashTable;Lscala/collection/mutable/HashEntry;I)V @ 2

Internal exceptions (10 events):
Event: 33.562 Thread 0x0000000015581800 Exception <a 'java/lang/NoSuchMethodError': <clinit>> (0x00000000fabe5ba8) thrown at [C:\re\workspace\8-2-build-windows-amd64-cygwin\jdk8u121\8372\hotspot\src\share\vm\prims\jni.cpp, line 1613]
Event: 33.564 Thread 0x0000000015581800 Exception <a 'java/lang/NoSuchMethodError': <clinit>> (0x00000000fac66ad0) thrown at [C:\re\workspace\8-2-build-windows-amd64-cygwin\jdk8u121\8372\hotspot\src\share\vm\prims\jni.cpp, line 1613]
Event: 33.566 Thread 0x0000000015581800 Exception <a 'java/lang/NoSuchMethodError': <clinit>> (0x00000000fac7b788) thrown at [C:\re\workspace\8-2-build-windows-amd64-cygwin\jdk8u121\8372\hotspot\src\share\vm\prims\jni.cpp, line 1613]
Event: 33.568 Thread 0x0000000015581800 Exception <a 'java/lang/NoSuchMethodError': <clinit>> (0x00000000fac8cb00) thrown at [C:\re\workspace\8-2-build-windows-amd64-cygwin\jdk8u121\8372\hotspot\src\share\vm\prims\jni.cpp, line 1613]
Event: 33.570 Thread 0x0000000015581800 Exception <a 'java/lang/NoSuchMethodError': <clinit>> (0x00000000fac981c8) thrown at [C:\re\workspace\8-2-build-windows-amd64-cygwin\jdk8u121\8372\hotspot\src\share\vm\prims\jni.cpp, line 1613]
Event: 33.574 Thread 0x0000000015581800 Exception <a 'java/lang/NoSuchMethodError': <clinit>> (0x00000000faca8130) thrown at [C:\re\workspace\8-2-build-windows-amd64-cygwin\jdk8u121\8372\hotspot\src\share\vm\prims\jni.cpp, line 1613]
Event: 33.576 Thread 0x0000000015581800 Exception <a 'java/lang/NoSuchMethodError': <clinit>> (0x00000000facb2788) thrown at [C:\re\workspace\8-2-build-windows-amd64-cygwin\jdk8u121\8372\hotspot\src\share\vm\prims\jni.cpp, line 1613]
Event: 33.577 Thread 0x0000000015581800 Exception <a 'java/lang/NoSuchMethodError': <clinit>> (0x00000000facbdd40) thrown at [C:\re\workspace\8-2-build-windows-amd64-cygwin\jdk8u121\8372\hotspot\src\share\vm\prims\jni.cpp, line 1613]
Event: 33.711 Thread 0x0000000015581800 Exception <a 'java/lang/NoSuchMethodError': <clinit>> (0x00000000faff6c60) thrown at [C:\re\workspace\8-2-build-windows-amd64-cygwin\jdk8u121\8372\hotspot\src\share\vm\prims\jni.cpp, line 1613]
Event: 34.378 Thread 0x00000000119ac800 Exception <a 'java/io/IOException': CreateProcess error=2, The system cannot find the file specified> (0x00000000f87b2670) thrown at [C:\re\workspace\8-2-build-windows-amd64-cygwin\jdk8u121\8372\hotspot\src\share\vm\prims\jni.cpp, line 735]

Events (10 events):
Event: 37.570 Thread 0x0000000011ccf000 DEOPT UNPACKING pc=0x0000000002d2582a sp=0x0000000018fd8bd8 mode 2
Event: 37.570 Thread 0x0000000011ccf000 Uncommon trap: trap_request=0xffffffde fr.pc=0x0000000003bd14b4
Event: 37.570 Thread 0x0000000011ccf000 DEOPT PACKING pc=0x0000000003bd14b4 sp=0x0000000018fd8b70
Event: 37.570 Thread 0x0000000011ccf000 DEOPT UNPACKING pc=0x0000000002d2582a sp=0x0000000018fd8b00 mode 2
Event: 37.570 Thread 0x0000000011ccf000 Uncommon trap: trap_request=0xffffffde fr.pc=0x0000000003d87138
Event: 37.570 Thread 0x0000000011ccf000 DEOPT PACKING pc=0x0000000003d87138 sp=0x0000000018fd8bc0
Event: 37.570 Thread 0x0000000011ccf000 DEOPT UNPACKING pc=0x0000000002d2582a sp=0x0000000018fd8b70 mode 2
Event: 37.570 Thread 0x0000000011ccf000 Uncommon trap: trap_request=0xffffffde fr.pc=0x0000000003bdbdd8
Event: 37.570 Thread 0x0000000011ccf000 DEOPT PACKING pc=0x0000000003bdbdd8 sp=0x0000000018fd8ba0
Event: 37.570 Thread 0x0000000011ccf000 DEOPT UNPACKING pc=0x0000000002d2582a sp=0x0000000018fd8b70 mode 2


Dynamic libraries:
0x00007ff774bd0000 - 0x00007ff774c07000 	C:\ProgramData\Oracle\Java\javapath\java.exe
0x00007ff91d690000 - 0x00007ff91d861000 	C:\WINDOWS\SYSTEM32\ntdll.dll
0x00007ff91c4c0000 - 0x00007ff91c56b000 	C:\WINDOWS\System32\KERNEL32.DLL
0x00007ff919fb0000 - 0x00007ff91a1cd000 	C:\WINDOWS\System32\KERNELBASE.dll
0x00007ff91ac20000 - 0x00007ff91acc2000 	C:\WINDOWS\System32\ADVAPI32.dll
0x00007ff91d5f0000 - 0x00007ff91d68e000 	C:\WINDOWS\System32\msvcrt.dll
0x00007ff91d3b0000 - 0x00007ff91d409000 	C:\WINDOWS\System32\sechost.dll
0x00007ff91c570000 - 0x00007ff91c691000 	C:\WINDOWS\System32\RPCRT4.dll
0x00007ff91d410000 - 0x00007ff91d575000 	C:\WINDOWS\System32\USER32.dll
0x00007ff91a910000 - 0x00007ff91a92e000 	C:\WINDOWS\System32\win32u.dll
0x00007ff91d1f0000 - 0x00007ff91d224000 	C:\WINDOWS\System32\GDI32.dll
0x00007ff919c80000 - 0x00007ff919e02000 	C:\WINDOWS\System32\gdi32full.dll
0x00007ff911690000 - 0x00007ff91190a000 	C:\WINDOWS\WinSxS\amd64_microsoft.windows.common-controls_6595b64144ccf1df_6.0.14393.953_none_42151e83c686086b\COMCTL32.dll
0x00007ff91ca30000 - 0x00007ff91ccf8000 	C:\WINDOWS\System32\combase.dll
0x00007ff919b80000 - 0x00007ff919c75000 	C:\WINDOWS\System32\ucrtbase.dll
0x00007ff91a9e0000 - 0x00007ff91aa4a000 	C:\WINDOWS\System32\bcryptPrimitives.dll
0x00007ff91c880000 - 0x00007ff91c8ae000 	C:\WINDOWS\System32\IMM32.DLL
0x000000005b830000 - 0x000000005b902000 	C:\Program Files\Java\jre1.8.0_121\bin\msvcr100.dll
0x000000005af90000 - 0x000000005b82b000 	C:\Program Files\Java\jre1.8.0_121\bin\server\jvm.dll
0x00007ff91c6a0000 - 0x00007ff91c6a8000 	C:\WINDOWS\System32\PSAPI.DLL
0x00007ff911fc0000 - 0x00007ff911fca000 	C:\WINDOWS\SYSTEM32\VERSION.dll
0x00007ff917e40000 - 0x00007ff917e63000 	C:\WINDOWS\SYSTEM32\WINMM.dll
0x00007ff8fbdf0000 - 0x00007ff8fbdf9000 	C:\WINDOWS\SYSTEM32\WSOCK32.dll
0x00007ff91d580000 - 0x00007ff91d5ea000 	C:\WINDOWS\System32\WS2_32.dll
0x0000000002a20000 - 0x0000000002a4b000 	C:\WINDOWS\SYSTEM32\WINMMBASE.dll
0x00007ff919eb0000 - 0x00007ff919ef2000 	C:\WINDOWS\System32\cfgmgr32.dll
0x000000005af80000 - 0x000000005af8f000 	C:\Program Files\Java\jre1.8.0_121\bin\verify.dll
0x000000005af50000 - 0x000000005af79000 	C:\Program Files\Java\jre1.8.0_121\bin\java.dll
0x000000005af30000 - 0x000000005af46000 	C:\Program Files\Java\jre1.8.0_121\bin\zip.dll
0x00007ff91acd0000 - 0x00007ff91c1d8000 	C:\WINDOWS\System32\SHELL32.dll
0x00007ff91a1d0000 - 0x00007ff91a8aa000 	C:\WINDOWS\System32\windows.storage.dll
0x00007ff919b10000 - 0x00007ff919b5c000 	C:\WINDOWS\System32\powrprof.dll
0x00007ff91d350000 - 0x00007ff91d3a2000 	C:\WINDOWS\System32\shlwapi.dll
0x00007ff919b60000 - 0x00007ff919b6f000 	C:\WINDOWS\System32\kernel.appcore.dll
0x00007ff919f00000 - 0x00007ff919fa9000 	C:\WINDOWS\System32\shcore.dll
0x00007ff919af0000 - 0x00007ff919b04000 	C:\WINDOWS\System32\profapi.dll
0x000000005af10000 - 0x000000005af2a000 	C:\Program Files\Java\jre1.8.0_121\bin\net.dll
0x00007ff9193c0000 - 0x00007ff91941c000 	C:\WINDOWS\system32\mswsock.dll
0x000000005aef0000 - 0x000000005af01000 	C:\Program Files\Java\jre1.8.0_121\bin\nio.dll
0x00007ff919560000 - 0x00007ff919577000 	C:\WINDOWS\SYSTEM32\CRYPTSP.dll
0x00007ff918fc0000 - 0x00007ff918ff3000 	C:\WINDOWS\system32\rsaenh.dll
0x00007ff919a30000 - 0x00007ff919a5b000 	C:\WINDOWS\SYSTEM32\bcrypt.dll
0x00007ff919240000 - 0x00007ff91925f000 	C:\WINDOWS\SYSTEM32\USERENV.dll
0x00007ff919580000 - 0x00007ff91958b000 	C:\WINDOWS\SYSTEM32\CRYPTBASE.dll
0x00007ff919140000 - 0x00007ff919178000 	C:\WINDOWS\SYSTEM32\IPHLPAPI.DLL
0x00007ff91c920000 - 0x00007ff91c928000 	C:\WINDOWS\System32\NSI.dll
0x00007ff913860000 - 0x00007ff913876000 	C:\WINDOWS\SYSTEM32\dhcpcsvc6.DLL
0x00007ff9139f0000 - 0x00007ff913a0a000 	C:\WINDOWS\SYSTEM32\dhcpcsvc.DLL
0x00007ff9135c0000 - 0x00007ff9135ca000 	C:\Users\Dener\AppData\Local\Temp\jansi-64-1-8831927411391493034.11

VM Arguments:
jvm_args: -Xmx512M -XX:MaxPermSize=256m -XX:ReservedCodeCacheSize=128m -Dsbt.log.format=true 
java_command: xsbt.boot.Boot
java_class_path (initial): C:\Users\Dener\Empregos\nubank\scala\Scala-Banking\sbt-dist\bin\sbt-launch.jar
Launcher Type: SUN_STANDARD

Environment Variables:
PATH=C:\ProgramData\Oracle\Java\javapath;C:\Windows\system32;C:\Windows;C:\Windows\System32\Wbem;C:\Windows\System32\WindowsPowerShell\v1.0\;C:\Program Files (x86)\NVIDIA Corporation\PhysX\Common;C:\WINDOWS\system32;C:\WINDOWS;C:\WINDOWS\System32\Wbem;C:\WINDOWS\System32\WindowsPowerShell\v1.0\;C:\Program Files (x86)\Skype\Phone\;C:\Program Files (x86)\sbt\bin;C:\Windows\system32;C:\Windows;C:\Windows\System32\Wbem;C:\Windows\System32\WindowsPowerShell\v1.0\;C:\Program Files (x86)\NVIDIA Corporation\PhysX\Common;C:\WINDOWS\system32;C:\WINDOWS;C:\WINDOWS\System32\Wbem;C:\WINDOWS\System32\WindowsPowerShell\v1.0\;C:\Program Files (x86)\Skype\Phone\;C:\Users\Dener\AppData\Local\Microsoft\WindowsApps;C:\Program Files (x86)\Microsoft VS Code\bin;C:\Python27;C:\Program Files\Java\jdk1.8.0_121\bin
USERNAME=Dener
OS=Windows_NT
PROCESSOR_IDENTIFIER=Intel64 Family 6 Model 58 Stepping 9, GenuineIntel



---------------  S Y S T E M  ---------------

OS: Windows 10.0 , 64 bit Build 14393 (10.0.14393.0)

CPU:total 4 (2 cores per cpu, 2 threads per core) family 6 model 58 stepping 9, cmov, cx8, fxsr, mmx, sse, sse2, sse3, ssse3, sse4.1, sse4.2, popcnt, avx, aes, clmul, erms, ht, tsc, tscinvbit, tscinv

Memory: 4k page, physical 8264500k(1945632k free), swap 9313076k(5192k free)

vm_info: Java HotSpot(TM) 64-Bit Server VM (25.121-b13) for windows-amd64 JRE (1.8.0_121-b13), built on Dec 12 2016 18:21:36 by "java_re" with MS VC++ 10.0 (VS2010)

time: Mon Apr 24 16:41:10 2017
elapsed time: 37 seconds (0d 0h 0m 37s)

