#
# There is insufficient memory for the Java Runtime Environment to continue.
# Native memory allocation (malloc) failed to allocate 1133936 bytes for Chunk::new
# Possible reasons:
#   The system is out of physical RAM or swap space
#   In 32 bit mode, the process size limit was hit
# Possible solutions:
#   Reduce memory load on the system
#   Increase physical memory or swap space
#   Check if swap backing store is full
#   Use 64 bit Java on a 64 bit OS
#   Decrease Java heap size (-Xmx/-Xms)
#   Decrease number of Java threads
#   Decrease Java thread stack sizes (-Xss)
#   Set larger code cache with -XX:ReservedCodeCacheSize=
# This output file may be truncated or incomplete.
#
#  Out of Memory Error (allocation.cpp:390), pid=9928, tid=0x00000000000029d4
#
# JRE version: Java(TM) SE Runtime Environment (8.0_121-b13) (build 1.8.0_121-b13)
# Java VM: Java HotSpot(TM) 64-Bit Server VM (25.121-b13 mixed mode windows-amd64 compressed oops)
# Failed to write core dump. Minidumps are not enabled by default on client versions of Windows
#

---------------  T H R E A D  ---------------

Current thread (0x0000000017b8d800):  JavaThread "C2 CompilerThread1" daemon [_thread_in_native, id=10708, stack(0x00000000192d0000,0x00000000193d0000)]

Stack: [0x00000000192d0000,0x00000000193d0000]
[error occurred during error reporting (printing stack bounds), id 0xc0000005]

Native frames: (J=compiled Java code, j=interpreted, Vv=VM code, C=native code)


Current CompileTask:
C2:   7435 2116       4       com.typesafe.config.impl.Tokenizer$TokenIterator::pullNextToken (333 bytes)


---------------  P R O C E S S  ---------------

Java Threads: ( => current thread )
  0x00000000211d9800 JavaThread "application-akka.actor.default-dispatcher-6" [_thread_blocked, id=8972, stack(0x0000000022ea0000,0x0000000022fa0000)]
  0x00000000211d8000 JavaThread "application-akka.actor.default-dispatcher-5" [_thread_blocked, id=2112, stack(0x0000000022da0000,0x0000000022ea0000)]
  0x00000000211df000 JavaThread "application-akka.actor.default-dispatcher-4" [_thread_blocked, id=5624, stack(0x0000000022ca0000,0x0000000022da0000)]
  0x00000000211dd800 JavaThread "application-akka.actor.default-dispatcher-3" [_thread_blocked, id=6680, stack(0x0000000022ba0000,0x0000000022ca0000)]
  0x00000000211dc800 JavaThread "application-akka.actor.default-dispatcher-2" [_thread_blocked, id=9872, stack(0x0000000022aa0000,0x0000000022ba0000)]
  0x00000000211da800 JavaThread "application-scheduler-1" [_thread_blocked, id=5088, stack(0x00000000229a0000,0x0000000022aa0000)]
  0x00000000211de000 JavaThread "net.sf.ehcache.CacheManager@4f4830e5" daemon [_thread_blocked, id=6936, stack(0x00000000227a0000,0x00000000228a0000)]
  0x00000000211d9000 JavaThread "AsyncAppender-Worker-ASYNCSTDOUT" daemon [_thread_blocked, id=1996, stack(0x00000000226a0000,0x00000000227a0000)]
  0x00000000211dc000 JavaThread "AsyncAppender-Worker-ASYNCFILE" daemon [_thread_blocked, id=1216, stack(0x00000000225a0000,0x00000000226a0000)]
  0x000000001a206800 JavaThread "pool-1-thread-1-ScalaTest-running-ApplicationSpec" [_thread_in_Java, id=5132, stack(0x000000001b6a0000,0x000000001b7a0000)]
  0x000000001a1a6800 JavaThread "Timer-0" [_thread_blocked, id=864, stack(0x000000001b3a0000,0x000000001b4a0000)]
  0x000000001a1a5000 JavaThread "ScalaTest-dispatcher" [_thread_blocked, id=3608, stack(0x000000001b2a0000,0x000000001b3a0000)]
  0x0000000019402800 JavaThread "Service Thread" daemon [_thread_blocked, id=9932, stack(0x00000000198d0000,0x00000000199d0000)]
  0x00000000193db000 JavaThread "C1 CompilerThread2" daemon [_thread_blocked, id=10876, stack(0x00000000197d0000,0x00000000198d0000)]
=>0x0000000017b8d800 JavaThread "C2 CompilerThread1" daemon [_thread_in_native, id=10708, stack(0x00000000192d0000,0x00000000193d0000)]
  0x0000000017b8b800 JavaThread "C2 CompilerThread0" daemon [_thread_blocked, id=1816, stack(0x00000000191d0000,0x00000000192d0000)]
  0x0000000017b89800 JavaThread "Attach Listener" daemon [_thread_blocked, id=10664, stack(0x00000000190d0000,0x00000000191d0000)]
  0x0000000017b88800 JavaThread "Signal Dispatcher" daemon [_thread_blocked, id=5812, stack(0x0000000018fd0000,0x00000000190d0000)]
  0x0000000017b6a800 JavaThread "Finalizer" daemon [_thread_blocked, id=4864, stack(0x0000000018de0000,0x0000000018ee0000)]
  0x0000000003057800 JavaThread "Reference Handler" daemon [_thread_blocked, id=1412, stack(0x0000000018ce0000,0x0000000018de0000)]
  0x0000000002f68800 JavaThread "main" [_thread_blocked, id=11224, stack(0x0000000002dd0000,0x0000000002ed0000)]

Other Threads:
  0x0000000017b48800 VMThread [stack: 0x0000000018be0000,0x0000000018ce0000] [id=5108]
  0x0000000019430800 WatcherThread [stack: 0x00000000199d0000,0x0000000019ad0000] [id=8704]

VM state:not at safepoint (normal execution)

VM Mutex/Monitor currently owned by a thread: None

Heap:
 PSYoungGen      total 58880K, used 50316K [0x00000000d5f80000, 0x00000000da280000, 0x0000000100000000)
  eden space 50176K, 88% used [0x00000000d5f80000,0x00000000d8ab6570,0x00000000d9080000)
  from space 8704K, 69% used [0x00000000d9900000,0x00000000d9eecb48,0x00000000da180000)
  to   space 8704K, 0% used [0x00000000d9080000,0x00000000d9080000,0x00000000d9900000)
 ParOldGen       total 58368K, used 7083K [0x0000000081e00000, 0x0000000085700000, 0x00000000d5f80000)
  object space 58368K, 12% used [0x0000000081e00000,0x00000000824eae18,0x0000000085700000)
 Metaspace       used 32397K, capacity 32750K, committed 33072K, reserved 1077248K
  class space    used 4535K, capacity 4637K, committed 4656K, reserved 1048576K

Card table byte_map: [0x0000000012420000,0x0000000012820000] byte_map_base: 0x0000000012011000

Marking Bits: (ParMarkBitMap*) 0x000000005b7ab6d0
 Begin Bits: [0x0000000012ed0000, 0x0000000014e58000)
 End Bits:   [0x0000000014e58000, 0x0000000016de0000)

Polling page: 0x0000000001590000

CodeCache: size=245760Kb used=6775Kb max_used=7497Kb free=238984Kb
 bounds [0x0000000003060000, 0x00000000037c0000, 0x0000000012060000]
 total_blobs=2648 nmethods=2183 adapters=376
 compilation: enabled

Compilation events (10 events):
Event: 7.423 Thread 0x00000000193db000 2407       3       scala.collection.mutable.StringBuilder::$plus$eq (8 bytes)
Event: 7.423 Thread 0x00000000193db000 nmethod 2407 0x00000000032dec10 code [0x00000000032ded80, 0x00000000032df0e8]
Event: 7.424 Thread 0x00000000193db000 2408       3       scala.collection.mutable.StringBuilder::append (11 bytes)
Event: 7.424 Thread 0x00000000193db000 nmethod 2408 0x0000000003377690 code [0x0000000003377840, 0x0000000003377ed8]
Event: 7.425 Thread 0x00000000193db000 2406       1       play.twirl.api.BufferedContent::elements (5 bytes)
Event: 7.425 Thread 0x00000000193db000 nmethod 2406 0x000000000323dc90 code [0x000000000323dde0, 0x000000000323def0]
Event: 7.425 Thread 0x00000000193db000 2400       1       play.twirl.api.MimeTypes$::HTML (5 bytes)
Event: 7.425 Thread 0x00000000193db000 nmethod 2400 0x0000000003243e90 code [0x0000000003243fe0, 0x00000000032440f0]
Event: 7.425 Thread 0x00000000193db000 2409       3       scala.LowPriorityImplicits::wrapRefArray (32 bytes)
Event: 7.426 Thread 0x00000000193db000 nmethod 2409 0x00000000033b2dd0 code [0x00000000033b2f60, 0x00000000033b3368]

GC Heap History (10 events):
Event: 4.148 GC heap before
{Heap before GC invocations=3 (full 0):
 PSYoungGen      total 38400K, used 38379K [0x00000000d5f80000, 0x00000000d8a00000, 0x0000000100000000)
  eden space 33280K, 100% used [0x00000000d5f80000,0x00000000d8000000,0x00000000d8000000)
  from space 5120K, 99% used [0x00000000d8500000,0x00000000d89fafb8,0x00000000d8a00000)
  to   space 5120K, 0% used [0x00000000d8000000,0x00000000d8000000,0x00000000d8500000)
 ParOldGen       total 87552K, used 969K [0x0000000081e00000, 0x0000000087380000, 0x00000000d5f80000)
  object space 87552K, 1% used [0x0000000081e00000,0x0000000081ef2780,0x0000000087380000)
 Metaspace       used 17454K, capacity 17622K, committed 17792K, reserved 1064960K
  class space    used 2557K, capacity 2637K, committed 2688K, reserved 1048576K
Event: 4.155 GC heap after
Heap after GC invocations=3 (full 0):
 PSYoungGen      total 38400K, used 5113K [0x00000000d5f80000, 0x00000000d8a00000, 0x0000000100000000)
  eden space 33280K, 0% used [0x00000000d5f80000,0x00000000d5f80000,0x00000000d8000000)
  from space 5120K, 99% used [0x00000000d8000000,0x00000000d84fe538,0x00000000d8500000)
  to   space 5120K, 0% used [0x00000000d8500000,0x00000000d8500000,0x00000000d8a00000)
 ParOldGen       total 87552K, used 2814K [0x0000000081e00000, 0x0000000087380000, 0x00000000d5f80000)
  object space 87552K, 3% used [0x0000000081e00000,0x00000000820bfbb0,0x0000000087380000)
 Metaspace       used 17454K, capacity 17622K, committed 17792K, reserved 1064960K
  class space    used 2557K, capacity 2637K, committed 2688K, reserved 1048576K
}
Event: 4.805 GC heap before
{Heap before GC invocations=4 (full 0):
 PSYoungGen      total 38400K, used 36430K [0x00000000d5f80000, 0x00000000d8a00000, 0x0000000100000000)
  eden space 33280K, 94% used [0x00000000d5f80000,0x00000000d7e15598,0x00000000d8000000)
  from space 5120K, 99% used [0x00000000d8000000,0x00000000d84fe538,0x00000000d8500000)
  to   space 5120K, 0% used [0x00000000d8500000,0x00000000d8500000,0x00000000d8a00000)
 ParOldGen       total 87552K, used 2814K [0x0000000081e00000, 0x0000000087380000, 0x00000000d5f80000)
  object space 87552K, 3% used [0x0000000081e00000,0x00000000820bfbb0,0x0000000087380000)
 Metaspace       used 20916K, capacity 21132K, committed 21296K, reserved 1067008K
  class space    used 3019K, capacity 3098K, committed 3120K, reserved 1048576K
Event: 4.814 GC heap after
Heap after GC invocations=4 (full 0):
 PSYoungGen      total 38400K, used 5090K [0x00000000d5f80000, 0x00000000d8a00000, 0x0000000100000000)
  eden space 33280K, 0% used [0x00000000d5f80000,0x00000000d5f80000,0x00000000d8000000)
  from space 5120K, 99% used [0x00000000d8500000,0x00000000d89f8bc8,0x00000000d8a00000)
  to   space 5120K, 0% used [0x00000000d8000000,0x00000000d8000000,0x00000000d8500000)
 ParOldGen       total 87552K, used 4959K [0x0000000081e00000, 0x0000000087380000, 0x00000000d5f80000)
  object space 87552K, 5% used [0x0000000081e00000,0x00000000822d7df0,0x0000000087380000)
 Metaspace       used 20916K, capacity 21132K, committed 21296K, reserved 1067008K
  class space    used 3019K, capacity 3098K, committed 3120K, reserved 1048576K
}
Event: 4.814 GC heap before
{Heap before GC invocations=5 (full 1):
 PSYoungGen      total 38400K, used 5090K [0x00000000d5f80000, 0x00000000d8a00000, 0x0000000100000000)
  eden space 33280K, 0% used [0x00000000d5f80000,0x00000000d5f80000,0x00000000d8000000)
  from space 5120K, 99% used [0x00000000d8500000,0x00000000d89f8bc8,0x00000000d8a00000)
  to   space 5120K, 0% used [0x00000000d8000000,0x00000000d8000000,0x00000000d8500000)
 ParOldGen       total 87552K, used 4959K [0x0000000081e00000, 0x0000000087380000, 0x00000000d5f80000)
  object space 87552K, 5% used [0x0000000081e00000,0x00000000822d7df0,0x0000000087380000)
 Metaspace       used 20916K, capacity 21132K, committed 21296K, reserved 1067008K
  class space    used 3019K, capacity 3098K, committed 3120K, reserved 1048576K
Event: 4.853 GC heap after
Heap after GC invocations=5 (full 1):
 PSYoungGen      total 38400K, used 0K [0x00000000d5f80000, 0x00000000d8a00000, 0x0000000100000000)
  eden space 33280K, 0% used [0x00000000d5f80000,0x00000000d5f80000,0x00000000d8000000)
  from space 5120K, 0% used [0x00000000d8500000,0x00000000d8500000,0x00000000d8a00000)
  to   space 5120K, 0% used [0x00000000d8000000,0x00000000d8000000,0x00000000d8500000)
 ParOldGen       total 58368K, used 7075K [0x0000000081e00000, 0x0000000085700000, 0x00000000d5f80000)
  object space 58368K, 12% used [0x0000000081e00000,0x00000000824e8e18,0x0000000085700000)
 Metaspace       used 20916K, capacity 21132K, committed 21296K, reserved 1067008K
  class space    used 3019K, capacity 3098K, committed 3120K, reserved 1048576K
}
Event: 5.519 GC heap before
{Heap before GC invocations=6 (full 1):
 PSYoungGen      total 38400K, used 33280K [0x00000000d5f80000, 0x00000000d8a00000, 0x0000000100000000)
  eden space 33280K, 100% used [0x00000000d5f80000,0x00000000d8000000,0x00000000d8000000)
  from space 5120K, 0% used [0x00000000d8500000,0x00000000d8500000,0x00000000d8a00000)
  to   space 5120K, 0% used [0x00000000d8000000,0x00000000d8000000,0x00000000d8500000)
 ParOldGen       total 58368K, used 7075K [0x0000000081e00000, 0x0000000085700000, 0x00000000d5f80000)
  object space 58368K, 12% used [0x0000000081e00000,0x00000000824e8e18,0x0000000085700000)
 Metaspace       used 24122K, capacity 24346K, committed 24752K, reserved 1071104K
  class space    used 3348K, capacity 3423K, committed 3504K, reserved 1048576K
Event: 5.523 GC heap after
Heap after GC invocations=6 (full 1):
 PSYoungGen      total 38400K, used 2573K [0x00000000d5f80000, 0x00000000da180000, 0x0000000100000000)
  eden space 33280K, 0% used [0x00000000d5f80000,0x00000000d5f80000,0x00000000d8000000)
  from space 5120K, 50% used [0x00000000d8000000,0x00000000d8283438,0x00000000d8500000)
  to   space 8704K, 0% used [0x00000000d9900000,0x00000000d9900000,0x00000000da180000)
 ParOldGen       total 58368K, used 7083K [0x0000000081e00000, 0x0000000085700000, 0x00000000d5f80000)
  object space 58368K, 12% used [0x0000000081e00000,0x00000000824eae18,0x0000000085700000)
 Metaspace       used 24122K, capacity 24346K, committed 24752K, reserved 1071104K
  class space    used 3348K, capacity 3423K, committed 3504K, reserved 1048576K
}
Event: 6.298 GC heap before
{Heap before GC invocations=7 (full 1):
 PSYoungGen      total 38400K, used 35853K [0x00000000d5f80000, 0x00000000da180000, 0x0000000100000000)
  eden space 33280K, 100% used [0x00000000d5f80000,0x00000000d8000000,0x00000000d8000000)
  from space 5120K, 50% used [0x00000000d8000000,0x00000000d8283438,0x00000000d8500000)
  to   space 8704K, 0% used [0x00000000d9900000,0x00000000d9900000,0x00000000da180000)
 ParOldGen       total 58368K, used 7083K [0x0000000081e00000, 0x0000000085700000, 0x00000000d5f80000)
  object space 58368K, 12% used [0x0000000081e00000,0x00000000824eae18,0x0000000085700000)
 Metaspace       used 28400K, capacity 28634K, committed 28976K, reserved 1075200K
  class space    used 3979K, capacity 4063K, committed 4144K, reserved 1048576K
Event: 6.308 GC heap after
Heap after GC invocations=7 (full 1):
 PSYoungGen      total 58880K, used 6066K [0x00000000d5f80000, 0x00000000da280000, 0x0000000100000000)
  eden space 50176K, 0% used [0x00000000d5f80000,0x00000000d5f80000,0x00000000d9080000)
  from space 8704K, 69% used [0x00000000d9900000,0x00000000d9eecb48,0x00000000da180000)
  to   space 8704K, 0% used [0x00000000d9080000,0x00000000d9080000,0x00000000d9900000)
 ParOldGen       total 58368K, used 7083K [0x0000000081e00000, 0x0000000085700000, 0x00000000d5f80000)
  object space 58368K, 12% used [0x0000000081e00000,0x00000000824eae18,0x0000000085700000)
 Metaspace       used 28400K, capacity 28634K, committed 28976K, reserved 1075200K
  class space    used 3979K, capacity 4063K, committed 4144K, reserved 1048576K
}

Deoptimization events (10 events):
Event: 5.070 Thread 0x000000001a206800 Uncommon trap: reason=class_check action=maybe_recompile pc=0x00000000034cf6d4 method=java.util.HashMap.putVal(ILjava/lang/Object;Ljava/lang/Object;ZZ)Ljava/lang/Object; @ 253
Event: 5.070 Thread 0x000000001a206800 Uncommon trap: reason=class_check action=maybe_recompile pc=0x00000000034cf6d4 method=java.util.HashMap.putVal(ILjava/lang/Object;Ljava/lang/Object;ZZ)Ljava/lang/Object; @ 253
Event: 5.070 Thread 0x000000001a206800 Uncommon trap: reason=class_check action=maybe_recompile pc=0x00000000034cf6d4 method=java.util.HashMap.putVal(ILjava/lang/Object;Ljava/lang/Object;ZZ)Ljava/lang/Object; @ 253
Event: 5.234 Thread 0x000000001a206800 Uncommon trap: reason=unstable_if action=reinterpret pc=0x00000000034518f0 method=java.util.HashMap.hash(Ljava/lang/Object;)I @ 1
Event: 5.235 Thread 0x000000001a206800 Uncommon trap: reason=unstable_if action=reinterpret pc=0x0000000003356be8 method=java.util.HashMap.hash(Ljava/lang/Object;)I @ 1
Event: 5.484 Thread 0x000000001a206800 Uncommon trap: reason=unstable_if action=reinterpret pc=0x000000000355c1d4 method=com.google.inject.internal.asm.$Type.a(Ljava/lang/StringBuffer;Ljava/lang/Class;)V @ 91
Event: 5.856 Thread 0x000000001a206800 Uncommon trap: reason=class_check action=maybe_recompile pc=0x00000000033b6578 method=com.typesafe.config.impl.Tokenizer$TokenIterator.nextCharRaw()I @ 14
Event: 5.856 Thread 0x000000001a206800 Uncommon trap: reason=class_check action=maybe_recompile pc=0x00000000033b6578 method=com.typesafe.config.impl.Tokenizer$TokenIterator.nextCharRaw()I @ 14
Event: 5.856 Thread 0x000000001a206800 Uncommon trap: reason=class_check action=maybe_recompile pc=0x00000000033b6578 method=com.typesafe.config.impl.Tokenizer$TokenIterator.nextCharRaw()I @ 14
Event: 5.856 Thread 0x000000001a206800 Uncommon trap: reason=class_check action=maybe_recompile pc=0x00000000033b6578 method=com.typesafe.config.impl.Tokenizer$TokenIterator.nextCharRaw()I @ 14

Internal exceptions (10 events):
Event: 6.785 Thread 0x000000001a206800 Exception <a 'java/lang/NoSuchMethodError': <clinit>> (0x00000000d6b92388) thrown at [C:\re\workspace\8-2-build-windows-amd64-cygwin\jdk8u121\8372\hotspot\src\share\vm\prims\jni.cpp, line 1613]
Event: 6.788 Thread 0x000000001a206800 Exception <a 'java/lang/NoSuchMethodError': <clinit>> (0x00000000d6b9a100) thrown at [C:\re\workspace\8-2-build-windows-amd64-cygwin\jdk8u121\8372\hotspot\src\share\vm\prims\jni.cpp, line 1613]
Event: 7.003 Thread 0x000000001a1a5000 Exception <a 'java/lang/NoSuchMethodError': <clinit>> (0x00000000d6f54f58) thrown at [C:\re\workspace\8-2-build-windows-amd64-cygwin\jdk8u121\8372\hotspot\src\share\vm\prims\jni.cpp, line 1613]
Event: 7.005 Thread 0x000000001a1a5000 Exception <a 'java/lang/NoSuchMethodError': <clinit>> (0x00000000d7482fb8) thrown at [C:\re\workspace\8-2-build-windows-amd64-cygwin\jdk8u121\8372\hotspot\src\share\vm\prims\jni.cpp, line 1613]
Event: 7.012 Thread 0x000000001a1a5000 Exception <a 'java/lang/NoSuchMethodError': <clinit>> (0x00000000d74aa988) thrown at [C:\re\workspace\8-2-build-windows-amd64-cygwin\jdk8u121\8372\hotspot\src\share\vm\prims\jni.cpp, line 1613]
Event: 7.013 Thread 0x000000001a1a5000 Exception <a 'java/lang/NoSuchMethodError': <clinit>> (0x00000000d74b7208) thrown at [C:\re\workspace\8-2-build-windows-amd64-cygwin\jdk8u121\8372\hotspot\src\share\vm\prims\jni.cpp, line 1613]
Event: 7.016 Thread 0x000000001a1a5000 Exception <a 'java/lang/NoSuchMethodError': <clinit>> (0x00000000d74bfbc8) thrown at [C:\re\workspace\8-2-build-windows-amd64-cygwin\jdk8u121\8372\hotspot\src\share\vm\prims\jni.cpp, line 1613]
Event: 7.018 Thread 0x000000001a206800 Exception <a 'java/lang/NoSuchMethodError': <clinit>> (0x00000000d7470ad0) thrown at [C:\re\workspace\8-2-build-windows-amd64-cygwin\jdk8u121\8372\hotspot\src\share\vm\prims\jni.cpp, line 1613]
Event: 7.039 Thread 0x000000001a1a5000 Exception <a 'java/lang/NoSuchMethodError': <clinit>> (0x00000000d75dcfa8) thrown at [C:\re\workspace\8-2-build-windows-amd64-cygwin\jdk8u121\8372\hotspot\src\share\vm\prims\jni.cpp, line 1613]
Event: 7.047 Thread 0x000000001a1a5000 Exception <a 'java/lang/NoSuchMethodError': <clinit>> (0x00000000d75e90b0) thrown at [C:\re\workspace\8-2-build-windows-amd64-cygwin\jdk8u121\8372\hotspot\src\share\vm\prims\jni.cpp, line 1613]

Events (10 events):
Event: 7.427 loading class akka/stream/impl/FanoutPublisherSink
Event: 7.427 loading class akka/stream/impl/FanoutPublisherSink done
Event: 7.428 loading class akka/stream/impl/PublisherSink
Event: 7.428 loading class akka/stream/impl/PublisherSink done
Event: 7.428 loading class akka/stream/scaladsl/Sink
Event: 7.428 loading class akka/stream/scaladsl/Sink done
Event: 7.429 loading class akka/stream/SinkShape
Event: 7.429 loading class akka/stream/SinkShape done
Event: 7.429 loading class akka/stream/impl/CancelSink
Event: 7.429 loading class akka/stream/impl/CancelSink done


Dynamic libraries:
0x00007ff7f8190000 - 0x00007ff7f81c7000 	C:\Program Files\Java\jre1.8.0_121\bin\java.exe
0x00007ff91d690000 - 0x00007ff91d861000 	C:\WINDOWS\SYSTEM32\ntdll.dll
0x00007ff91c4c0000 - 0x00007ff91c56b000 	C:\WINDOWS\System32\KERNEL32.DLL
0x00007ff919fb0000 - 0x00007ff91a1cd000 	C:\WINDOWS\System32\KERNELBASE.dll
0x00007ff91ac20000 - 0x00007ff91acc2000 	C:\WINDOWS\System32\ADVAPI32.dll
0x00007ff91d5f0000 - 0x00007ff91d68e000 	C:\WINDOWS\System32\msvcrt.dll
0x00007ff91d3b0000 - 0x00007ff91d409000 	C:\WINDOWS\System32\sechost.dll
0x00007ff91c570000 - 0x00007ff91c691000 	C:\WINDOWS\System32\RPCRT4.dll
0x00007ff91d410000 - 0x00007ff91d575000 	C:\WINDOWS\System32\USER32.dll
0x00007ff91a910000 - 0x00007ff91a92e000 	C:\WINDOWS\System32\win32u.dll
0x00007ff91d1f0000 - 0x00007ff91d224000 	C:\WINDOWS\System32\GDI32.dll
0x00007ff919c80000 - 0x00007ff919e02000 	C:\WINDOWS\System32\gdi32full.dll
0x00007ff911690000 - 0x00007ff91190a000 	C:\WINDOWS\WinSxS\amd64_microsoft.windows.common-controls_6595b64144ccf1df_6.0.14393.953_none_42151e83c686086b\COMCTL32.dll
0x00007ff91ca30000 - 0x00007ff91ccf8000 	C:\WINDOWS\System32\combase.dll
0x00007ff919b80000 - 0x00007ff919c75000 	C:\WINDOWS\System32\ucrtbase.dll
0x00007ff91a9e0000 - 0x00007ff91aa4a000 	C:\WINDOWS\System32\bcryptPrimitives.dll
0x00007ff91c880000 - 0x00007ff91c8ae000 	C:\WINDOWS\System32\IMM32.DLL
0x000000005b830000 - 0x000000005b902000 	C:\Program Files\Java\jre1.8.0_121\bin\msvcr100.dll
0x000000005af90000 - 0x000000005b82b000 	C:\Program Files\Java\jre1.8.0_121\bin\server\jvm.dll
0x00007ff91c6a0000 - 0x00007ff91c6a8000 	C:\WINDOWS\System32\PSAPI.DLL
0x00007ff8fbdf0000 - 0x00007ff8fbdf9000 	C:\WINDOWS\SYSTEM32\WSOCK32.dll
0x00007ff917e40000 - 0x00007ff917e63000 	C:\WINDOWS\SYSTEM32\WINMM.dll
0x00007ff91d580000 - 0x00007ff91d5ea000 	C:\WINDOWS\System32\WS2_32.dll
0x00007ff911fc0000 - 0x00007ff911fca000 	C:\WINDOWS\SYSTEM32\VERSION.dll
0x00007ff917de0000 - 0x00007ff917e0b000 	C:\WINDOWS\SYSTEM32\WINMMBASE.dll
0x00007ff919eb0000 - 0x00007ff919ef2000 	C:\WINDOWS\System32\cfgmgr32.dll
0x000000005af80000 - 0x000000005af8f000 	C:\Program Files\Java\jre1.8.0_121\bin\verify.dll
0x000000005af50000 - 0x000000005af79000 	C:\Program Files\Java\jre1.8.0_121\bin\java.dll
0x000000005af30000 - 0x000000005af46000 	C:\Program Files\Java\jre1.8.0_121\bin\zip.dll
0x00007ff91acd0000 - 0x00007ff91c1d8000 	C:\WINDOWS\System32\SHELL32.dll
0x00007ff91a1d0000 - 0x00007ff91a8aa000 	C:\WINDOWS\System32\windows.storage.dll
0x00007ff919b10000 - 0x00007ff919b5c000 	C:\WINDOWS\System32\powrprof.dll
0x00007ff91d350000 - 0x00007ff91d3a2000 	C:\WINDOWS\System32\shlwapi.dll
0x00007ff919b60000 - 0x00007ff919b6f000 	C:\WINDOWS\System32\kernel.appcore.dll
0x00007ff919f00000 - 0x00007ff919fa9000 	C:\WINDOWS\System32\shcore.dll
0x00007ff919af0000 - 0x00007ff919b04000 	C:\WINDOWS\System32\profapi.dll
0x000000005af10000 - 0x000000005af2a000 	C:\Program Files\Java\jre1.8.0_121\bin\net.dll
0x00007ff9193c0000 - 0x00007ff91941c000 	C:\WINDOWS\system32\mswsock.dll
0x00007ff906670000 - 0x00007ff906686000 	C:\WINDOWS\system32\napinsp.dll
0x00007ff9065d0000 - 0x00007ff9065ea000 	C:\WINDOWS\system32\pnrpnsp.dll
0x00007ff917dc0000 - 0x00007ff917dd8000 	C:\WINDOWS\system32\NLAapi.dll
0x00007ff919180000 - 0x00007ff919221000 	C:\WINDOWS\SYSTEM32\DNSAPI.dll
0x00007ff91c920000 - 0x00007ff91c928000 	C:\WINDOWS\System32\NSI.dll
0x00007ff919140000 - 0x00007ff919178000 	C:\WINDOWS\SYSTEM32\IPHLPAPI.DLL
0x00007ff906480000 - 0x00007ff90648e000 	C:\WINDOWS\System32\winrnr.dll
0x00007ff9062c0000 - 0x00007ff9062d5000 	C:\WINDOWS\System32\wshbth.dll
0x00007ff90b8a0000 - 0x00007ff90b8aa000 	C:\Windows\System32\rasadhlp.dll
0x00007ff9115d0000 - 0x00007ff91163a000 	C:\WINDOWS\System32\fwpuclnt.dll
0x00007ff919a30000 - 0x00007ff919a5b000 	C:\WINDOWS\SYSTEM32\bcrypt.dll
0x00007ff919560000 - 0x00007ff919577000 	C:\WINDOWS\SYSTEM32\CRYPTSP.dll
0x00007ff918fc0000 - 0x00007ff918ff3000 	C:\WINDOWS\system32\rsaenh.dll
0x00007ff919240000 - 0x00007ff91925f000 	C:\WINDOWS\SYSTEM32\USERENV.dll
0x00007ff919580000 - 0x00007ff91958b000 	C:\WINDOWS\SYSTEM32\CRYPTBASE.dll
0x00007ff913860000 - 0x00007ff913876000 	C:\WINDOWS\SYSTEM32\dhcpcsvc6.DLL
0x00007ff9139f0000 - 0x00007ff913a0a000 	C:\WINDOWS\SYSTEM32\dhcpcsvc.DLL
0x000000005aef0000 - 0x000000005af01000 	C:\Program Files\Java\jre1.8.0_121\bin\nio.dll

VM Arguments:
jvm_args: -Djna.nosys=true 
java_command: sbt.ForkMain 57136
java_class_path (initial): C:\Users\Dener\Empregos\nubank\scala\Scala-Banking\target\scala-2.11\test-classes;C:\Users\Dener\Empregos\nubank\scala\Scala-Banking\target\web\classes\test;C:\Users\Dener\Empregos\nubank\scala\Scala-Banking\target\scala-2.11\classes;C:\Users\Dener\Empregos\nubank\scala\Scala-Banking\target\web\classes\main;C:\Users\Dener\.ivy2\cache\org.scala-lang\scala-library\jars\scala-library-2.11.8.jar;C:\Users\Dener\.ivy2\cache\com.typesafe.play\twirl-api_2.11\jars\twirl-api_2.11-1.1.1.jar;C:\Users\Dener\.ivy2\cache\org.apache.commons\commons-lang3\jars\commons-lang3-3.4.jar;C:\Users\Dener\.ivy2\cache\com.typesafe.play\play-server_2.11\jars\play-server_2.11-2.5.14.jar;C:\Users\Dener\.ivy2\cache\com.typesafe.play\play_2.11\jars\play_2.11-2.5.14.jar;C:\Users\Dener\.ivy2\cache\com.typesafe.play\build-link\jars\build-link-2.5.14.jar;C:\Users\Dener\.ivy2\cache\com.typesafe.play\play-exceptions\jars\play-exceptions-2.5.14.jar;C:\Users\Dener\.ivy2\cache\com.typesafe.play\play-iteratees_2.11\jars\play-iteratees_2.11-2.5.14.jar;C:\Users\Dener\.ivy2\cache\org.scala-stm\scala-stm_2.11\jars\scala-stm_2.11-0.7.jar;C:\Users\Dener\.ivy2\cache\com.typesafe\config\bundles\config-1.3.1.jar;C:\Users\Dener\.ivy2\cache\com.typesafe.play\play-json_2.11\jars\play-json_2.11-2.5.14.jar;C:\Users\Dener\.ivy2\cache\com.typesafe.play\play-functional_2.11\jars\play-functional_2.11-2.5.14.jar;C:\Users\Dener\.ivy2\cache\com.typesafe.play\play-datacommons_2.11\jars\play-datacommons_2.11-2.5.14.jar;C:\Users\Dener\.ivy2\cache\joda-time\joda-time\jars\joda-time-2.9.6.jar;C:\Users\Dener\.ivy2\cache\org.joda\joda-convert\jars\joda-convert-1.8.1.jar;C:\Users\Dener\.ivy2\cache\org.scala-lang\scala-reflect\jars\scala-reflect-2.11.8.jar;C:\Users\Dener\.ivy2\cache\com.fasterxml.jackson.core\jackson-core\bundles\jackson-core-2.7.8.jar;C:\Users\Dener\.ivy2\cache\com.fasterxml.jackson.core\jackson-annotations\bundles\jackson-annotations-2.7.8.jar;C:\Users\Dener\.ivy2\cache\com.fasterxml.jacks
Launcher Type: SUN_STANDARD

Environment Variables:
PATH=C:\ProgramData\Oracle\Java\javapath;C:\Windows\system32;C:\Windows;C:\Windows\System32\Wbem;C:\Windows\System32\WindowsPowerShell\v1.0\;C:\Program Files (x86)\NVIDIA Corporation\PhysX\Common;C:\WINDOWS\system32;C:\WINDOWS;C:\WINDOWS\System32\Wbem;C:\WINDOWS\System32\WindowsPowerShell\v1.0\;C:\Program Files (x86)\Skype\Phone\;C:\Program Files (x86)\sbt\bin;C:\Windows\system32;C:\Windows;C:\Windows\System32\Wbem;C:\Windows\System32\WindowsPowerShell\v1.0\;C:\Program Files (x86)\NVIDIA Corporation\PhysX\Common;C:\WINDOWS\system32;C:\WINDOWS;C:\WINDOWS\System32\Wbem;C:\WINDOWS\System32\WindowsPowerShell\v1.0\;C:\Program Files (x86)\Skype\Phone\;C:\Users\Dener\AppData\Local\Microsoft\WindowsApps;C:\Program Files (x86)\Microsoft VS Code\bin;C:\Python27;C:\Program Files\Java\jdk1.8.0_121\bin
USERNAME=Dener
OS=Windows_NT
PROCESSOR_IDENTIFIER=Intel64 Family 6 Model 58 Stepping 9, GenuineIntel



---------------  S Y S T E M  ---------------

OS: Windows 10.0 , 64 bit Build 14393 (10.0.14393.0)

CPU:total 4 (2 cores per cpu, 2 threads per core) family 6 model 58 stepping 9, cmov, cx8, fxsr, mmx, sse, sse2, sse3, ssse3, sse4.1, sse4.2, popcnt, avx, aes, clmul, erms, ht, tsc, tscinvbit, tscinv

Memory: 4k page, physical 8264500k(2419096k free), swap 9313076k(5364k free)

vm_info: Java HotSpot(TM) 64-Bit Server VM (25.121-b13) for windows-amd64 JRE (1.8.0_121-b13), built on Dec 12 2016 18:21:36 by "java_re" with MS VC++ 10.0 (VS2010)

time: Mon Apr 24 15:59:27 2017
elapsed time: 7 seconds (0d 0h 0m 7s)

