#
# There is insufficient memory for the Java Runtime Environment to continue.
# Native memory allocation (malloc) failed to allocate 377216 bytes for Chunk::new
# Possible reasons:
#   The system is out of physical RAM or swap space
#   In 32 bit mode, the process size limit was hit
# Possible solutions:
#   Reduce memory load on the system
#   Increase physical memory or swap space
#   Check if swap backing store is full
#   Use 64 bit Java on a 64 bit OS
#   Decrease Java heap size (-Xmx/-Xms)
#   Decrease number of Java threads
#   Decrease Java thread stack sizes (-Xss)
#   Set larger code cache with -XX:ReservedCodeCacheSize=
# This output file may be truncated or incomplete.
#
#  Out of Memory Error (allocation.cpp:390), pid=7068, tid=0x0000000000002b18
#
# JRE version: Java(TM) SE Runtime Environment (8.0_121-b13) (build 1.8.0_121-b13)
# Java VM: Java HotSpot(TM) 64-Bit Server VM (25.121-b13 mixed mode windows-amd64 compressed oops)
# Failed to write core dump. Minidumps are not enabled by default on client versions of Windows
#

---------------  T H R E A D  ---------------

Current thread (0x00000000172f3800):  JavaThread "C2 CompilerThread1" daemon [_thread_in_native, id=11032, stack(0x0000000018a40000,0x0000000018b40000)]

Stack: [0x0000000018a40000,0x0000000018b40000]
[error occurred during error reporting (printing stack bounds), id 0xc0000005]

Native frames: (J=compiled Java code, j=interpreted, Vv=VM code, C=native code)


Current CompileTask:
C2:   2398 1126   !   4       java.net.URL::<init> (543 bytes)


---------------  P R O C E S S  ---------------

Java Threads: ( => current thread )
  0x00000000172f0800 JavaThread "AsyncAppender-Worker-ASYNCSTDOUT" daemon [_thread_blocked, id=1716, stack(0x000000001b940000,0x000000001ba40000)]
  0x00000000172f2000 JavaThread "AsyncAppender-Worker-ASYNCFILE" daemon [_thread_blocked, id=10460, stack(0x000000001b840000,0x000000001b940000)]
  0x00000000172f1000 JavaThread "pool-1-thread-1" [_thread_in_native, id=2340, stack(0x000000001ae10000,0x000000001af10000)]
  0x00000000172f5000 JavaThread "Timer-0" [_thread_blocked, id=11852, stack(0x000000001ab10000,0x000000001ac10000)]
  0x00000000172f5800 JavaThread "ScalaTest-dispatcher" [_thread_blocked, id=8096, stack(0x000000001aa10000,0x000000001ab10000)]
  0x0000000018c87000 JavaThread "Service Thread" daemon [_thread_blocked, id=12232, stack(0x0000000019040000,0x0000000019140000)]
  0x00000000172ef000 JavaThread "C1 CompilerThread2" daemon [_thread_blocked, id=2568, stack(0x0000000018b40000,0x0000000018c40000)]
=>0x00000000172f3800 JavaThread "C2 CompilerThread1" daemon [_thread_in_native, id=11032, stack(0x0000000018a40000,0x0000000018b40000)]
  0x00000000172ec800 JavaThread "C2 CompilerThread0" daemon [_thread_in_native, id=6188, stack(0x0000000018940000,0x0000000018a40000)]
  0x00000000172ea800 JavaThread "Attach Listener" daemon [_thread_blocked, id=11948, stack(0x0000000018840000,0x0000000018940000)]
  0x00000000172e9000 JavaThread "Signal Dispatcher" daemon [_thread_blocked, id=10700, stack(0x0000000018740000,0x0000000018840000)]
  0x00000000027be000 JavaThread "Finalizer" daemon [_thread_blocked, id=4328, stack(0x0000000018550000,0x0000000018650000)]
  0x00000000027b8800 JavaThread "Reference Handler" daemon [_thread_blocked, id=11576, stack(0x0000000018450000,0x0000000018550000)]
  0x00000000026c8000 JavaThread "main" [_thread_blocked, id=6524, stack(0x0000000002530000,0x0000000002630000)]

Other Threads:
  0x00000000172a7800 VMThread [stack: 0x0000000018350000,0x0000000018450000] [id=11216]
  0x0000000018d3e000 WatcherThread [stack: 0x0000000019140000,0x0000000019240000] [id=7628]

VM state:not at safepoint (normal execution)

VM Mutex/Monitor currently owned by a thread: None

Heap:
 PSYoungGen      total 38400K, used 22155K [0x00000000d5f80000, 0x00000000d8a00000, 0x0000000100000000)
  eden space 33280K, 51% used [0x00000000d5f80000,0x00000000d7026640,0x00000000d8000000)
  from space 5120K, 99% used [0x00000000d8000000,0x00000000d84fc650,0x00000000d8500000)
  to   space 5120K, 0% used [0x00000000d8500000,0x00000000d8500000,0x00000000d8a00000)
 ParOldGen       total 87552K, used 3273K [0x0000000081e00000, 0x0000000087380000, 0x00000000d5f80000)
  object space 87552K, 3% used [0x0000000081e00000,0x0000000082132478,0x0000000087380000)
 Metaspace       used 19652K, capacity 19830K, committed 20096K, reserved 1067008K
  class space    used 2857K, capacity 2925K, committed 2944K, reserved 1048576K

Card table byte_map: [0x0000000011b80000,0x0000000011f80000] byte_map_base: 0x0000000011771000

Marking Bits: (ParMarkBitMap*) 0x000000005b7ab6d0
 Begin Bits: [0x0000000012630000, 0x00000000145b8000)
 End Bits:   [0x00000000145b8000, 0x0000000016540000)

Polling page: 0x0000000002630000

CodeCache: size=245760Kb used=4129Kb max_used=4129Kb free=241630Kb
 bounds [0x00000000027c0000, 0x0000000002bd0000, 0x00000000117c0000]
 total_blobs=1546 nmethods=1132 adapters=327
 compilation: enabled

Compilation events (10 events):
Event: 2.385 Thread 0x00000000172ef000 1132       3       sun.misc.ProxyGenerator$ConstantPool$ValueEntry::write (190 bytes)
Event: 2.388 Thread 0x00000000172ef000 nmethod 1132 0x0000000002bc6650 code [0x0000000002bc6a40, 0x0000000002bc94e8]
Event: 2.388 Thread 0x00000000172ef000 1133       3       sun.misc.ProxyGenerator$ConstantPool$IndirectEntry::write (61 bytes)
Event: 2.389 Thread 0x00000000172ef000 nmethod 1133 0x0000000002bca1d0 code [0x0000000002bca3c0, 0x0000000002bcaec8]
Event: 2.389 Thread 0x00000000172ef000 1136       3       java.util.ArrayList::<init> (61 bytes)
Event: 2.390 Thread 0x00000000172ef000 nmethod 1136 0x0000000002bcb290 code [0x0000000002bcb4a0, 0x0000000002bcbf18]
Event: 2.390 Thread 0x00000000172ef000 1138       3       sun.misc.ProxyGenerator$ConstantPool::getNameAndType (30 bytes)
Event: 2.390 Thread 0x00000000172ef000 nmethod 1138 0x0000000002bcc390 code [0x0000000002bcc580, 0x0000000002bccc68]
Event: 2.390 Thread 0x00000000172ef000 1137       3       java.nio.HeapByteBuffer::_get (7 bytes)
Event: 2.391 Thread 0x00000000172ef000 nmethod 1137 0x0000000002bc3150 code [0x0000000002bc32a0, 0x0000000002bc3430]

GC Heap History (6 events):
Event: 0.954 GC heap before
{Heap before GC invocations=1 (full 0):
 PSYoungGen      total 38400K, used 33280K [0x00000000d5f80000, 0x00000000d8a00000, 0x0000000100000000)
  eden space 33280K, 100% used [0x00000000d5f80000,0x00000000d8000000,0x00000000d8000000)
  from space 5120K, 0% used [0x00000000d8500000,0x00000000d8500000,0x00000000d8a00000)
  to   space 5120K, 0% used [0x00000000d8000000,0x00000000d8000000,0x00000000d8500000)
 ParOldGen       total 87552K, used 0K [0x0000000081e00000, 0x0000000087380000, 0x00000000d5f80000)
  object space 87552K, 0% used [0x0000000081e00000,0x0000000081e00000,0x0000000087380000)
 Metaspace       used 9213K, capacity 9378K, committed 9600K, reserved 1056768K
  class space    used 1311K, capacity 1375K, committed 1408K, reserved 1048576K
Event: 0.963 GC heap after
Heap after GC invocations=1 (full 0):
 PSYoungGen      total 38400K, used 5113K [0x00000000d5f80000, 0x00000000d8a00000, 0x0000000100000000)
  eden space 33280K, 0% used [0x00000000d5f80000,0x00000000d5f80000,0x00000000d8000000)
  from space 5120K, 99% used [0x00000000d8000000,0x00000000d84fe710,0x00000000d8500000)
  to   space 5120K, 0% used [0x00000000d8500000,0x00000000d8500000,0x00000000d8a00000)
 ParOldGen       total 87552K, used 529K [0x0000000081e00000, 0x0000000087380000, 0x00000000d5f80000)
  object space 87552K, 0% used [0x0000000081e00000,0x0000000081e84668,0x0000000087380000)
 Metaspace       used 9213K, capacity 9378K, committed 9600K, reserved 1056768K
  class space    used 1311K, capacity 1375K, committed 1408K, reserved 1048576K
}
Event: 1.560 GC heap before
{Heap before GC invocations=2 (full 0):
 PSYoungGen      total 38400K, used 38393K [0x00000000d5f80000, 0x00000000d8a00000, 0x0000000100000000)
  eden space 33280K, 100% used [0x00000000d5f80000,0x00000000d8000000,0x00000000d8000000)
  from space 5120K, 99% used [0x00000000d8000000,0x00000000d84fe710,0x00000000d8500000)
  to   space 5120K, 0% used [0x00000000d8500000,0x00000000d8500000,0x00000000d8a00000)
 ParOldGen       total 87552K, used 529K [0x0000000081e00000, 0x0000000087380000, 0x00000000d5f80000)
  object space 87552K, 0% used [0x0000000081e00000,0x0000000081e84668,0x0000000087380000)
 Metaspace       used 13613K, capacity 13782K, committed 14080K, reserved 1060864K
  class space    used 1912K, capacity 1997K, committed 2048K, reserved 1048576K
Event: 1.566 GC heap after
Heap after GC invocations=2 (full 0):
 PSYoungGen      total 38400K, used 5117K [0x00000000d5f80000, 0x00000000d8a00000, 0x0000000100000000)
  eden space 33280K, 0% used [0x00000000d5f80000,0x00000000d5f80000,0x00000000d8000000)
  from space 5120K, 99% used [0x00000000d8500000,0x00000000d89ff590,0x00000000d8a00000)
  to   space 5120K, 0% used [0x00000000d8000000,0x00000000d8000000,0x00000000d8500000)
 ParOldGen       total 87552K, used 1319K [0x0000000081e00000, 0x0000000087380000, 0x00000000d5f80000)
  object space 87552K, 1% used [0x0000000081e00000,0x0000000081f49f68,0x0000000087380000)
 Metaspace       used 13613K, capacity 13782K, committed 14080K, reserved 1060864K
  class space    used 1912K, capacity 1997K, committed 2048K, reserved 1048576K
}
Event: 2.136 GC heap before
{Heap before GC invocations=3 (full 0):
 PSYoungGen      total 38400K, used 38397K [0x00000000d5f80000, 0x00000000d8a00000, 0x0000000100000000)
  eden space 33280K, 100% used [0x00000000d5f80000,0x00000000d8000000,0x00000000d8000000)
  from space 5120K, 99% used [0x00000000d8500000,0x00000000d89ff590,0x00000000d8a00000)
  to   space 5120K, 0% used [0x00000000d8000000,0x00000000d8000000,0x00000000d8500000)
 ParOldGen       total 87552K, used 1319K [0x0000000081e00000, 0x0000000087380000, 0x00000000d5f80000)
  object space 87552K, 1% used [0x0000000081e00000,0x0000000081f49f68,0x0000000087380000)
 Metaspace       used 17964K, capacity 18198K, committed 18560K, reserved 1064960K
  class space    used 2567K, capacity 2637K, committed 2688K, reserved 1048576K
Event: 2.143 GC heap after
Heap after GC invocations=3 (full 0):
 PSYoungGen      total 38400K, used 5105K [0x00000000d5f80000, 0x00000000d8a00000, 0x0000000100000000)
  eden space 33280K, 0% used [0x00000000d5f80000,0x00000000d5f80000,0x00000000d8000000)
  from space 5120K, 99% used [0x00000000d8000000,0x00000000d84fc650,0x00000000d8500000)
  to   space 5120K, 0% used [0x00000000d8500000,0x00000000d8500000,0x00000000d8a00000)
 ParOldGen       total 87552K, used 3273K [0x0000000081e00000, 0x0000000087380000, 0x00000000d5f80000)
  object space 87552K, 3% used [0x0000000081e00000,0x0000000082132478,0x0000000087380000)
 Metaspace       used 17964K, capacity 18198K, committed 18560K, reserved 1064960K
  class space    used 2567K, capacity 2637K, committed 2688K, reserved 1048576K
}

Deoptimization events (10 events):
Event: 1.874 Thread 0x00000000172f1000 Uncommon trap: reason=class_check action=maybe_recompile pc=0x0000000002b19864 method=java.util.AbstractCollection.isEmpty()Z @ 1
Event: 1.874 Thread 0x00000000172f1000 Uncommon trap: reason=class_check action=maybe_recompile pc=0x0000000002b19864 method=java.util.AbstractCollection.isEmpty()Z @ 1
Event: 1.875 Thread 0x00000000172f1000 Uncommon trap: reason=class_check action=maybe_recompile pc=0x0000000002b19864 method=java.util.AbstractCollection.isEmpty()Z @ 1
Event: 1.875 Thread 0x00000000172f1000 Uncommon trap: reason=class_check action=maybe_recompile pc=0x0000000002b19864 method=java.util.AbstractCollection.isEmpty()Z @ 1
Event: 1.918 Thread 0x00000000172f1000 Uncommon trap: reason=unstable_if action=reinterpret pc=0x0000000002a5f60c method=java.net.URL.<init>(Ljava/net/URL;Ljava/lang/String;Ljava/net/URLStreamHandler;)V @ 347
Event: 1.963 Thread 0x00000000172f1000 Uncommon trap: reason=bimorphic action=maybe_recompile pc=0x0000000002b28318 method=java.util.AbstractCollection.isEmpty()Z @ 1
Event: 1.966 Thread 0x00000000172f1000 Uncommon trap: reason=bimorphic action=maybe_recompile pc=0x0000000002b28318 method=java.util.AbstractCollection.isEmpty()Z @ 1
Event: 1.967 Thread 0x00000000172f1000 Uncommon trap: reason=bimorphic action=maybe_recompile pc=0x0000000002b28318 method=java.util.AbstractCollection.isEmpty()Z @ 1
Event: 1.967 Thread 0x00000000172f1000 Uncommon trap: reason=bimorphic action=maybe_recompile pc=0x0000000002b28318 method=java.util.AbstractCollection.isEmpty()Z @ 1
Event: 2.030 Thread 0x00000000172f1000 Uncommon trap: reason=unstable_if action=reinterpret pc=0x0000000002a15aa0 method=java.io.WinNTFileSystem.normalize(Ljava/lang/String;II)Ljava/lang/String; @ 8

Internal exceptions (10 events):
Event: 1.449 Thread 0x00000000172f5800 Exception <a 'java/lang/NoSuchMethodError': <clinit>> (0x00000000d7843620) thrown at [C:\re\workspace\8-2-build-windows-amd64-cygwin\jdk8u121\8372\hotspot\src\share\vm\prims\jni.cpp, line 1613]
Event: 1.451 Thread 0x00000000172f5800 Exception <a 'java/lang/NoSuchMethodError': <clinit>> (0x00000000d784a300) thrown at [C:\re\workspace\8-2-build-windows-amd64-cygwin\jdk8u121\8372\hotspot\src\share\vm\prims\jni.cpp, line 1613]
Event: 1.454 Thread 0x00000000172f5800 Exception <a 'java/lang/NoSuchMethodError': <clinit>> (0x00000000d78574f0) thrown at [C:\re\workspace\8-2-build-windows-amd64-cygwin\jdk8u121\8372\hotspot\src\share\vm\prims\jni.cpp, line 1613]
Event: 1.456 Thread 0x00000000172f5800 Exception <a 'java/lang/NoSuchMethodError': <clinit>> (0x00000000d785d038) thrown at [C:\re\workspace\8-2-build-windows-amd64-cygwin\jdk8u121\8372\hotspot\src\share\vm\prims\jni.cpp, line 1613]
Event: 1.507 Thread 0x00000000172f1000 Exception <a 'java/io/FileNotFoundException'> (0x00000000d7c1ec10) thrown at [C:\re\workspace\8-2-build-windows-amd64-cygwin\jdk8u121\8372\hotspot\src\share\vm\prims\jni.cpp, line 709]
Event: 1.834 Thread 0x00000000172f1000 Implicit null exception at 0x00000000029da856 to 0x00000000029dabf9
Event: 1.835 Thread 0x00000000172f1000 Implicit null exception at 0x00000000029c8b96 to 0x00000000029c8f39
Event: 2.383 Thread 0x00000000172f1000 Exception <a 'java/lang/ArrayIndexOutOfBoundsException'> (0x00000000d6f22120) thrown at [C:\re\workspace\8-2-build-windows-amd64-cygwin\jdk8u121\8372\hotspot\src\share\vm\runtime\sharedRuntime.cpp, line 605]
Event: 2.383 Thread 0x00000000172f1000 Exception <a 'java/lang/ArrayIndexOutOfBoundsException'> (0x00000000d6f23298) thrown at [C:\re\workspace\8-2-build-windows-amd64-cygwin\jdk8u121\8372\hotspot\src\share\vm\runtime\sharedRuntime.cpp, line 605]
Event: 2.395 Thread 0x00000000172f1000 Exception <a 'java/lang/ArrayIndexOutOfBoundsException'> (0x00000000d6faf088) thrown at [C:\re\workspace\8-2-build-windows-amd64-cygwin\jdk8u121\8372\hotspot\src\share\vm\runtime\sharedRuntime.cpp, line 605]

Events (10 events):
Event: 2.394 loading class sun/reflect/generics/tree/TypeVariableSignature
Event: 2.395 loading class sun/reflect/generics/tree/TypeVariableSignature done
Event: 2.395 loading class sun/reflect/generics/reflectiveObjects/TypeVariableImpl
Event: 2.395 loading class sun/reflect/generics/reflectiveObjects/LazyReflectiveObjectGenerator
Event: 2.395 loading class sun/reflect/generics/reflectiveObjects/LazyReflectiveObjectGenerator done
Event: 2.395 loading class sun/reflect/generics/reflectiveObjects/TypeVariableImpl done
Event: 2.395 loading class sun/reflect/generics/reflectiveObjects/ParameterizedTypeImpl
Event: 2.395 loading class sun/reflect/generics/reflectiveObjects/ParameterizedTypeImpl done
Event: 2.395 loading class com/google/inject/util/Providers$1
Event: 2.395 loading class com/google/inject/util/Providers$1 done


Dynamic libraries:
0x00007ff711b10000 - 0x00007ff711b47000 	C:\Program Files\Java\jre1.8.0_121\bin\java.exe
0x00007ff91d690000 - 0x00007ff91d861000 	C:\WINDOWS\SYSTEM32\ntdll.dll
0x00007ff91c4c0000 - 0x00007ff91c56b000 	C:\WINDOWS\System32\KERNEL32.DLL
0x00007ff919fb0000 - 0x00007ff91a1cd000 	C:\WINDOWS\System32\KERNELBASE.dll
0x00007ff91ac20000 - 0x00007ff91acc2000 	C:\WINDOWS\System32\ADVAPI32.dll
0x00007ff91d5f0000 - 0x00007ff91d68e000 	C:\WINDOWS\System32\msvcrt.dll
0x00007ff91d3b0000 - 0x00007ff91d409000 	C:\WINDOWS\System32\sechost.dll
0x00007ff91c570000 - 0x00007ff91c691000 	C:\WINDOWS\System32\RPCRT4.dll
0x00007ff91d410000 - 0x00007ff91d575000 	C:\WINDOWS\System32\USER32.dll
0x00007ff91a910000 - 0x00007ff91a92e000 	C:\WINDOWS\System32\win32u.dll
0x00007ff91d1f0000 - 0x00007ff91d224000 	C:\WINDOWS\System32\GDI32.dll
0x00007ff919c80000 - 0x00007ff919e02000 	C:\WINDOWS\System32\gdi32full.dll
0x00007ff911690000 - 0x00007ff91190a000 	C:\WINDOWS\WinSxS\amd64_microsoft.windows.common-controls_6595b64144ccf1df_6.0.14393.953_none_42151e83c686086b\COMCTL32.dll
0x00007ff91ca30000 - 0x00007ff91ccf8000 	C:\WINDOWS\System32\combase.dll
0x00007ff919b80000 - 0x00007ff919c75000 	C:\WINDOWS\System32\ucrtbase.dll
0x00007ff91a9e0000 - 0x00007ff91aa4a000 	C:\WINDOWS\System32\bcryptPrimitives.dll
0x00007ff91c880000 - 0x00007ff91c8ae000 	C:\WINDOWS\System32\IMM32.DLL
0x000000005b830000 - 0x000000005b902000 	C:\Program Files\Java\jre1.8.0_121\bin\msvcr100.dll
0x000000005af90000 - 0x000000005b82b000 	C:\Program Files\Java\jre1.8.0_121\bin\server\jvm.dll
0x00007ff91c6a0000 - 0x00007ff91c6a8000 	C:\WINDOWS\System32\PSAPI.DLL
0x00007ff917e40000 - 0x00007ff917e63000 	C:\WINDOWS\SYSTEM32\WINMM.dll
0x00007ff911fc0000 - 0x00007ff911fca000 	C:\WINDOWS\SYSTEM32\VERSION.dll
0x00007ff8fbdf0000 - 0x00007ff8fbdf9000 	C:\WINDOWS\SYSTEM32\WSOCK32.dll
0x00007ff91d580000 - 0x00007ff91d5ea000 	C:\WINDOWS\System32\WS2_32.dll
0x00000000024e0000 - 0x000000000250b000 	C:\WINDOWS\SYSTEM32\WINMMBASE.dll
0x00007ff919eb0000 - 0x00007ff919ef2000 	C:\WINDOWS\System32\cfgmgr32.dll
0x000000005af80000 - 0x000000005af8f000 	C:\Program Files\Java\jre1.8.0_121\bin\verify.dll
0x000000005af50000 - 0x000000005af79000 	C:\Program Files\Java\jre1.8.0_121\bin\java.dll
0x000000005af30000 - 0x000000005af46000 	C:\Program Files\Java\jre1.8.0_121\bin\zip.dll
0x00007ff91acd0000 - 0x00007ff91c1d8000 	C:\WINDOWS\System32\SHELL32.dll
0x00007ff91a1d0000 - 0x00007ff91a8aa000 	C:\WINDOWS\System32\windows.storage.dll
0x00007ff919b10000 - 0x00007ff919b5c000 	C:\WINDOWS\System32\powrprof.dll
0x00007ff91d350000 - 0x00007ff91d3a2000 	C:\WINDOWS\System32\shlwapi.dll
0x00007ff919b60000 - 0x00007ff919b6f000 	C:\WINDOWS\System32\kernel.appcore.dll
0x00007ff919f00000 - 0x00007ff919fa9000 	C:\WINDOWS\System32\shcore.dll
0x00007ff919af0000 - 0x00007ff919b04000 	C:\WINDOWS\System32\profapi.dll
0x000000005af10000 - 0x000000005af2a000 	C:\Program Files\Java\jre1.8.0_121\bin\net.dll
0x00007ff9193c0000 - 0x00007ff91941c000 	C:\WINDOWS\system32\mswsock.dll

VM Arguments:
jvm_args: -Djna.nosys=true 
java_command: sbt.ForkMain 64663
java_class_path (initial): C:\Users\Dener\Empregos\nubank\scala\Scala-Banking\target\scala-2.11\test-classes;C:\Users\Dener\Empregos\nubank\scala\Scala-Banking\target\web\classes\test;C:\Users\Dener\Empregos\nubank\scala\Scala-Banking\target\scala-2.11\classes;C:\Users\Dener\Empregos\nubank\scala\Scala-Banking\target\web\classes\main;C:\Users\Dener\.ivy2\cache\org.scala-lang\scala-library\jars\scala-library-2.11.8.jar;C:\Users\Dener\.ivy2\cache\com.typesafe.play\twirl-api_2.11\jars\twirl-api_2.11-1.1.1.jar;C:\Users\Dener\.ivy2\cache\org.apache.commons\commons-lang3\jars\commons-lang3-3.4.jar;C:\Users\Dener\.ivy2\cache\com.typesafe.play\play-server_2.11\jars\play-server_2.11-2.5.14.jar;C:\Users\Dener\.ivy2\cache\com.typesafe.play\play_2.11\jars\play_2.11-2.5.14.jar;C:\Users\Dener\.ivy2\cache\com.typesafe.play\build-link\jars\build-link-2.5.14.jar;C:\Users\Dener\.ivy2\cache\com.typesafe.play\play-exceptions\jars\play-exceptions-2.5.14.jar;C:\Users\Dener\.ivy2\cache\com.typesafe.play\play-iteratees_2.11\jars\play-iteratees_2.11-2.5.14.jar;C:\Users\Dener\.ivy2\cache\org.scala-stm\scala-stm_2.11\jars\scala-stm_2.11-0.7.jar;C:\Users\Dener\.ivy2\cache\com.typesafe\config\bundles\config-1.3.1.jar;C:\Users\Dener\.ivy2\cache\com.typesafe.play\play-json_2.11\jars\play-json_2.11-2.5.14.jar;C:\Users\Dener\.ivy2\cache\com.typesafe.play\play-functional_2.11\jars\play-functional_2.11-2.5.14.jar;C:\Users\Dener\.ivy2\cache\com.typesafe.play\play-datacommons_2.11\jars\play-datacommons_2.11-2.5.14.jar;C:\Users\Dener\.ivy2\cache\joda-time\joda-time\jars\joda-time-2.9.6.jar;C:\Users\Dener\.ivy2\cache\org.joda\joda-convert\jars\joda-convert-1.8.1.jar;C:\Users\Dener\.ivy2\cache\org.scala-lang\scala-reflect\jars\scala-reflect-2.11.8.jar;C:\Users\Dener\.ivy2\cache\com.fasterxml.jackson.core\jackson-core\bundles\jackson-core-2.7.8.jar;C:\Users\Dener\.ivy2\cache\com.fasterxml.jackson.core\jackson-annotations\bundles\jackson-annotations-2.7.8.jar;C:\Users\Dener\.ivy2\cache\com.fasterxml.jacks
Launcher Type: SUN_STANDARD

Environment Variables:
PATH=C:\ProgramData\Oracle\Java\javapath;C:\Windows\system32;C:\Windows;C:\Windows\System32\Wbem;C:\Windows\System32\WindowsPowerShell\v1.0\;C:\Program Files (x86)\NVIDIA Corporation\PhysX\Common;C:\WINDOWS\system32;C:\WINDOWS;C:\WINDOWS\System32\Wbem;C:\WINDOWS\System32\WindowsPowerShell\v1.0\;C:\Program Files (x86)\Skype\Phone\;C:\Program Files (x86)\sbt\bin;C:\Windows\system32;C:\Windows;C:\Windows\System32\Wbem;C:\Windows\System32\WindowsPowerShell\v1.0\;C:\Program Files (x86)\NVIDIA Corporation\PhysX\Common;C:\WINDOWS\system32;C:\WINDOWS;C:\WINDOWS\System32\Wbem;C:\WINDOWS\System32\WindowsPowerShell\v1.0\;C:\Program Files (x86)\Skype\Phone\;C:\Users\Dener\AppData\Local\Microsoft\WindowsApps;C:\Program Files (x86)\Microsoft VS Code\bin;C:\Python27;C:\Program Files\Java\jdk1.8.0_121\bin
USERNAME=Dener
OS=Windows_NT
PROCESSOR_IDENTIFIER=Intel64 Family 6 Model 58 Stepping 9, GenuineIntel



---------------  S Y S T E M  ---------------

OS: Windows 10.0 , 64 bit Build 14393 (10.0.14393.0)

CPU:total 4 (2 cores per cpu, 2 threads per core) family 6 model 58 stepping 9, cmov, cx8, fxsr, mmx, sse, sse2, sse3, ssse3, sse4.1, sse4.2, popcnt, avx, aes, clmul, erms, ht, tsc, tscinvbit, tscinv

Memory: 4k page, physical 8264500k(2177612k free), swap 9313076k(4148k free)

vm_info: Java HotSpot(TM) 64-Bit Server VM (25.121-b13) for windows-amd64 JRE (1.8.0_121-b13), built on Dec 12 2016 18:21:36 by "java_re" with MS VC++ 10.0 (VS2010)

time: Tue Apr 25 13:06:14 2017
elapsed time: 2 seconds (0d 0h 0m 2s)

