#
# There is insufficient memory for the Java Runtime Environment to continue.
# Native memory allocation (malloc) failed to allocate 555856 bytes for Chunk::new
# Possible reasons:
#   The system is out of physical RAM or swap space
#   In 32 bit mode, the process size limit was hit
# Possible solutions:
#   Reduce memory load on the system
#   Increase physical memory or swap space
#   Check if swap backing store is full
#   Use 64 bit Java on a 64 bit OS
#   Decrease Java heap size (-Xmx/-Xms)
#   Decrease number of Java threads
#   Decrease Java thread stack sizes (-Xss)
#   Set larger code cache with -XX:ReservedCodeCacheSize=
# This output file may be truncated or incomplete.
#
#  Out of Memory Error (allocation.cpp:390), pid=1324, tid=0x0000000000001f30
#
# JRE version: Java(TM) SE Runtime Environment (8.0_121-b13) (build 1.8.0_121-b13)
# Java VM: Java HotSpot(TM) 64-Bit Server VM (25.121-b13 mixed mode windows-amd64 compressed oops)
# Failed to write core dump. Minidumps are not enabled by default on client versions of Windows
#

---------------  T H R E A D  ---------------

Current thread (0x0000000017b9b800):  JavaThread "C2 CompilerThread0" daemon [_thread_in_native, id=7984, stack(0x00000000191e0000,0x00000000192e0000)]

Stack: [0x00000000191e0000,0x00000000192e0000]
[error occurred during error reporting (printing stack bounds), id 0xc0000005]

Native frames: (J=compiled Java code, j=interpreted, Vv=VM code, C=native code)


Current CompileTask:
C2:  13692 3700       4       java.lang.ClassLoader::defineClass (43 bytes)


---------------  P R O C E S S  ---------------

Java Threads: ( => current thread )
  0x000000001edab000 JavaThread "netty-event-loop-2" [_thread_in_native, id=8900, stack(0x0000000023c60000,0x0000000023d60000)]
  0x000000001eda9800 JavaThread "application-akka.actor.default-dispatcher-8" [_thread_blocked, id=5240, stack(0x0000000023b60000,0x0000000023c60000)]
  0x000000001eda8800 JavaThread "application-akka.actor.default-dispatcher-7" [_thread_blocked, id=9248, stack(0x0000000023a60000,0x0000000023b60000)]
  0x000000001ec5d000 JavaThread "application-akka.actor.default-dispatcher-6" [_thread_blocked, id=11040, stack(0x0000000023960000,0x0000000023a60000)]
  0x000000001ec5e800 JavaThread "application-akka.actor.default-dispatcher-5" [_thread_blocked, id=10600, stack(0x0000000023860000,0x0000000023960000)]
  0x000000001ec63800 JavaThread "application-akka.actor.default-dispatcher-4" [_thread_blocked, id=6340, stack(0x0000000023760000,0x0000000023860000)]
  0x000000001ec62000 JavaThread "application-akka.actor.default-dispatcher-3" [_thread_blocked, id=4168, stack(0x0000000023660000,0x0000000023760000)]
  0x000000001ec61800 JavaThread "application-akka.actor.default-dispatcher-2" [_thread_blocked, id=8312, stack(0x0000000023560000,0x0000000023660000)]
  0x000000001ec5d800 JavaThread "application-scheduler-1" [_thread_in_Java, id=10504, stack(0x0000000023460000,0x0000000023560000)]
  0x000000001ec63000 JavaThread "net.sf.ehcache.CacheManager@400226ad" daemon [_thread_blocked, id=8948, stack(0x0000000023260000,0x0000000023360000)]
  0x000000001ec5f000 JavaThread "AsyncAppender-Worker-ASYNCSTDOUT" daemon [_thread_blocked, id=9612, stack(0x0000000023160000,0x0000000023260000)]
  0x000000001ec60000 JavaThread "AsyncAppender-Worker-ASYNCFILE" daemon [_thread_blocked, id=1408, stack(0x0000000023060000,0x0000000023160000)]
  0x000000001ec60800 JavaThread "JS executor for com.gargoylesoftware.htmlunit.WebClient@56c79980" daemon [_thread_blocked, id=7744, stack(0x0000000022f60000,0x0000000023060000)]
  0x000000001a229800 JavaThread "pool-1-thread-1-ScalaTest-running-IntegrationSpec" [_thread_in_native, id=9728, stack(0x000000001b6b0000,0x000000001b7b0000)]
  0x000000001a49b000 JavaThread "Timer-0" [_thread_blocked, id=9996, stack(0x000000001b3b0000,0x000000001b4b0000)]
  0x000000001a497800 JavaThread "ScalaTest-dispatcher" [_thread_blocked, id=1916, stack(0x000000001b2b0000,0x000000001b3b0000)]
  0x0000000019413000 JavaThread "Service Thread" daemon [_thread_blocked, id=3120, stack(0x00000000198e0000,0x00000000199e0000)]
  0x00000000193eb800 JavaThread "C1 CompilerThread2" daemon [_thread_blocked, id=6580, stack(0x00000000197e0000,0x00000000198e0000)]
  0x0000000017beb800 JavaThread "C2 CompilerThread1" daemon [_thread_in_vm, id=8072, stack(0x00000000192e0000,0x00000000193e0000)]
=>0x0000000017b9b800 JavaThread "C2 CompilerThread0" daemon [_thread_in_native, id=7984, stack(0x00000000191e0000,0x00000000192e0000)]
  0x0000000017b99800 JavaThread "Attach Listener" daemon [_thread_blocked, id=10680, stack(0x00000000190e0000,0x00000000191e0000)]
  0x0000000017b87000 JavaThread "Signal Dispatcher" daemon [_thread_blocked, id=9772, stack(0x0000000018fe0000,0x00000000190e0000)]
  0x0000000017b80000 JavaThread "Finalizer" daemon [_thread_blocked, id=5168, stack(0x0000000018de0000,0x0000000018ee0000)]
  0x0000000003067800 JavaThread "Reference Handler" daemon [_thread_blocked, id=7816, stack(0x0000000018ce0000,0x0000000018de0000)]
  0x0000000002f78800 JavaThread "main" [_thread_blocked, id=10448, stack(0x0000000002e20000,0x0000000002f20000)]

Other Threads:
  0x0000000017b58800 VMThread [stack: 0x0000000018be0000,0x0000000018ce0000] [id=10768]
  0x0000000019468800 WatcherThread [stack: 0x00000000199e0000,0x0000000019ae0000] [id=3444]

VM state:not at safepoint (normal execution)

VM Mutex/Monitor currently owned by a thread: None

Heap:
 PSYoungGen      total 82944K, used 17093K [0x00000000d5f80000, 0x00000000dd300000, 0x0000000100000000)
  eden space 75776K, 13% used [0x00000000d5f80000,0x00000000d69385f8,0x00000000da980000)
  from space 7168K, 99% used [0x00000000db400000,0x00000000dbaf9138,0x00000000dbb00000)
  to   space 10752K, 0% used [0x00000000da980000,0x00000000da980000,0x00000000db400000)
 ParOldGen       total 88576K, used 14823K [0x0000000081e00000, 0x0000000087480000, 0x00000000d5f80000)
  object space 88576K, 16% used [0x0000000081e00000,0x0000000082c79e38,0x0000000087480000)
 Metaspace       used 46330K, capacity 46632K, committed 47144K, reserved 1089536K
  class space    used 7560K, capacity 7650K, committed 7720K, reserved 1048576K

Card table byte_map: [0x0000000012430000,0x0000000012830000] byte_map_base: 0x0000000012021000

Marking Bits: (ParMarkBitMap*) 0x000000005b7ab6d0
 Begin Bits: [0x0000000012ee0000, 0x0000000014e68000)
 End Bits:   [0x0000000014e68000, 0x0000000016df0000)

Polling page: 0x0000000002df0000

CodeCache: size=245760Kb used=11068Kb max_used=11079Kb free=234691Kb
 bounds [0x0000000003070000, 0x0000000003b60000, 0x0000000012070000]
 total_blobs=3958 nmethods=3405 adapters=464
 compilation: enabled

Compilation events (10 events):
Event: 13.655 Thread 0x00000000193eb800 3715   !   3       sun.nio.cs.StreamDecoder::readBytes (289 bytes)
Event: 13.657 Thread 0x00000000193eb800 nmethod 3715 0x0000000003b44cd0 code [0x0000000003b44f80, 0x0000000003b46288]
Event: 13.664 Thread 0x00000000193eb800 3716   !   3       java.util.concurrent.ConcurrentHashMap::putVal (362 bytes)
Event: 13.667 Thread 0x00000000193eb800 nmethod 3716 0x0000000003b46e90 code [0x0000000003b47140, 0x0000000003b48ad8]
Event: 13.677 Thread 0x00000000193eb800 3719       2       java.security.CodeSource::matchCerts (254 bytes)
Event: 13.678 Thread 0x00000000193eb800 nmethod 3719 0x0000000003b44010 code [0x0000000003b441e0, 0x0000000003b44798]
Event: 13.681 Thread 0x0000000017beb800 nmethod 3710 0x0000000003b4d350 code [0x0000000003b4d500, 0x0000000003b4e4e0]
Event: 13.681 Thread 0x0000000017beb800 3717       4       java.util.concurrent.ConcurrentHashMap::addCount (292 bytes)
Event: 13.682 Thread 0x00000000193eb800 3720   !   2       java.lang.ClassLoader::checkCerts (195 bytes)
Event: 13.684 Thread 0x00000000193eb800 nmethod 3720 0x0000000003b4c210 code [0x0000000003b4c440, 0x0000000003b4ccd8]

GC Heap History (10 events):
Event: 8.756 GC heap before
{Heap before GC invocations=8 (full 1):
 PSYoungGen      total 58880K, used 56305K [0x00000000d5f80000, 0x00000000da180000, 0x0000000100000000)
  eden space 50176K, 100% used [0x00000000d5f80000,0x00000000d9080000,0x00000000d9080000)
  from space 8704K, 70% used [0x00000000d9900000,0x00000000d9efc568,0x00000000da180000)
  to   space 8704K, 0% used [0x00000000d9080000,0x00000000d9080000,0x00000000d9900000)
 ParOldGen       total 58880K, used 6998K [0x0000000081e00000, 0x0000000085780000, 0x00000000d5f80000)
  object space 58880K, 11% used [0x0000000081e00000,0x00000000824d5be8,0x0000000085780000)
 Metaspace       used 32552K, capacity 32846K, committed 33200K, reserved 1077248K
  class space    used 4574K, capacity 4685K, committed 4784K, reserved 1048576K
Event: 8.777 GC heap after
Heap after GC invocations=8 (full 1):
 PSYoungGen      total 58880K, used 7326K [0x00000000d5f80000, 0x00000000dbd00000, 0x0000000100000000)
  eden space 50176K, 0% used [0x00000000d5f80000,0x00000000d5f80000,0x00000000d9080000)
  from space 8704K, 84% used [0x00000000d9080000,0x00000000d97a7858,0x00000000d9900000)
  to   space 9216K, 0% used [0x00000000db400000,0x00000000db400000,0x00000000dbd00000)
 ParOldGen       total 58880K, used 6998K [0x0000000081e00000, 0x0000000085780000, 0x00000000d5f80000)
  object space 58880K, 11% used [0x0000000081e00000,0x00000000824d5be8,0x0000000085780000)
 Metaspace       used 32552K, capacity 32846K, committed 33200K, reserved 1077248K
  class space    used 4574K, capacity 4685K, committed 4784K, reserved 1048576K
}
Event: 10.043 GC heap before
{Heap before GC invocations=9 (full 1):
 PSYoungGen      total 58880K, used 51194K [0x00000000d5f80000, 0x00000000dbd00000, 0x0000000100000000)
  eden space 50176K, 87% used [0x00000000d5f80000,0x00000000d8a57288,0x00000000d9080000)
  from space 8704K, 84% used [0x00000000d9080000,0x00000000d97a7858,0x00000000d9900000)
  to   space 9216K, 0% used [0x00000000db400000,0x00000000db400000,0x00000000dbd00000)
 ParOldGen       total 58880K, used 6998K [0x0000000081e00000, 0x0000000085780000, 0x00000000d5f80000)
  object space 58880K, 11% used [0x0000000081e00000,0x00000000824d5be8,0x0000000085780000)
 Metaspace       used 34965K, capacity 35226K, committed 35496K, reserved 1079296K
  class space    used 4844K, capacity 4943K, committed 5032K, reserved 1048576K
Event: 10.050 GC heap after
Heap after GC invocations=9 (full 1):
 PSYoungGen      total 83456K, used 5535K [0x00000000d5f80000, 0x00000000dbb00000, 0x0000000100000000)
  eden space 76288K, 0% used [0x00000000d5f80000,0x00000000d5f80000,0x00000000daa00000)
  from space 7168K, 77% used [0x00000000db400000,0x00000000db967df8,0x00000000dbb00000)
  to   space 8704K, 0% used [0x00000000daa00000,0x00000000daa00000,0x00000000db280000)
 ParOldGen       total 58880K, used 7006K [0x0000000081e00000, 0x0000000085780000, 0x00000000d5f80000)
  object space 58880K, 11% used [0x0000000081e00000,0x00000000824d7be8,0x0000000085780000)
 Metaspace       used 34965K, capacity 35226K, committed 35496K, reserved 1079296K
  class space    used 4844K, capacity 4943K, committed 5032K, reserved 1048576K
}
Event: 10.050 GC heap before
{Heap before GC invocations=10 (full 2):
 PSYoungGen      total 83456K, used 5535K [0x00000000d5f80000, 0x00000000dbb00000, 0x0000000100000000)
  eden space 76288K, 0% used [0x00000000d5f80000,0x00000000d5f80000,0x00000000daa00000)
  from space 7168K, 77% used [0x00000000db400000,0x00000000db967df8,0x00000000dbb00000)
  to   space 8704K, 0% used [0x00000000daa00000,0x00000000daa00000,0x00000000db280000)
 ParOldGen       total 58880K, used 7006K [0x0000000081e00000, 0x0000000085780000, 0x00000000d5f80000)
  object space 58880K, 11% used [0x0000000081e00000,0x00000000824d7be8,0x0000000085780000)
 Metaspace       used 34965K, capacity 35226K, committed 35496K, reserved 1079296K
  class space    used 4844K, capacity 4943K, committed 5032K, reserved 1048576K
Event: 10.115 GC heap after
Heap after GC invocations=10 (full 2):
 PSYoungGen      total 83456K, used 0K [0x00000000d5f80000, 0x00000000dbb00000, 0x0000000100000000)
  eden space 76288K, 0% used [0x00000000d5f80000,0x00000000d5f80000,0x00000000daa00000)
  from space 7168K, 0% used [0x00000000db400000,0x00000000db400000,0x00000000dbb00000)
  to   space 8704K, 0% used [0x00000000daa00000,0x00000000daa00000,0x00000000db280000)
 ParOldGen       total 88576K, used 9325K [0x0000000081e00000, 0x0000000087480000, 0x00000000d5f80000)
  object space 88576K, 10% used [0x0000000081e00000,0x000000008271b500,0x0000000087480000)
 Metaspace       used 34965K, capacity 35226K, committed 35496K, reserved 1079296K
  class space    used 4844K, capacity 4943K, committed 5032K, reserved 1048576K
}
Event: 11.389 GC heap before
{Heap before GC invocations=11 (full 2):
 PSYoungGen      total 83456K, used 76288K [0x00000000d5f80000, 0x00000000dbb00000, 0x0000000100000000)
  eden space 76288K, 100% used [0x00000000d5f80000,0x00000000daa00000,0x00000000daa00000)
  from space 7168K, 0% used [0x00000000db400000,0x00000000db400000,0x00000000dbb00000)
  to   space 8704K, 0% used [0x00000000daa00000,0x00000000daa00000,0x00000000db280000)
 ParOldGen       total 88576K, used 9325K [0x0000000081e00000, 0x0000000087480000, 0x00000000d5f80000)
  object space 88576K, 10% used [0x0000000081e00000,0x000000008271b500,0x0000000087480000)
 Metaspace       used 39133K, capacity 39428K, committed 39848K, reserved 1083392K
  class space    used 6471K, capacity 6550K, committed 6568K, reserved 1048576K
Event: 11.398 GC heap after
Heap after GC invocations=11 (full 2):
 PSYoungGen      total 84992K, used 6254K [0x00000000d5f80000, 0x00000000dbb00000, 0x0000000100000000)
  eden space 76288K, 0% used [0x00000000d5f80000,0x00000000d5f80000,0x00000000daa00000)
  from space 8704K, 71% used [0x00000000daa00000,0x00000000db01bbc8,0x00000000db280000)
  to   space 7168K, 0% used [0x00000000db400000,0x00000000db400000,0x00000000dbb00000)
 ParOldGen       total 88576K, used 9333K [0x0000000081e00000, 0x0000000087480000, 0x00000000d5f80000)
  object space 88576K, 10% used [0x0000000081e00000,0x000000008271d500,0x0000000087480000)
 Metaspace       used 39133K, capacity 39428K, committed 39848K, reserved 1083392K
  class space    used 6471K, capacity 6550K, committed 6568K, reserved 1048576K
}
Event: 13.476 GC heap before
{Heap before GC invocations=12 (full 2):
 PSYoungGen      total 84992K, used 82542K [0x00000000d5f80000, 0x00000000dbb00000, 0x0000000100000000)
  eden space 76288K, 100% used [0x00000000d5f80000,0x00000000daa00000,0x00000000daa00000)
  from space 8704K, 71% used [0x00000000daa00000,0x00000000db01bbc8,0x00000000db280000)
  to   space 7168K, 0% used [0x00000000db400000,0x00000000db400000,0x00000000dbb00000)
 ParOldGen       total 88576K, used 9333K [0x0000000081e00000, 0x0000000087480000, 0x00000000d5f80000)
  object space 88576K, 10% used [0x0000000081e00000,0x000000008271d500,0x0000000087480000)
 Metaspace       used 45749K, capacity 46070K, committed 46504K, reserved 1087488K
  class space    used 7465K, capacity 7547K, committed 7592K, reserved 1048576K
Event: 13.496 GC heap after
Heap after GC invocations=12 (full 2):
 PSYoungGen      total 82944K, used 7140K [0x00000000d5f80000, 0x00000000dd300000, 0x0000000100000000)
  eden space 75776K, 0% used [0x00000000d5f80000,0x00000000d5f80000,0x00000000da980000)
  from space 7168K, 99% used [0x00000000db400000,0x00000000dbaf9138,0x00000000dbb00000)
  to   space 10752K, 0% used [0x00000000da980000,0x00000000da980000,0x00000000db400000)
 ParOldGen       total 88576K, used 14823K [0x0000000081e00000, 0x0000000087480000, 0x00000000d5f80000)
  object space 88576K, 16% used [0x0000000081e00000,0x0000000082c79e38,0x0000000087480000)
 Metaspace       used 45749K, capacity 46070K, committed 46504K, reserved 1087488K
  class space    used 7465K, capacity 7547K, committed 7592K, reserved 1048576K
}

Deoptimization events (10 events):
Event: 13.507 Thread 0x000000001a229800 Uncommon trap: reason=class_check action=maybe_recompile pc=0x000000000379d324 method=java.util.HashMap.putMapEntries(Ljava/util/Map;Z)V @ 1
Event: 13.507 Thread 0x000000001a229800 Uncommon trap: reason=class_check action=maybe_recompile pc=0x000000000379d324 method=java.util.HashMap.putMapEntries(Ljava/util/Map;Z)V @ 1
Event: 13.507 Thread 0x000000001a229800 Uncommon trap: reason=class_check action=maybe_recompile pc=0x000000000379d324 method=java.util.HashMap.putMapEntries(Ljava/util/Map;Z)V @ 1
Event: 13.507 Thread 0x000000001a229800 Uncommon trap: reason=class_check action=maybe_recompile pc=0x0000000003325f14 method=java.util.jar.JarFile.getJarEntry(Ljava/lang/String;)Ljava/util/jar/JarEntry; @ 2
Event: 13.508 Thread 0x000000001a229800 Uncommon trap: reason=class_check action=maybe_recompile pc=0x0000000003325f14 method=java.util.jar.JarFile.getJarEntry(Ljava/lang/String;)Ljava/util/jar/JarEntry; @ 2
Event: 13.508 Thread 0x000000001a229800 Uncommon trap: reason=class_check action=maybe_recompile pc=0x0000000003325f14 method=java.util.jar.JarFile.getJarEntry(Ljava/lang/String;)Ljava/util/jar/JarEntry; @ 2
Event: 13.526 Thread 0x000000001a229800 Uncommon trap: reason=bimorphic action=maybe_recompile pc=0x00000000033b6370 method=java.util.Properties$LineReader.readLine()I @ 62
Event: 13.526 Thread 0x000000001a229800 Uncommon trap: reason=class_check action=maybe_recompile pc=0x00000000033b6340 method=java.util.Properties$LineReader.readLine()I @ 410
Event: 13.526 Thread 0x000000001a229800 Uncommon trap: reason=bimorphic action=maybe_recompile pc=0x00000000033b6370 method=java.util.Properties$LineReader.readLine()I @ 62
Event: 13.664 Thread 0x000000001a229800 Uncommon trap: reason=unstable_if action=reinterpret pc=0x00000000033a6230 method=java.util.concurrent.ConcurrentHashMap.putVal(Ljava/lang/Object;Ljava/lang/Object;Z)Ljava/lang/Object; @ 195

Internal exceptions (10 events):
Event: 7.497 Thread 0x000000001a497800 Exception <a 'java/lang/NoSuchMethodError': <clinit>> (0x00000000d6697d78) thrown at [C:\re\workspace\8-2-build-windows-amd64-cygwin\jdk8u121\8372\hotspot\src\share\vm\prims\jni.cpp, line 1613]
Event: 7.520 Thread 0x000000001a497800 Exception <a 'java/lang/NoSuchMethodError': <clinit>> (0x00000000d69ed690) thrown at [C:\re\workspace\8-2-build-windows-amd64-cygwin\jdk8u121\8372\hotspot\src\share\vm\prims\jni.cpp, line 1613]
Event: 7.549 Thread 0x000000001a497800 Exception <a 'java/lang/NoSuchMethodError': <clinit>> (0x00000000d6a2bc70) thrown at [C:\re\workspace\8-2-build-windows-amd64-cygwin\jdk8u121\8372\hotspot\src\share\vm\prims\jni.cpp, line 1613]
Event: 7.705 Thread 0x000000001a229800 Exception <a 'java/lang/NoSuchMethodError': <clinit>> (0x00000000d6afbc28) thrown at [C:\re\workspace\8-2-build-windows-amd64-cygwin\jdk8u121\8372\hotspot\src\share\vm\prims\jni.cpp, line 1613]
Event: 7.714 Thread 0x000000001a497800 Exception <a 'java/lang/NoSuchMethodError': <clinit>> (0x00000000d6a59028) thrown at [C:\re\workspace\8-2-build-windows-amd64-cygwin\jdk8u121\8372\hotspot\src\share\vm\prims\jni.cpp, line 1613]
Event: 7.715 Thread 0x000000001a229800 Exception <a 'java/lang/NoSuchMethodError': <clinit>> (0x00000000d6b04d60) thrown at [C:\re\workspace\8-2-build-windows-amd64-cygwin\jdk8u121\8372\hotspot\src\share\vm\prims\jni.cpp, line 1613]
Event: 7.722 Thread 0x000000001a229800 Exception <a 'java/lang/NoSuchMethodError': <clinit>> (0x00000000d6b0dc48) thrown at [C:\re\workspace\8-2-build-windows-amd64-cygwin\jdk8u121\8372\hotspot\src\share\vm\prims\jni.cpp, line 1613]
Event: 7.728 Thread 0x000000001a229800 Exception <a 'java/lang/NoSuchMethodError': <clinit>> (0x00000000d6b15638) thrown at [C:\re\workspace\8-2-build-windows-amd64-cygwin\jdk8u121\8372\hotspot\src\share\vm\prims\jni.cpp, line 1613]
Event: 9.893 Thread 0x000000001a229800 Implicit null exception at 0x000000000335e541 to 0x0000000003361525
Event: 12.555 Thread 0x000000001a229800 Exception <a 'java/lang/ClassCastException': sun.misc.Cleaner cannot be cast to java.lang.Runnable> (0x00000000d92a2a48) thrown at [C:\re\workspace\8-2-build-windows-amd64-cygwin\jdk8u121\8372\hotspot\src\share\vm\interpreter\interpreterRuntime.cpp, line 

Events (10 events):
Event: 13.675 loading class org/apache/http/TokenIterator
Event: 13.675 loading class org/apache/http/TokenIterator done
Event: 13.676 loading class org/apache/http/impl/client/DefaultConnectionKeepAliveStrategy
Event: 13.676 loading class org/apache/http/impl/client/DefaultConnectionKeepAliveStrategy done
Event: 13.678 loading class org/apache/http/HeaderElementIterator
Event: 13.678 loading class org/apache/http/HeaderElementIterator done
Event: 13.680 loading class org/apache/http/impl/client/TargetAuthenticationStrategy
Event: 13.680 loading class org/apache/http/impl/client/TargetAuthenticationStrategy done
Event: 13.681 loading class org/apache/http/impl/client/AuthenticationStrategyImpl
Event: 13.681 loading class org/apache/http/impl/client/AuthenticationStrategyImpl done


Dynamic libraries:
0x00007ff7f8190000 - 0x00007ff7f81c7000 	C:\Program Files\Java\jre1.8.0_121\bin\java.exe
0x00007ff91d690000 - 0x00007ff91d861000 	C:\WINDOWS\SYSTEM32\ntdll.dll
0x00007ff91c4c0000 - 0x00007ff91c56b000 	C:\WINDOWS\System32\KERNEL32.DLL
0x00007ff919fb0000 - 0x00007ff91a1cd000 	C:\WINDOWS\System32\KERNELBASE.dll
0x00007ff91ac20000 - 0x00007ff91acc2000 	C:\WINDOWS\System32\ADVAPI32.dll
0x00007ff91d5f0000 - 0x00007ff91d68e000 	C:\WINDOWS\System32\msvcrt.dll
0x00007ff91d3b0000 - 0x00007ff91d409000 	C:\WINDOWS\System32\sechost.dll
0x00007ff91c570000 - 0x00007ff91c691000 	C:\WINDOWS\System32\RPCRT4.dll
0x00007ff91d410000 - 0x00007ff91d575000 	C:\WINDOWS\System32\USER32.dll
0x00007ff91a910000 - 0x00007ff91a92e000 	C:\WINDOWS\System32\win32u.dll
0x00007ff91d1f0000 - 0x00007ff91d224000 	C:\WINDOWS\System32\GDI32.dll
0x00007ff919c80000 - 0x00007ff919e02000 	C:\WINDOWS\System32\gdi32full.dll
0x00007ff911690000 - 0x00007ff91190a000 	C:\WINDOWS\WinSxS\amd64_microsoft.windows.common-controls_6595b64144ccf1df_6.0.14393.953_none_42151e83c686086b\COMCTL32.dll
0x00007ff91ca30000 - 0x00007ff91ccf8000 	C:\WINDOWS\System32\combase.dll
0x00007ff919b80000 - 0x00007ff919c75000 	C:\WINDOWS\System32\ucrtbase.dll
0x00007ff91a9e0000 - 0x00007ff91aa4a000 	C:\WINDOWS\System32\bcryptPrimitives.dll
0x00007ff91c880000 - 0x00007ff91c8ae000 	C:\WINDOWS\System32\IMM32.DLL
0x000000005b830000 - 0x000000005b902000 	C:\Program Files\Java\jre1.8.0_121\bin\msvcr100.dll
0x000000005af90000 - 0x000000005b82b000 	C:\Program Files\Java\jre1.8.0_121\bin\server\jvm.dll
0x00007ff91c6a0000 - 0x00007ff91c6a8000 	C:\WINDOWS\System32\PSAPI.DLL
0x00007ff8fbdf0000 - 0x00007ff8fbdf9000 	C:\WINDOWS\SYSTEM32\WSOCK32.dll
0x00007ff91d580000 - 0x00007ff91d5ea000 	C:\WINDOWS\System32\WS2_32.dll
0x00007ff917e40000 - 0x00007ff917e63000 	C:\WINDOWS\SYSTEM32\WINMM.dll
0x00007ff911fc0000 - 0x00007ff911fca000 	C:\WINDOWS\SYSTEM32\VERSION.dll
0x00007ff917de0000 - 0x00007ff917e0b000 	C:\WINDOWS\SYSTEM32\WINMMBASE.dll
0x00007ff919eb0000 - 0x00007ff919ef2000 	C:\WINDOWS\System32\cfgmgr32.dll
0x000000005af80000 - 0x000000005af8f000 	C:\Program Files\Java\jre1.8.0_121\bin\verify.dll
0x000000005af50000 - 0x000000005af79000 	C:\Program Files\Java\jre1.8.0_121\bin\java.dll
0x000000005af30000 - 0x000000005af46000 	C:\Program Files\Java\jre1.8.0_121\bin\zip.dll
0x00007ff91acd0000 - 0x00007ff91c1d8000 	C:\WINDOWS\System32\SHELL32.dll
0x00007ff91a1d0000 - 0x00007ff91a8aa000 	C:\WINDOWS\System32\windows.storage.dll
0x00007ff919b10000 - 0x00007ff919b5c000 	C:\WINDOWS\System32\powrprof.dll
0x00007ff91d350000 - 0x00007ff91d3a2000 	C:\WINDOWS\System32\shlwapi.dll
0x00007ff919b60000 - 0x00007ff919b6f000 	C:\WINDOWS\System32\kernel.appcore.dll
0x00007ff919f00000 - 0x00007ff919fa9000 	C:\WINDOWS\System32\shcore.dll
0x00007ff919af0000 - 0x00007ff919b04000 	C:\WINDOWS\System32\profapi.dll
0x000000005af10000 - 0x000000005af2a000 	C:\Program Files\Java\jre1.8.0_121\bin\net.dll
0x00007ff9193c0000 - 0x00007ff91941c000 	C:\WINDOWS\system32\mswsock.dll
0x00007ff906670000 - 0x00007ff906686000 	C:\WINDOWS\system32\napinsp.dll
0x00007ff9065d0000 - 0x00007ff9065ea000 	C:\WINDOWS\system32\pnrpnsp.dll
0x00007ff917dc0000 - 0x00007ff917dd8000 	C:\WINDOWS\system32\NLAapi.dll
0x00007ff919180000 - 0x00007ff919221000 	C:\WINDOWS\SYSTEM32\DNSAPI.dll
0x00007ff91c920000 - 0x00007ff91c928000 	C:\WINDOWS\System32\NSI.dll
0x00007ff919140000 - 0x00007ff919178000 	C:\WINDOWS\SYSTEM32\IPHLPAPI.DLL
0x00007ff906480000 - 0x00007ff90648e000 	C:\WINDOWS\System32\winrnr.dll
0x00007ff9062c0000 - 0x00007ff9062d5000 	C:\WINDOWS\System32\wshbth.dll
0x00007ff90b8a0000 - 0x00007ff90b8aa000 	C:\Windows\System32\rasadhlp.dll
0x00007ff9115d0000 - 0x00007ff91163a000 	C:\WINDOWS\System32\fwpuclnt.dll
0x00007ff919a30000 - 0x00007ff919a5b000 	C:\WINDOWS\SYSTEM32\bcrypt.dll
0x00007ff919560000 - 0x00007ff919577000 	C:\WINDOWS\SYSTEM32\CRYPTSP.dll
0x00007ff918fc0000 - 0x00007ff918ff3000 	C:\WINDOWS\system32\rsaenh.dll
0x00007ff919240000 - 0x00007ff91925f000 	C:\WINDOWS\SYSTEM32\USERENV.dll
0x00007ff919580000 - 0x00007ff91958b000 	C:\WINDOWS\SYSTEM32\CRYPTBASE.dll
0x00007ff913860000 - 0x00007ff913876000 	C:\WINDOWS\SYSTEM32\dhcpcsvc6.DLL
0x00007ff9139f0000 - 0x00007ff913a0a000 	C:\WINDOWS\SYSTEM32\dhcpcsvc.DLL
0x000000005aef0000 - 0x000000005af01000 	C:\Program Files\Java\jre1.8.0_121\bin\nio.dll
0x000000005aec0000 - 0x000000005aee4000 	C:\Program Files\Java\jre1.8.0_121\bin\sunec.dll

VM Arguments:
jvm_args: -Djna.nosys=true 
java_command: sbt.ForkMain 57196
java_class_path (initial): C:\Users\Dener\Empregos\nubank\scala\Scala-Banking\target\scala-2.11\test-classes;C:\Users\Dener\Empregos\nubank\scala\Scala-Banking\target\web\classes\test;C:\Users\Dener\Empregos\nubank\scala\Scala-Banking\target\scala-2.11\classes;C:\Users\Dener\Empregos\nubank\scala\Scala-Banking\target\web\classes\main;C:\Users\Dener\.ivy2\cache\org.scala-lang\scala-library\jars\scala-library-2.11.8.jar;C:\Users\Dener\.ivy2\cache\com.typesafe.play\twirl-api_2.11\jars\twirl-api_2.11-1.1.1.jar;C:\Users\Dener\.ivy2\cache\org.apache.commons\commons-lang3\jars\commons-lang3-3.4.jar;C:\Users\Dener\.ivy2\cache\com.typesafe.play\play-server_2.11\jars\play-server_2.11-2.5.14.jar;C:\Users\Dener\.ivy2\cache\com.typesafe.play\play_2.11\jars\play_2.11-2.5.14.jar;C:\Users\Dener\.ivy2\cache\com.typesafe.play\build-link\jars\build-link-2.5.14.jar;C:\Users\Dener\.ivy2\cache\com.typesafe.play\play-exceptions\jars\play-exceptions-2.5.14.jar;C:\Users\Dener\.ivy2\cache\com.typesafe.play\play-iteratees_2.11\jars\play-iteratees_2.11-2.5.14.jar;C:\Users\Dener\.ivy2\cache\org.scala-stm\scala-stm_2.11\jars\scala-stm_2.11-0.7.jar;C:\Users\Dener\.ivy2\cache\com.typesafe\config\bundles\config-1.3.1.jar;C:\Users\Dener\.ivy2\cache\com.typesafe.play\play-json_2.11\jars\play-json_2.11-2.5.14.jar;C:\Users\Dener\.ivy2\cache\com.typesafe.play\play-functional_2.11\jars\play-functional_2.11-2.5.14.jar;C:\Users\Dener\.ivy2\cache\com.typesafe.play\play-datacommons_2.11\jars\play-datacommons_2.11-2.5.14.jar;C:\Users\Dener\.ivy2\cache\joda-time\joda-time\jars\joda-time-2.9.6.jar;C:\Users\Dener\.ivy2\cache\org.joda\joda-convert\jars\joda-convert-1.8.1.jar;C:\Users\Dener\.ivy2\cache\org.scala-lang\scala-reflect\jars\scala-reflect-2.11.8.jar;C:\Users\Dener\.ivy2\cache\com.fasterxml.jackson.core\jackson-core\bundles\jackson-core-2.7.8.jar;C:\Users\Dener\.ivy2\cache\com.fasterxml.jackson.core\jackson-annotations\bundles\jackson-annotations-2.7.8.jar;C:\Users\Dener\.ivy2\cache\com.fasterxml.jacks
Launcher Type: SUN_STANDARD

Environment Variables:
PATH=C:\ProgramData\Oracle\Java\javapath;C:\Windows\system32;C:\Windows;C:\Windows\System32\Wbem;C:\Windows\System32\WindowsPowerShell\v1.0\;C:\Program Files (x86)\NVIDIA Corporation\PhysX\Common;C:\WINDOWS\system32;C:\WINDOWS;C:\WINDOWS\System32\Wbem;C:\WINDOWS\System32\WindowsPowerShell\v1.0\;C:\Program Files (x86)\Skype\Phone\;C:\Program Files (x86)\sbt\bin;C:\Windows\system32;C:\Windows;C:\Windows\System32\Wbem;C:\Windows\System32\WindowsPowerShell\v1.0\;C:\Program Files (x86)\NVIDIA Corporation\PhysX\Common;C:\WINDOWS\system32;C:\WINDOWS;C:\WINDOWS\System32\Wbem;C:\WINDOWS\System32\WindowsPowerShell\v1.0\;C:\Program Files (x86)\Skype\Phone\;C:\Users\Dener\AppData\Local\Microsoft\WindowsApps;C:\Program Files (x86)\Microsoft VS Code\bin;C:\Python27;C:\Program Files\Java\jdk1.8.0_121\bin
USERNAME=Dener
OS=Windows_NT
PROCESSOR_IDENTIFIER=Intel64 Family 6 Model 58 Stepping 9, GenuineIntel



---------------  S Y S T E M  ---------------

OS: Windows 10.0 , 64 bit Build 14393 (10.0.14393.0)

CPU:total 4 (2 cores per cpu, 2 threads per core) family 6 model 58 stepping 9, cmov, cx8, fxsr, mmx, sse, sse2, sse3, ssse3, sse4.1, sse4.2, popcnt, avx, aes, clmul, erms, ht, tsc, tscinvbit, tscinv

Memory: 4k page, physical 8264500k(2493288k free), swap 9313076k(5144k free)

vm_info: Java HotSpot(TM) 64-Bit Server VM (25.121-b13) for windows-amd64 JRE (1.8.0_121-b13), built on Dec 12 2016 18:21:36 by "java_re" with MS VC++ 10.0 (VS2010)

time: Mon Apr 24 16:03:15 2017
elapsed time: 13 seconds (0d 0h 0m 13s)

