#
# There is insufficient memory for the Java Runtime Environment to continue.
# Native memory allocation (malloc) failed to allocate 306672 bytes for Chunk::new
# Possible reasons:
#   The system is out of physical RAM or swap space
#   In 32 bit mode, the process size limit was hit
# Possible solutions:
#   Reduce memory load on the system
#   Increase physical memory or swap space
#   Check if swap backing store is full
#   Use 64 bit Java on a 64 bit OS
#   Decrease Java heap size (-Xmx/-Xms)
#   Decrease number of Java threads
#   Decrease Java thread stack sizes (-Xss)
#   Set larger code cache with -XX:ReservedCodeCacheSize=
# This output file may be truncated or incomplete.
#
#  Out of Memory Error (allocation.cpp:390), pid=9120, tid=0x0000000000001a98
#
# JRE version: Java(TM) SE Runtime Environment (8.0_121-b13) (build 1.8.0_121-b13)
# Java VM: Java HotSpot(TM) 64-Bit Server VM (25.121-b13 mixed mode windows-amd64 compressed oops)
# Failed to write core dump. Minidumps are not enabled by default on client versions of Windows
#

---------------  T H R E A D  ---------------

Current thread (0x0000000017ceb800):  JavaThread "C2 CompilerThread0" daemon [_thread_in_native, id=6808, stack(0x0000000019330000,0x0000000019430000)]

Stack: [0x0000000019330000,0x0000000019430000]
[error occurred during error reporting (printing stack bounds), id 0xc0000005]

Native frames: (J=compiled Java code, j=interpreted, Vv=VM code, C=native code)


Current CompileTask:
C2:   3237  714       4       sun.misc.URLClassPath::getResource (83 bytes)


---------------  P R O C E S S  ---------------

Java Threads: ( => current thread )
  0x000000001a4b5000 JavaThread "pool-1-thread-1" [_thread_in_native, id=4368, stack(0x000000001b800000,0x000000001b900000)]
  0x000000001a6a4800 JavaThread "Timer-0" [_thread_blocked, id=10420, stack(0x000000001b500000,0x000000001b600000)]
  0x000000001a67b000 JavaThread "ScalaTest-dispatcher" [_thread_blocked, id=8268, stack(0x000000001b400000,0x000000001b500000)]
  0x000000001954a800 JavaThread "Service Thread" daemon [_thread_blocked, id=1996, stack(0x0000000019a30000,0x0000000019b30000)]
  0x0000000019543000 JavaThread "C1 CompilerThread2" daemon [_thread_blocked, id=2788, stack(0x0000000019930000,0x0000000019a30000)]
  0x0000000017ced800 JavaThread "C2 CompilerThread1" daemon [_thread_blocked, id=5876, stack(0x0000000019430000,0x0000000019530000)]
=>0x0000000017ceb800 JavaThread "C2 CompilerThread0" daemon [_thread_in_native, id=6808, stack(0x0000000019330000,0x0000000019430000)]
  0x0000000017ce9800 JavaThread "Attach Listener" daemon [_thread_blocked, id=9820, stack(0x0000000019230000,0x0000000019330000)]
  0x0000000017ce8800 JavaThread "Signal Dispatcher" daemon [_thread_blocked, id=3944, stack(0x0000000019130000,0x0000000019230000)]
  0x0000000017cca800 JavaThread "Finalizer" daemon [_thread_blocked, id=10372, stack(0x0000000018f40000,0x0000000019040000)]
  0x00000000031b7800 JavaThread "Reference Handler" daemon [_thread_blocked, id=7624, stack(0x0000000018e40000,0x0000000018f40000)]
  0x00000000030c8800 JavaThread "main" [_thread_blocked, id=6600, stack(0x0000000002fc0000,0x00000000030c0000)]

Other Threads:
  0x0000000017ca8000 VMThread [stack: 0x0000000018d40000,0x0000000018e40000] [id=2076]
  0x00000000195ab800 WatcherThread [stack: 0x0000000019b30000,0x0000000019c30000] [id=10056]

VM state:not at safepoint (normal execution)

VM Mutex/Monitor currently owned by a thread: None

Heap:
 PSYoungGen      total 38400K, used 26238K [0x00000000d5f80000, 0x00000000d8a00000, 0x0000000100000000)
  eden space 33280K, 63% used [0x00000000d5f80000,0x00000000d7426a80,0x00000000d8000000)
  from space 5120K, 99% used [0x00000000d8000000,0x00000000d84f9168,0x00000000d8500000)
  to   space 5120K, 0% used [0x00000000d8500000,0x00000000d8500000,0x00000000d8a00000)
 ParOldGen       total 87552K, used 560K [0x0000000081e00000, 0x0000000087380000, 0x00000000d5f80000)
  object space 87552K, 0% used [0x0000000081e00000,0x0000000081e8c0d8,0x0000000087380000)
 Metaspace       used 11616K, capacity 11756K, committed 12032K, reserved 1058816K
  class space    used 1662K, capacity 1734K, committed 1792K, reserved 1048576K

Card table byte_map: [0x0000000012580000,0x0000000012980000] byte_map_base: 0x0000000012171000

Marking Bits: (ParMarkBitMap*) 0x000000005b7ab6d0
 Begin Bits: [0x0000000013030000, 0x0000000014fb8000)
 End Bits:   [0x0000000014fb8000, 0x0000000016f40000)

Polling page: 0x0000000000ff0000

CodeCache: size=245760Kb used=3068Kb max_used=3079Kb free=242691Kb
 bounds [0x00000000031c0000, 0x00000000034d0000, 0x00000000121c0000]
 total_blobs=1064 nmethods=714 adapters=263
 compilation: enabled

Compilation events (10 events):
Event: 3.092 Thread 0x0000000019543000 nmethod 710 0x00000000034bb250 code [0x00000000034bb3e0, 0x00000000034bb788]
Event: 3.092 Thread 0x0000000019543000  711       3       java.io.DataInputStream::readFully (9 bytes)
Event: 3.093 Thread 0x0000000019543000 nmethod 711 0x00000000034bb8d0 code [0x00000000034bba40, 0x00000000034bbc68]
Event: 3.095 Thread 0x0000000019543000  712       3       java.util.HashMap::resize (359 bytes)
Event: 3.097 Thread 0x0000000019543000 nmethod 712 0x00000000034bbd50 code [0x00000000034bbfa0, 0x00000000034bd1c8]
Event: 3.124 Thread 0x0000000017ced800 nmethod 709 0x00000000034c1690 code [0x00000000034c1880, 0x00000000034c2990]
Event: 3.134 Thread 0x0000000019543000  713       1       org.joda.time.field.BaseDateTimeField::isSupported (2 bytes)
Event: 3.134 Thread 0x0000000019543000 nmethod 713 0x00000000034c1150 code [0x00000000034c12a0, 0x00000000034c13b0]
Event: 3.157 Thread 0x0000000017ceb800  714       4       sun.misc.URLClassPath::getResource (83 bytes)
Event: 3.228 Thread 0x0000000017ced800  715       4       java.util.HashMap::getNode (148 bytes)

GC Heap History (2 events):
Event: 2.410 GC heap before
{Heap before GC invocations=1 (full 0):
 PSYoungGen      total 38400K, used 33280K [0x00000000d5f80000, 0x00000000d8a00000, 0x0000000100000000)
  eden space 33280K, 100% used [0x00000000d5f80000,0x00000000d8000000,0x00000000d8000000)
  from space 5120K, 0% used [0x00000000d8500000,0x00000000d8500000,0x00000000d8a00000)
  to   space 5120K, 0% used [0x00000000d8000000,0x00000000d8000000,0x00000000d8500000)
 ParOldGen       total 87552K, used 0K [0x0000000081e00000, 0x0000000087380000, 0x00000000d5f80000)
  object space 87552K, 0% used [0x0000000081e00000,0x0000000081e00000,0x0000000087380000)
 Metaspace       used 9234K, capacity 9378K, committed 9600K, reserved 1056768K
  class space    used 1312K, capacity 1375K, committed 1408K, reserved 1048576K
Event: 2.432 GC heap after
Heap after GC invocations=1 (full 0):
 PSYoungGen      total 38400K, used 5092K [0x00000000d5f80000, 0x00000000d8a00000, 0x0000000100000000)
  eden space 33280K, 0% used [0x00000000d5f80000,0x00000000d5f80000,0x00000000d8000000)
  from space 5120K, 99% used [0x00000000d8000000,0x00000000d84f9168,0x00000000d8500000)
  to   space 5120K, 0% used [0x00000000d8500000,0x00000000d8500000,0x00000000d8a00000)
 ParOldGen       total 87552K, used 560K [0x0000000081e00000, 0x0000000087380000, 0x00000000d5f80000)
  object space 87552K, 0% used [0x0000000081e00000,0x0000000081e8c0d8,0x0000000087380000)
 Metaspace       used 9234K, capacity 9378K, committed 9600K, reserved 1056768K
  class space    used 1312K, capacity 1375K, committed 1408K, reserved 1048576K
}

Deoptimization events (9 events):
Event: 0.461 Thread 0x00000000030c8800 Uncommon trap: reason=unstable_if action=reinterpret pc=0x00000000032cc7e0 method=java.lang.String.hashCode()I @ 14
Event: 0.818 Thread 0x00000000030c8800 Uncommon trap: reason=unstable_if action=reinterpret pc=0x000000000337aef0 method=java.lang.String.indexOf([CII[CIII)I @ 3
Event: 1.937 Thread 0x00000000030c8800 Uncommon trap: reason=predicate action=maybe_recompile pc=0x00000000033ea3a4 method=sun.net.www.ParseUtil.encodePath(Ljava/lang/String;Z)Ljava/lang/String; @ 36
Event: 1.941 Thread 0x00000000030c8800 Uncommon trap: reason=unstable_if action=reinterpret pc=0x00000000033edf54 method=sun.misc.URLClassPath.getLoader(I)Lsun/misc/URLClassPath$Loader; @ 36
Event: 1.942 Thread 0x00000000030c8800 Uncommon trap: reason=unstable_if action=reinterpret pc=0x00000000033e94dc method=sun.misc.URLClassPath.getLoader(I)Lsun/misc/URLClassPath$Loader; @ 36
Event: 1.942 Thread 0x00000000030c8800 Uncommon trap: reason=unstable_if action=reinterpret pc=0x000000000340218c method=sun.misc.MetaIndex.mayContain(Ljava/lang/String;)Z @ 13
Event: 2.534 Thread 0x00000000030c8800 Uncommon trap: reason=unstable_if action=reinterpret pc=0x0000000003469dac method=sun.misc.URLClassPath$FileLoader.getResource(Ljava/lang/String;Z)Lsun/misc/Resource; @ 139
Event: 2.617 Thread 0x00000000030c8800 Uncommon trap: reason=unstable_if action=reinterpret pc=0x0000000003465ddc method=java.util.HashMap.getNode(ILjava/lang/Object;)Ljava/util/HashMap$Node; @ 62
Event: 2.617 Thread 0x00000000030c8800 Uncommon trap: reason=unstable_if action=reinterpret pc=0x00000000034605f8 method=java.util.HashMap.getNode(ILjava/lang/Object;)Ljava/util/HashMap$Node; @ 62

Internal exceptions (10 events):
Event: 1.942 Thread 0x00000000030c8800 Exception <a 'java/security/PrivilegedActionException'> (0x00000000d727ede8) thrown at [C:\re\workspace\8-2-build-windows-amd64-cygwin\jdk8u121\8372\hotspot\src\share\vm\prims\jvm.cpp, line 1390]
Event: 1.942 Thread 0x00000000030c8800 Exception <a 'java/security/PrivilegedActionException'> (0x00000000d727f1e0) thrown at [C:\re\workspace\8-2-build-windows-amd64-cygwin\jdk8u121\8372\hotspot\src\share\vm\prims\jvm.cpp, line 1390]
Event: 1.943 Thread 0x00000000030c8800 Exception <a 'java/security/PrivilegedActionException'> (0x00000000d7283220) thrown at [C:\re\workspace\8-2-build-windows-amd64-cygwin\jdk8u121\8372\hotspot\src\share\vm\prims\jvm.cpp, line 1390]
Event: 1.943 Thread 0x00000000030c8800 Exception <a 'java/security/PrivilegedActionException'> (0x00000000d7283618) thrown at [C:\re\workspace\8-2-build-windows-amd64-cygwin\jdk8u121\8372\hotspot\src\share\vm\prims\jvm.cpp, line 1390]
Event: 2.484 Thread 0x000000001a67b000 Exception <a 'java/lang/NoSuchMethodError': <clinit>> (0x00000000d61969e0) thrown at [C:\re\workspace\8-2-build-windows-amd64-cygwin\jdk8u121\8372\hotspot\src\share\vm\prims\jni.cpp, line 1613]
Event: 2.492 Thread 0x000000001a67b000 Exception <a 'java/lang/NoSuchMethodError': <clinit>> (0x00000000d61a52a0) thrown at [C:\re\workspace\8-2-build-windows-amd64-cygwin\jdk8u121\8372\hotspot\src\share\vm\prims\jni.cpp, line 1613]
Event: 2.506 Thread 0x000000001a67b000 Exception <a 'java/lang/NoSuchMethodError': <clinit>> (0x00000000d61cc6a8) thrown at [C:\re\workspace\8-2-build-windows-amd64-cygwin\jdk8u121\8372\hotspot\src\share\vm\prims\jni.cpp, line 1613]
Event: 2.520 Thread 0x000000001a67b000 Exception <a 'java/lang/NoSuchMethodError': <clinit>> (0x00000000d623b710) thrown at [C:\re\workspace\8-2-build-windows-amd64-cygwin\jdk8u121\8372\hotspot\src\share\vm\prims\jni.cpp, line 1613]
Event: 2.528 Thread 0x000000001a67b000 Exception <a 'java/lang/NoSuchMethodError': <clinit>> (0x00000000d6253218) thrown at [C:\re\workspace\8-2-build-windows-amd64-cygwin\jdk8u121\8372\hotspot\src\share\vm\prims\jni.cpp, line 1613]
Event: 2.532 Thread 0x000000001a67b000 Exception <a 'java/lang/NoSuchMethodError': <clinit>> (0x00000000d6257e30) thrown at [C:\re\workspace\8-2-build-windows-amd64-cygwin\jdk8u121\8372\hotspot\src\share\vm\prims\jni.cpp, line 1613]

Events (10 events):
Event: 3.222 loading class scala/Tuple5
Event: 3.222 loading class scala/Tuple5 done
Event: 3.223 loading class scala/Product5
Event: 3.223 loading class scala/Product5 done
Event: 3.225 loading class scala/Product5$class
Event: 3.225 loading class scala/Product5$class done
Event: 3.226 loading class org/scalatest/events/LineInFile
Event: 3.226 loading class org/scalatest/events/LineInFile done
Event: 3.227 loading class org/scalatest/events/Location
Event: 3.227 loading class org/scalatest/events/Location done


Dynamic libraries:
0x00007ff793830000 - 0x00007ff793867000 	C:\Program Files\Java\jre1.8.0_121\bin\java.exe
0x00007ff91d690000 - 0x00007ff91d861000 	C:\WINDOWS\SYSTEM32\ntdll.dll
0x00007ff91c4c0000 - 0x00007ff91c56b000 	C:\WINDOWS\System32\KERNEL32.DLL
0x00007ff919fb0000 - 0x00007ff91a1cd000 	C:\WINDOWS\System32\KERNELBASE.dll
0x00007ff91ac20000 - 0x00007ff91acc2000 	C:\WINDOWS\System32\ADVAPI32.dll
0x00007ff91d5f0000 - 0x00007ff91d68e000 	C:\WINDOWS\System32\msvcrt.dll
0x00007ff91d3b0000 - 0x00007ff91d409000 	C:\WINDOWS\System32\sechost.dll
0x00007ff91c570000 - 0x00007ff91c691000 	C:\WINDOWS\System32\RPCRT4.dll
0x00007ff91d410000 - 0x00007ff91d575000 	C:\WINDOWS\System32\USER32.dll
0x00007ff91a910000 - 0x00007ff91a92e000 	C:\WINDOWS\System32\win32u.dll
0x00007ff91d1f0000 - 0x00007ff91d224000 	C:\WINDOWS\System32\GDI32.dll
0x00007ff919c80000 - 0x00007ff919e02000 	C:\WINDOWS\System32\gdi32full.dll
0x00007ff911690000 - 0x00007ff91190a000 	C:\WINDOWS\WinSxS\amd64_microsoft.windows.common-controls_6595b64144ccf1df_6.0.14393.953_none_42151e83c686086b\COMCTL32.dll
0x00007ff91ca30000 - 0x00007ff91ccf8000 	C:\WINDOWS\System32\combase.dll
0x00007ff919b80000 - 0x00007ff919c75000 	C:\WINDOWS\System32\ucrtbase.dll
0x00007ff91a9e0000 - 0x00007ff91aa4a000 	C:\WINDOWS\System32\bcryptPrimitives.dll
0x00007ff91c880000 - 0x00007ff91c8ae000 	C:\WINDOWS\System32\IMM32.DLL
0x000000005b830000 - 0x000000005b902000 	C:\Program Files\Java\jre1.8.0_121\bin\msvcr100.dll
0x000000005af90000 - 0x000000005b82b000 	C:\Program Files\Java\jre1.8.0_121\bin\server\jvm.dll
0x00007ff91c6a0000 - 0x00007ff91c6a8000 	C:\WINDOWS\System32\PSAPI.DLL
0x00007ff8fbdf0000 - 0x00007ff8fbdf9000 	C:\WINDOWS\SYSTEM32\WSOCK32.dll
0x00007ff91d580000 - 0x00007ff91d5ea000 	C:\WINDOWS\System32\WS2_32.dll
0x00007ff917e40000 - 0x00007ff917e63000 	C:\WINDOWS\SYSTEM32\WINMM.dll
0x00007ff911fc0000 - 0x00007ff911fca000 	C:\WINDOWS\SYSTEM32\VERSION.dll
0x00007ff917de0000 - 0x00007ff917e0b000 	C:\WINDOWS\SYSTEM32\WINMMBASE.dll
0x00007ff919eb0000 - 0x00007ff919ef2000 	C:\WINDOWS\System32\cfgmgr32.dll
0x000000005af80000 - 0x000000005af8f000 	C:\Program Files\Java\jre1.8.0_121\bin\verify.dll
0x000000005af50000 - 0x000000005af79000 	C:\Program Files\Java\jre1.8.0_121\bin\java.dll
0x000000005af30000 - 0x000000005af46000 	C:\Program Files\Java\jre1.8.0_121\bin\zip.dll
0x00007ff91acd0000 - 0x00007ff91c1d8000 	C:\WINDOWS\System32\SHELL32.dll
0x00007ff91a1d0000 - 0x00007ff91a8aa000 	C:\WINDOWS\System32\windows.storage.dll
0x00007ff919b10000 - 0x00007ff919b5c000 	C:\WINDOWS\System32\powrprof.dll
0x00007ff91d350000 - 0x00007ff91d3a2000 	C:\WINDOWS\System32\shlwapi.dll
0x00007ff919b60000 - 0x00007ff919b6f000 	C:\WINDOWS\System32\kernel.appcore.dll
0x00007ff919f00000 - 0x00007ff919fa9000 	C:\WINDOWS\System32\shcore.dll
0x00007ff919af0000 - 0x00007ff919b04000 	C:\WINDOWS\System32\profapi.dll
0x000000005af10000 - 0x000000005af2a000 	C:\Program Files\Java\jre1.8.0_121\bin\net.dll
0x00007ff9193c0000 - 0x00007ff91941c000 	C:\WINDOWS\system32\mswsock.dll

VM Arguments:
jvm_args: -Djna.nosys=true 
java_command: sbt.ForkMain 62521
java_class_path (initial): C:\Users\Dener\Empregos\nubank\scala\Scala-Banking\target\scala-2.11\test-classes;C:\Users\Dener\Empregos\nubank\scala\Scala-Banking\target\web\classes\test;C:\Users\Dener\Empregos\nubank\scala\Scala-Banking\target\scala-2.11\classes;C:\Users\Dener\Empregos\nubank\scala\Scala-Banking\target\web\classes\main;C:\Users\Dener\.ivy2\cache\org.scala-lang\scala-library\jars\scala-library-2.11.8.jar;C:\Users\Dener\.ivy2\cache\com.typesafe.play\twirl-api_2.11\jars\twirl-api_2.11-1.1.1.jar;C:\Users\Dener\.ivy2\cache\org.apache.commons\commons-lang3\jars\commons-lang3-3.4.jar;C:\Users\Dener\.ivy2\cache\com.typesafe.play\play-server_2.11\jars\play-server_2.11-2.5.14.jar;C:\Users\Dener\.ivy2\cache\com.typesafe.play\play_2.11\jars\play_2.11-2.5.14.jar;C:\Users\Dener\.ivy2\cache\com.typesafe.play\build-link\jars\build-link-2.5.14.jar;C:\Users\Dener\.ivy2\cache\com.typesafe.play\play-exceptions\jars\play-exceptions-2.5.14.jar;C:\Users\Dener\.ivy2\cache\com.typesafe.play\play-iteratees_2.11\jars\play-iteratees_2.11-2.5.14.jar;C:\Users\Dener\.ivy2\cache\org.scala-stm\scala-stm_2.11\jars\scala-stm_2.11-0.7.jar;C:\Users\Dener\.ivy2\cache\com.typesafe\config\bundles\config-1.3.1.jar;C:\Users\Dener\.ivy2\cache\com.typesafe.play\play-json_2.11\jars\play-json_2.11-2.5.14.jar;C:\Users\Dener\.ivy2\cache\com.typesafe.play\play-functional_2.11\jars\play-functional_2.11-2.5.14.jar;C:\Users\Dener\.ivy2\cache\com.typesafe.play\play-datacommons_2.11\jars\play-datacommons_2.11-2.5.14.jar;C:\Users\Dener\.ivy2\cache\joda-time\joda-time\jars\joda-time-2.9.6.jar;C:\Users\Dener\.ivy2\cache\org.joda\joda-convert\jars\joda-convert-1.8.1.jar;C:\Users\Dener\.ivy2\cache\org.scala-lang\scala-reflect\jars\scala-reflect-2.11.8.jar;C:\Users\Dener\.ivy2\cache\com.fasterxml.jackson.core\jackson-core\bundles\jackson-core-2.7.8.jar;C:\Users\Dener\.ivy2\cache\com.fasterxml.jackson.core\jackson-annotations\bundles\jackson-annotations-2.7.8.jar;C:\Users\Dener\.ivy2\cache\com.fasterxml.jacks
Launcher Type: SUN_STANDARD

Environment Variables:
PATH=C:\ProgramData\Oracle\Java\javapath;C:\Windows\system32;C:\Windows;C:\Windows\System32\Wbem;C:\Windows\System32\WindowsPowerShell\v1.0\;C:\Program Files (x86)\NVIDIA Corporation\PhysX\Common;C:\WINDOWS\system32;C:\WINDOWS;C:\WINDOWS\System32\Wbem;C:\WINDOWS\System32\WindowsPowerShell\v1.0\;C:\Program Files (x86)\Skype\Phone\;C:\Program Files (x86)\sbt\bin;C:\Windows\system32;C:\Windows;C:\Windows\System32\Wbem;C:\Windows\System32\WindowsPowerShell\v1.0\;C:\Program Files (x86)\NVIDIA Corporation\PhysX\Common;C:\WINDOWS\system32;C:\WINDOWS;C:\WINDOWS\System32\Wbem;C:\WINDOWS\System32\WindowsPowerShell\v1.0\;C:\Program Files (x86)\Skype\Phone\;C:\Users\Dener\AppData\Local\Microsoft\WindowsApps;C:\Program Files (x86)\Microsoft VS Code\bin;C:\Python27;C:\Program Files\Java\jdk1.8.0_121\bin
USERNAME=Dener
OS=Windows_NT
PROCESSOR_IDENTIFIER=Intel64 Family 6 Model 58 Stepping 9, GenuineIntel



---------------  S Y S T E M  ---------------

OS: Windows 10.0 , 64 bit Build 14393 (10.0.14393.0)

CPU:total 4 (2 cores per cpu, 2 threads per core) family 6 model 58 stepping 9, cmov, cx8, fxsr, mmx, sse, sse2, sse3, ssse3, sse4.1, sse4.2, popcnt, avx, aes, clmul, erms, ht, tsc, tscinvbit, tscinv

Memory: 4k page, physical 8264500k(2066328k free), swap 9313076k(4004k free)

vm_info: Java HotSpot(TM) 64-Bit Server VM (25.121-b13) for windows-amd64 JRE (1.8.0_121-b13), built on Dec 12 2016 18:21:36 by "java_re" with MS VC++ 10.0 (VS2010)

time: Tue Apr 25 11:24:54 2017
elapsed time: 3 seconds (0d 0h 0m 3s)

