#
# There is insufficient memory for the Java Runtime Environment to continue.
# Native memory allocation (malloc) failed to allocate 32744 bytes for ChunkPool::allocate
# Possible reasons:
#   The system is out of physical RAM or swap space
#   In 32 bit mode, the process size limit was hit
# Possible solutions:
#   Reduce memory load on the system
#   Increase physical memory or swap space
#   Check if swap backing store is full
#   Use 64 bit Java on a 64 bit OS
#   Decrease Java heap size (-Xmx/-Xms)
#   Decrease number of Java threads
#   Decrease Java thread stack sizes (-Xss)
#   Set larger code cache with -XX:ReservedCodeCacheSize=
# This output file may be truncated or incomplete.
#
#  Out of Memory Error (allocation.cpp:273), pid=2812, tid=0x0000000000002a84
#
# JRE version: Java(TM) SE Runtime Environment (8.0_121-b13) (build 1.8.0_121-b13)
# Java VM: Java HotSpot(TM) 64-Bit Server VM (25.121-b13 mixed mode windows-amd64 compressed oops)
# Failed to write core dump. Minidumps are not enabled by default on client versions of Windows
#

---------------  T H R E A D  ---------------

Current thread (0x000000000d45f800):  JavaThread "C2 CompilerThread1" daemon [_thread_in_native, id=10884, stack(0x000000000ebc0000,0x000000000ecc0000)]

Stack: [0x000000000ebc0000,0x000000000ecc0000]
[error occurred during error reporting (printing stack bounds), id 0xc0000005]

Native frames: (J=compiled Java code, j=interpreted, Vv=VM code, C=native code)


Current CompileTask:
C2:  68642 8144       4       scala.tools.nsc.ast.parser.Scanners$Scanner::fetchToken (904 bytes)


---------------  P R O C E S S  ---------------

Java Threads: ( => current thread )
  0x0000000014bf3800 JavaThread "pool-4-thread-5" [_thread_blocked, id=8248, stack(0x0000000018120000,0x0000000018220000)]
  0x0000000011830000 JavaThread "pool-4-thread-4" [_thread_blocked, id=9344, stack(0x0000000018020000,0x0000000018120000)]
  0x0000000011831800 JavaThread "pool-4-thread-3" [_thread_blocked, id=844, stack(0x0000000017f20000,0x0000000018020000)]
  0x000000000eecd800 JavaThread "pool-4-thread-2" [_thread_blocked, id=11104, stack(0x0000000017e20000,0x0000000017f20000)]
  0x00000000134f1000 JavaThread "pool-4-thread-1" [_thread_in_Java, id=10536, stack(0x0000000017d20000,0x0000000017e20000)]
  0x000000000ee92000 JavaThread "sbt-web-akka.actor.default-dispatcher-3" [_thread_blocked, id=5204, stack(0x0000000017a20000,0x0000000017b20000)]
  0x0000000010fa8800 JavaThread "sbt-web-scheduler-1" [_thread_blocked, id=5196, stack(0x0000000017820000,0x0000000017920000)]
  0x000000000edf8800 JavaThread "Service Thread" daemon [_thread_blocked, id=9524, stack(0x000000000f1c0000,0x000000000f2c0000)]
  0x000000000d464800 JavaThread "C1 CompilerThread2" daemon [_thread_in_native, id=3096, stack(0x000000000ecc0000,0x000000000edc0000)]
=>0x000000000d45f800 JavaThread "C2 CompilerThread1" daemon [_thread_in_native, id=10884, stack(0x000000000ebc0000,0x000000000ecc0000)]
  0x000000000d45d800 JavaThread "C2 CompilerThread0" daemon [_thread_in_native, id=5156, stack(0x000000000eac0000,0x000000000ebc0000)]
  0x000000000d45b800 JavaThread "Attach Listener" daemon [_thread_blocked, id=10452, stack(0x000000000e9c0000,0x000000000eac0000)]
  0x000000000d467000 JavaThread "Signal Dispatcher" daemon [_thread_blocked, id=5372, stack(0x000000000e8c0000,0x000000000e9c0000)]
  0x00000000032ac000 JavaThread "Finalizer" daemon [_thread_blocked, id=11164, stack(0x000000000e6d0000,0x000000000e7d0000)]
  0x00000000032a0000 JavaThread "Reference Handler" daemon [_thread_blocked, id=4084, stack(0x000000000e5d0000,0x000000000e6d0000)]
  0x00000000031ae000 JavaThread "main" [_thread_blocked, id=7084, stack(0x0000000002fc0000,0x00000000030c0000)]

Other Threads:
  0x000000000d428000 VMThread [stack: 0x000000000e4d0000,0x000000000e5d0000] [id=6380]
  0x000000000edfe800 WatcherThread [stack: 0x000000000f2c0000,0x000000000f3c0000] [id=10600]

VM state:not at safepoint (normal execution)

VM Mutex/Monitor currently owned by a thread: None

Heap:
 PSYoungGen      total 138752K, used 14055K [0x00000000f5580000, 0x0000000100000000, 0x0000000100000000)
  eden space 111104K, 12% used [0x00000000f5580000,0x00000000f6339c48,0x00000000fc200000)
  from space 27648K, 0% used [0x00000000fc200000,0x00000000fc200000,0x00000000fdd00000)
  to   space 35840K, 0% used [0x00000000fdd00000,0x00000000fdd00000,0x0000000100000000)
 ParOldGen       total 190976K, used 68223K [0x00000000e0000000, 0x00000000eba80000, 0x00000000f5580000)
  object space 190976K, 35% used [0x00000000e0000000,0x00000000e429fd30,0x00000000eba80000)
 Metaspace       used 71390K, capacity 71938K, committed 72280K, reserved 1107968K
  class space    used 13187K, capacity 13390K, committed 13440K, reserved 1048576K

Card table byte_map: [0x000000000b4b0000,0x000000000b5c0000] byte_map_base: 0x000000000adb0000

Marking Bits: (ParMarkBitMap*) 0x000000005b7ab6d0
 Begin Bits: [0x000000000b9c0000, 0x000000000c1c0000)
 End Bits:   [0x000000000c1c0000, 0x000000000c9c0000)

Polling page: 0x0000000001760000

CodeCache: size=131072Kb used=18009Kb max_used=18009Kb free=113062Kb
 bounds [0x00000000032b0000, 0x0000000004460000, 0x000000000b2b0000]
 total_blobs=7473 nmethods=6992 adapters=390
 compilation: enabled

Compilation events (10 events):
Event: 68.603 Thread 0x000000000d464800 nmethod 8169 0x0000000004458650 code [0x00000000044587e0, 0x0000000004458e38]
Event: 68.603 Thread 0x000000000d464800 8170       3       scala.collection.immutable.Range::gap (12 bytes)
Event: 68.603 Thread 0x000000000d464800 nmethod 8170 0x0000000004459050 code [0x00000000044591a0, 0x0000000004459430]
Event: 68.603 Thread 0x000000000d464800 8171       3       scala.reflect.internal.SymbolTable::popPhase (20 bytes)
Event: 68.604 Thread 0x000000000d464800 nmethod 8171 0x00000000044594d0 code [0x0000000004459660, 0x0000000004459bb8]
Event: 68.606 Thread 0x000000000d464800 8172       1       scala.reflect.internal.pickling.PickleBuffer::readIndex_$eq (6 bytes)
Event: 68.606 Thread 0x000000000d464800 nmethod 8172 0x0000000004459d10 code [0x0000000004459e60, 0x0000000004459f70]
Event: 68.606 Thread 0x000000000d464800 8173       3       scala.reflect.internal.Types$ClassTypeRef$class::$init$ (1 bytes)
Event: 68.606 Thread 0x000000000d464800 nmethod 8173 0x0000000004459fd0 code [0x000000000445a120, 0x000000000445a250]
Event: 68.607 Thread 0x000000000d464800 8174       1       scala.reflect.internal.StdNames$TermNames::LOCALDUMMY_PREFIX (5 bytes)

GC Heap History (10 events):
Event: 63.564 GC heap before
{Heap before GC invocations=16 (full 4):
 PSYoungGen      total 96768K, used 92892K [0x00000000f5580000, 0x00000000fd000000, 0x0000000100000000)
  eden space 85504K, 100% used [0x00000000f5580000,0x00000000fa900000,0x00000000fa900000)
  from space 11264K, 65% used [0x00000000fa900000,0x00000000fb037358,0x00000000fb400000)
  to   space 11264K, 0% used [0x00000000fc500000,0x00000000fc500000,0x00000000fd000000)
 ParOldGen       total 99328K, used 14547K [0x00000000e0000000, 0x00000000e6100000, 0x00000000f5580000)
  object space 99328K, 14% used [0x00000000e0000000,0x00000000e0e34e20,0x00000000e6100000)
 Metaspace       used 50018K, capacity 50322K, committed 50688K, reserved 1089536K
  class space    used 9751K, capacity 9859K, committed 9984K, reserved 1048576K
Event: 63.583 GC heap after
Heap after GC invocations=16 (full 4):
 PSYoungGen      total 111104K, used 11252K [0x00000000f5580000, 0x00000000fd100000, 0x0000000100000000)
  eden space 99840K, 0% used [0x00000000f5580000,0x00000000f5580000,0x00000000fb700000)
  from space 11264K, 99% used [0x00000000fc500000,0x00000000fcffd280,0x00000000fd000000)
  to   space 13312K, 0% used [0x00000000fb700000,0x00000000fb700000,0x00000000fc400000)
 ParOldGen       total 99328K, used 16933K [0x00000000e0000000, 0x00000000e6100000, 0x00000000f5580000)
  object space 99328K, 17% used [0x00000000e0000000,0x00000000e10894a8,0x00000000e6100000)
 Metaspace       used 50018K, capacity 50322K, committed 50688K, reserved 1089536K
  class space    used 9751K, capacity 9859K, committed 9984K, reserved 1048576K
}
Event: 65.302 GC heap before
{Heap before GC invocations=17 (full 4):
 PSYoungGen      total 111104K, used 111092K [0x00000000f5580000, 0x00000000fd100000, 0x0000000100000000)
  eden space 99840K, 100% used [0x00000000f5580000,0x00000000fb700000,0x00000000fb700000)
  from space 11264K, 99% used [0x00000000fc500000,0x00000000fcffd280,0x00000000fd000000)
  to   space 13312K, 0% used [0x00000000fb700000,0x00000000fb700000,0x00000000fc400000)
 ParOldGen       total 99328K, used 16933K [0x00000000e0000000, 0x00000000e6100000, 0x00000000f5580000)
  object space 99328K, 17% used [0x00000000e0000000,0x00000000e10894a8,0x00000000e6100000)
 Metaspace       used 52556K, capacity 53032K, committed 53120K, reserved 1091584K
  class space    used 10164K, capacity 10312K, committed 10368K, reserved 1048576K
Event: 65.333 GC heap after
Heap after GC invocations=17 (full 4):
 PSYoungGen      total 113152K, used 13310K [0x00000000f5580000, 0x00000000fef80000, 0x0000000100000000)
  eden space 99840K, 0% used [0x00000000f5580000,0x00000000f5580000,0x00000000fb700000)
  from space 13312K, 99% used [0x00000000fb700000,0x00000000fc3ffa00,0x00000000fc400000)
  to   space 18944K, 0% used [0x00000000fdd00000,0x00000000fdd00000,0x00000000fef80000)
 ParOldGen       total 99328K, used 26527K [0x00000000e0000000, 0x00000000e6100000, 0x00000000f5580000)
  object space 99328K, 26% used [0x00000000e0000000,0x00000000e19e7cb0,0x00000000e6100000)
 Metaspace       used 52556K, capacity 53032K, committed 53120K, reserved 1091584K
  class space    used 10164K, capacity 10312K, committed 10368K, reserved 1048576K
}
Event: 67.094 GC heap before
{Heap before GC invocations=18 (full 4):
 PSYoungGen      total 113152K, used 113150K [0x00000000f5580000, 0x00000000fef80000, 0x0000000100000000)
  eden space 99840K, 100% used [0x00000000f5580000,0x00000000fb700000,0x00000000fb700000)
  from space 13312K, 99% used [0x00000000fb700000,0x00000000fc3ffa00,0x00000000fc400000)
  to   space 18944K, 0% used [0x00000000fdd00000,0x00000000fdd00000,0x00000000fef80000)
 ParOldGen       total 99328K, used 26527K [0x00000000e0000000, 0x00000000e6100000, 0x00000000f5580000)
  object space 99328K, 26% used [0x00000000e0000000,0x00000000e19e7cb0,0x00000000e6100000)
 Metaspace       used 64327K, capacity 64878K, committed 65024K, reserved 1101824K
  class space    used 12336K, capacity 12530K, committed 12544K, reserved 1048576K
Event: 67.135 GC heap after
Heap after GC invocations=18 (full 4):
 PSYoungGen      total 130048K, used 18922K [0x00000000f5580000, 0x0000000100000000, 0x0000000100000000)
  eden space 111104K, 0% used [0x00000000f5580000,0x00000000f5580000,0x00000000fc200000)
  from space 18944K, 99% used [0x00000000fdd00000,0x00000000fef7a840,0x00000000fef80000)
  to   space 27648K, 0% used [0x00000000fc200000,0x00000000fc200000,0x00000000fdd00000)
 ParOldGen       total 99328K, used 43114K [0x00000000e0000000, 0x00000000e6100000, 0x00000000f5580000)
  object space 99328K, 43% used [0x00000000e0000000,0x00000000e2a1a890,0x00000000e6100000)
 Metaspace       used 64327K, capacity 64878K, committed 65024K, reserved 1101824K
  class space    used 12336K, capacity 12530K, committed 12544K, reserved 1048576K
}
Event: 67.848 GC heap before
{Heap before GC invocations=19 (full 4):
 PSYoungGen      total 130048K, used 74255K [0x00000000f5580000, 0x0000000100000000, 0x0000000100000000)
  eden space 111104K, 49% used [0x00000000f5580000,0x00000000f8b89660,0x00000000fc200000)
  from space 18944K, 99% used [0x00000000fdd00000,0x00000000fef7a840,0x00000000fef80000)
  to   space 27648K, 0% used [0x00000000fc200000,0x00000000fc200000,0x00000000fdd00000)
 ParOldGen       total 99328K, used 43114K [0x00000000e0000000, 0x00000000e6100000, 0x00000000f5580000)
  object space 99328K, 43% used [0x00000000e0000000,0x00000000e2a1a890,0x00000000e6100000)
 Metaspace       used 68672K, capacity 69202K, committed 69336K, reserved 1105920K
  class space    used 12826K, capacity 13010K, committed 13056K, reserved 1048576K
Event: 67.892 GC heap after
Heap after GC invocations=19 (full 4):
 PSYoungGen      total 138752K, used 27616K [0x00000000f5580000, 0x0000000100000000, 0x0000000100000000)
  eden space 111104K, 0% used [0x00000000f5580000,0x00000000f5580000,0x00000000fc200000)
  from space 27648K, 99% used [0x00000000fc200000,0x00000000fdcf83e8,0x00000000fdd00000)
  to   space 35840K, 0% used [0x00000000fdd00000,0x00000000fdd00000,0x0000000100000000)
 ParOldGen       total 99328K, used 58895K [0x00000000e0000000, 0x00000000e6100000, 0x00000000f5580000)
  object space 99328K, 59% used [0x00000000e0000000,0x00000000e3983fc8,0x00000000e6100000)
 Metaspace       used 68672K, capacity 69202K, committed 69336K, reserved 1105920K
  class space    used 12826K, capacity 13010K, committed 13056K, reserved 1048576K
}
Event: 67.892 GC heap before
{Heap before GC invocations=20 (full 5):
 PSYoungGen      total 138752K, used 27616K [0x00000000f5580000, 0x0000000100000000, 0x0000000100000000)
  eden space 111104K, 0% used [0x00000000f5580000,0x00000000f5580000,0x00000000fc200000)
  from space 27648K, 99% used [0x00000000fc200000,0x00000000fdcf83e8,0x00000000fdd00000)
  to   space 35840K, 0% used [0x00000000fdd00000,0x00000000fdd00000,0x0000000100000000)
 ParOldGen       total 99328K, used 58895K [0x00000000e0000000, 0x00000000e6100000, 0x00000000f5580000)
  object space 99328K, 59% used [0x00000000e0000000,0x00000000e3983fc8,0x00000000e6100000)
 Metaspace       used 68672K, capacity 69202K, committed 69336K, reserved 1105920K
  class space    used 12826K, capacity 13010K, committed 13056K, reserved 1048576K
Event: 68.167 GC heap after
Heap after GC invocations=20 (full 5):
 PSYoungGen      total 138752K, used 0K [0x00000000f5580000, 0x0000000100000000, 0x0000000100000000)
  eden space 111104K, 0% used [0x00000000f5580000,0x00000000f5580000,0x00000000fc200000)
  from space 27648K, 0% used [0x00000000fc200000,0x00000000fc200000,0x00000000fdd00000)
  to   space 35840K, 0% used [0x00000000fdd00000,0x00000000fdd00000,0x0000000100000000)
 ParOldGen       total 190976K, used 68223K [0x00000000e0000000, 0x00000000eba80000, 0x00000000f5580000)
  object space 190976K, 35% used [0x00000000e0000000,0x00000000e429fd30,0x00000000eba80000)
 Metaspace       used 68660K, capacity 69186K, committed 69336K, reserved 1105920K
  class space    used 12823K, capacity 13006K, committed 13056K, reserved 1048576K
}

Deoptimization events (10 events):
Event: 68.467 Thread 0x00000000134f1000 Uncommon trap: reason=class_check action=maybe_recompile pc=0x0000000004319410 method=scala.reflect.internal.Symbols$Symbol.needsFlatClasses()Z @ 7
Event: 68.467 Thread 0x00000000134f1000 Uncommon trap: reason=class_check action=maybe_recompile pc=0x0000000004319410 method=scala.reflect.internal.Symbols$Symbol.needsFlatClasses()Z @ 7
Event: 68.593 Thread 0x00000000134f1000 Uncommon trap: reason=unstable_if action=reinterpret pc=0x000000000429de04 method=scala.reflect.internal.Symbols$Symbol.rawInfo()Lscala/reflect/internal/Types$Type; @ 80
Event: 68.593 Thread 0x00000000134f1000 Uncommon trap: reason=bimorphic action=maybe_recompile pc=0x000000000439b92c method=scala.reflect.internal.Symbols$Symbol.needsFlatClasses()Z @ 7
Event: 68.593 Thread 0x00000000134f1000 Uncommon trap: reason=bimorphic action=maybe_recompile pc=0x000000000439f2c4 method=scala.reflect.internal.Symbols$Symbol.needsFlatClasses()Z @ 7
Event: 68.594 Thread 0x00000000134f1000 Uncommon trap: reason=bimorphic action=maybe_recompile pc=0x000000000439f2c4 method=scala.reflect.internal.Symbols$Symbol.needsFlatClasses()Z @ 7
Event: 68.594 Thread 0x00000000134f1000 Uncommon trap: reason=bimorphic action=maybe_recompile pc=0x000000000439f2c4 method=scala.reflect.internal.Symbols$Symbol.needsFlatClasses()Z @ 7
Event: 68.594 Thread 0x00000000134f1000 Uncommon trap: reason=bimorphic action=maybe_recompile pc=0x000000000439b92c method=scala.reflect.internal.Symbols$Symbol.needsFlatClasses()Z @ 7
Event: 68.594 Thread 0x00000000134f1000 Uncommon trap: reason=bimorphic action=maybe_recompile pc=0x000000000439c714 method=scala.reflect.internal.Symbols$Symbol.needsFlatClasses()Z @ 7
Event: 68.601 Thread 0x00000000134f1000 Uncommon trap: reason=class_check action=maybe_recompile pc=0x000000000410b15c method=scala.collection.mutable.HashTable$class.elemEquals(Lscala/collection/mutable/HashTable;Ljava/lang/Object;Ljava/lang/Object;)Z @ 55

Internal exceptions (10 events):
Event: 64.439 Thread 0x0000000011830000 Exception <a 'java/lang/NoSuchMethodError': <clinit>> (0x00000000f8b4b208) thrown at [C:\re\workspace\8-2-build-windows-amd64-cygwin\jdk8u121\8372\hotspot\src\share\vm\prims\jni.cpp, line 1613]
Event: 64.442 Thread 0x0000000011830000 Exception <a 'java/lang/NoSuchMethodError': <clinit>> (0x00000000f8b559a0) thrown at [C:\re\workspace\8-2-build-windows-amd64-cygwin\jdk8u121\8372\hotspot\src\share\vm\prims\jni.cpp, line 1613]
Event: 64.446 Thread 0x0000000011830000 Exception <a 'java/lang/NoSuchMethodError': <clinit>> (0x00000000f8b6a658) thrown at [C:\re\workspace\8-2-build-windows-amd64-cygwin\jdk8u121\8372\hotspot\src\share\vm\prims\jni.cpp, line 1613]
Event: 64.449 Thread 0x0000000011830000 Exception <a 'java/lang/NoSuchMethodError': <clinit>> (0x00000000f8b7b9d0) thrown at [C:\re\workspace\8-2-build-windows-amd64-cygwin\jdk8u121\8372\hotspot\src\share\vm\prims\jni.cpp, line 1613]
Event: 64.454 Thread 0x0000000011830000 Exception <a 'java/lang/NoSuchMethodError': <clinit>> (0x00000000f8b87098) thrown at [C:\re\workspace\8-2-build-windows-amd64-cygwin\jdk8u121\8372\hotspot\src\share\vm\prims\jni.cpp, line 1613]
Event: 64.468 Thread 0x0000000011830000 Exception <a 'java/lang/NoSuchMethodError': <clinit>> (0x00000000f8b97010) thrown at [C:\re\workspace\8-2-build-windows-amd64-cygwin\jdk8u121\8372\hotspot\src\share\vm\prims\jni.cpp, line 1613]
Event: 64.469 Thread 0x0000000011830000 Exception <a 'java/lang/NoSuchMethodError': <clinit>> (0x00000000f8ba1668) thrown at [C:\re\workspace\8-2-build-windows-amd64-cygwin\jdk8u121\8372\hotspot\src\share\vm\prims\jni.cpp, line 1613]
Event: 64.471 Thread 0x0000000011830000 Exception <a 'java/lang/NoSuchMethodError': <clinit>> (0x00000000f8bacc20) thrown at [C:\re\workspace\8-2-build-windows-amd64-cygwin\jdk8u121\8372\hotspot\src\share\vm\prims\jni.cpp, line 1613]
Event: 64.644 Thread 0x0000000011830000 Exception <a 'java/lang/NoSuchMethodError': <clinit>> (0x00000000f8f04718) thrown at [C:\re\workspace\8-2-build-windows-amd64-cygwin\jdk8u121\8372\hotspot\src\share\vm\prims\jni.cpp, line 1613]
Event: 65.415 Thread 0x000000000eecd800 Exception <a 'java/io/IOException': CreateProcess error=2, The system cannot find the file specified> (0x00000000f60dc2f0) thrown at [C:\re\workspace\8-2-build-windows-amd64-cygwin\jdk8u121\8372\hotspot\src\share\vm\prims\jni.cpp, line 735]

Events (10 events):
Event: 68.594 Thread 0x00000000134f1000 DEOPT UNPACKING pc=0x00000000032f582a sp=0x0000000017e1c570 mode 2
Event: 68.594 Thread 0x00000000134f1000 Uncommon trap: trap_request=0xffffffc6 fr.pc=0x000000000439b92c
Event: 68.594 Thread 0x00000000134f1000 DEOPT PACKING pc=0x000000000439b92c sp=0x0000000017e1c4c0
Event: 68.594 Thread 0x00000000134f1000 DEOPT UNPACKING pc=0x00000000032f582a sp=0x0000000017e1c460 mode 2
Event: 68.594 Thread 0x00000000134f1000 Uncommon trap: trap_request=0xffffffc6 fr.pc=0x000000000439c714
Event: 68.594 Thread 0x00000000134f1000 DEOPT PACKING pc=0x000000000439c714 sp=0x0000000017e1c620
Event: 68.594 Thread 0x00000000134f1000 DEOPT UNPACKING pc=0x00000000032f582a sp=0x0000000017e1c500 mode 2
Event: 68.601 Thread 0x00000000134f1000 Uncommon trap: trap_request=0xffffffde fr.pc=0x000000000410b15c
Event: 68.601 Thread 0x00000000134f1000 DEOPT PACKING pc=0x000000000410b15c sp=0x0000000017e1c3b0
Event: 68.601 Thread 0x00000000134f1000 DEOPT UNPACKING pc=0x00000000032f582a sp=0x0000000017e1c168 mode 2


Dynamic libraries:
0x00007ff774bd0000 - 0x00007ff774c07000 	C:\ProgramData\Oracle\Java\javapath\java.exe
0x00007ff91d690000 - 0x00007ff91d861000 	C:\WINDOWS\SYSTEM32\ntdll.dll
0x00007ff91c4c0000 - 0x00007ff91c56b000 	C:\WINDOWS\System32\KERNEL32.DLL
0x00007ff919fb0000 - 0x00007ff91a1cd000 	C:\WINDOWS\System32\KERNELBASE.dll
0x00007ff91ac20000 - 0x00007ff91acc2000 	C:\WINDOWS\System32\ADVAPI32.dll
0x00007ff91d5f0000 - 0x00007ff91d68e000 	C:\WINDOWS\System32\msvcrt.dll
0x00007ff91d3b0000 - 0x00007ff91d409000 	C:\WINDOWS\System32\sechost.dll
0x00007ff91c570000 - 0x00007ff91c691000 	C:\WINDOWS\System32\RPCRT4.dll
0x00007ff91d410000 - 0x00007ff91d575000 	C:\WINDOWS\System32\USER32.dll
0x00007ff91a910000 - 0x00007ff91a92e000 	C:\WINDOWS\System32\win32u.dll
0x00007ff91d1f0000 - 0x00007ff91d224000 	C:\WINDOWS\System32\GDI32.dll
0x00007ff919c80000 - 0x00007ff919e02000 	C:\WINDOWS\System32\gdi32full.dll
0x00007ff911690000 - 0x00007ff91190a000 	C:\WINDOWS\WinSxS\amd64_microsoft.windows.common-controls_6595b64144ccf1df_6.0.14393.953_none_42151e83c686086b\COMCTL32.dll
0x00007ff91ca30000 - 0x00007ff91ccf8000 	C:\WINDOWS\System32\combase.dll
0x00007ff919b80000 - 0x00007ff919c75000 	C:\WINDOWS\System32\ucrtbase.dll
0x00007ff91a9e0000 - 0x00007ff91aa4a000 	C:\WINDOWS\System32\bcryptPrimitives.dll
0x00007ff91c880000 - 0x00007ff91c8ae000 	C:\WINDOWS\System32\IMM32.DLL
0x000000005b830000 - 0x000000005b902000 	C:\Program Files\Java\jre1.8.0_121\bin\msvcr100.dll
0x000000005af90000 - 0x000000005b82b000 	C:\Program Files\Java\jre1.8.0_121\bin\server\jvm.dll
0x00007ff91c6a0000 - 0x00007ff91c6a8000 	C:\WINDOWS\System32\PSAPI.DLL
0x00007ff917e40000 - 0x00007ff917e63000 	C:\WINDOWS\SYSTEM32\WINMM.dll
0x00007ff911fc0000 - 0x00007ff911fca000 	C:\WINDOWS\SYSTEM32\VERSION.dll
0x00007ff8fbdf0000 - 0x00007ff8fbdf9000 	C:\WINDOWS\SYSTEM32\WSOCK32.dll
0x00007ff91d580000 - 0x00007ff91d5ea000 	C:\WINDOWS\System32\WS2_32.dll
0x0000000001710000 - 0x000000000173b000 	C:\WINDOWS\SYSTEM32\WINMMBASE.dll
0x00007ff919eb0000 - 0x00007ff919ef2000 	C:\WINDOWS\System32\cfgmgr32.dll
0x000000005af80000 - 0x000000005af8f000 	C:\Program Files\Java\jre1.8.0_121\bin\verify.dll
0x000000005af50000 - 0x000000005af79000 	C:\Program Files\Java\jre1.8.0_121\bin\java.dll
0x000000005af30000 - 0x000000005af46000 	C:\Program Files\Java\jre1.8.0_121\bin\zip.dll
0x00007ff91acd0000 - 0x00007ff91c1d8000 	C:\WINDOWS\System32\SHELL32.dll
0x00007ff91a1d0000 - 0x00007ff91a8aa000 	C:\WINDOWS\System32\windows.storage.dll
0x00007ff919b10000 - 0x00007ff919b5c000 	C:\WINDOWS\System32\powrprof.dll
0x00007ff91d350000 - 0x00007ff91d3a2000 	C:\WINDOWS\System32\shlwapi.dll
0x00007ff919b60000 - 0x00007ff919b6f000 	C:\WINDOWS\System32\kernel.appcore.dll
0x00007ff919f00000 - 0x00007ff919fa9000 	C:\WINDOWS\System32\shcore.dll
0x00007ff919af0000 - 0x00007ff919b04000 	C:\WINDOWS\System32\profapi.dll
0x000000005af10000 - 0x000000005af2a000 	C:\Program Files\Java\jre1.8.0_121\bin\net.dll
0x00007ff9193c0000 - 0x00007ff91941c000 	C:\WINDOWS\system32\mswsock.dll
0x000000005aef0000 - 0x000000005af01000 	C:\Program Files\Java\jre1.8.0_121\bin\nio.dll
0x00007ff919560000 - 0x00007ff919577000 	C:\WINDOWS\SYSTEM32\CRYPTSP.dll
0x00007ff918fc0000 - 0x00007ff918ff3000 	C:\WINDOWS\system32\rsaenh.dll
0x00007ff919a30000 - 0x00007ff919a5b000 	C:\WINDOWS\SYSTEM32\bcrypt.dll
0x00007ff919240000 - 0x00007ff91925f000 	C:\WINDOWS\SYSTEM32\USERENV.dll
0x00007ff919580000 - 0x00007ff91958b000 	C:\WINDOWS\SYSTEM32\CRYPTBASE.dll
0x00007ff919140000 - 0x00007ff919178000 	C:\WINDOWS\SYSTEM32\IPHLPAPI.DLL
0x00007ff91c920000 - 0x00007ff91c928000 	C:\WINDOWS\System32\NSI.dll
0x00007ff913860000 - 0x00007ff913876000 	C:\WINDOWS\SYSTEM32\dhcpcsvc6.DLL
0x00007ff9139f0000 - 0x00007ff913a0a000 	C:\WINDOWS\SYSTEM32\dhcpcsvc.DLL
0x00007ff9135c0000 - 0x00007ff9135ca000 	C:\Users\Dener\AppData\Local\Temp\jansi-64-1-2470265556584502321.11

VM Arguments:
jvm_args: -Xmx512M -XX:MaxPermSize=256m -XX:ReservedCodeCacheSize=128m -Dsbt.log.format=true 
java_command: xsbt.boot.Boot
java_class_path (initial): C:\Users\Dener\Empregos\nubank\scala\Scala-Banking\sbt-dist\bin\sbt-launch.jar
Launcher Type: SUN_STANDARD

Environment Variables:
PATH=C:\ProgramData\Oracle\Java\javapath;C:\Windows\system32;C:\Windows;C:\Windows\System32\Wbem;C:\Windows\System32\WindowsPowerShell\v1.0\;C:\Program Files (x86)\NVIDIA Corporation\PhysX\Common;C:\WINDOWS\system32;C:\WINDOWS;C:\WINDOWS\System32\Wbem;C:\WINDOWS\System32\WindowsPowerShell\v1.0\;C:\Program Files (x86)\Skype\Phone\;C:\Program Files (x86)\sbt\bin;C:\Windows\system32;C:\Windows;C:\Windows\System32\Wbem;C:\Windows\System32\WindowsPowerShell\v1.0\;C:\Program Files (x86)\NVIDIA Corporation\PhysX\Common;C:\WINDOWS\system32;C:\WINDOWS;C:\WINDOWS\System32\Wbem;C:\WINDOWS\System32\WindowsPowerShell\v1.0\;C:\Program Files (x86)\Skype\Phone\;C:\Users\Dener\AppData\Local\Microsoft\WindowsApps;C:\Program Files (x86)\Microsoft VS Code\bin;C:\Python27;C:\Program Files\Java\jdk1.8.0_121\bin
USERNAME=Dener
OS=Windows_NT
PROCESSOR_IDENTIFIER=Intel64 Family 6 Model 58 Stepping 9, GenuineIntel



---------------  S Y S T E M  ---------------

OS: Windows 10.0 , 64 bit Build 14393 (10.0.14393.0)

CPU:total 4 (2 cores per cpu, 2 threads per core) family 6 model 58 stepping 9, cmov, cx8, fxsr, mmx, sse, sse2, sse3, ssse3, sse4.1, sse4.2, popcnt, avx, aes, clmul, erms, ht, tsc, tscinvbit, tscinv

Memory: 4k page, physical 8264500k(1946496k free), swap 9313076k(3468k free)

vm_info: Java HotSpot(TM) 64-Bit Server VM (25.121-b13) for windows-amd64 JRE (1.8.0_121-b13), built on Dec 12 2016 18:21:36 by "java_re" with MS VC++ 10.0 (VS2010)

time: Mon Apr 24 16:42:36 2017
elapsed time: 68 seconds (0d 0h 1m 8s)

