#
# There is insufficient memory for the Java Runtime Environment to continue.
# Native memory allocation (malloc) failed to allocate 1064016 bytes for Chunk::new
# Possible reasons:
#   The system is out of physical RAM or swap space
#   In 32 bit mode, the process size limit was hit
# Possible solutions:
#   Reduce memory load on the system
#   Increase physical memory or swap space
#   Check if swap backing store is full
#   Use 64 bit Java on a 64 bit OS
#   Decrease Java heap size (-Xmx/-Xms)
#   Decrease number of Java threads
#   Decrease Java thread stack sizes (-Xss)
#   Set larger code cache with -XX:ReservedCodeCacheSize=
# This output file may be truncated or incomplete.
#
#  Out of Memory Error (allocation.cpp:390), pid=3164, tid=0x0000000000001760
#
# JRE version: Java(TM) SE Runtime Environment (8.0_121-b13) (build 1.8.0_121-b13)
# Java VM: Java HotSpot(TM) 64-Bit Server VM (25.121-b13 mixed mode windows-amd64 compressed oops)
# Failed to write core dump. Minidumps are not enabled by default on client versions of Windows
#

---------------  T H R E A D  ---------------

Current thread (0x000000000c6ce800):  JavaThread "C2 CompilerThread0" daemon [_thread_in_native, id=5984, stack(0x000000000dd10000,0x000000000de10000)]

Stack: [0x000000000dd10000,0x000000000de10000]
[error occurred during error reporting (printing stack bounds), id 0xc0000005]

Native frames: (J=compiled Java code, j=interpreted, Vv=VM code, C=native code)


Current CompileTask:
C2:  26276 8711       4       java.net.URLClassLoader$1::run (5 bytes)


---------------  P R O C E S S  ---------------

Java Threads: ( => current thread )
  0x00000000130d1000 JavaThread "ForkJoinPool-2-worker-5" daemon [_thread_blocked, id=7596, stack(0x000000001d540000,0x000000001d640000)]
  0x00000000130d0800 JavaThread "Thread-8" [_thread_in_native, id=10472, stack(0x000000001b140000,0x000000001b240000)]
  0x00000000116c1000 JavaThread "Thread-7" [_thread_in_native, id=10580, stack(0x000000001ab40000,0x000000001ac40000)]
  0x00000000116bc800 JavaThread "Thread-6" [_thread_in_native, id=9664, stack(0x000000001aa40000,0x000000001ab40000)]
  0x00000000116bd800 JavaThread "Thread-4" [_thread_in_native, id=9072, stack(0x000000001a840000,0x000000001a940000)]
  0x00000000116be000 JavaThread "Timer-0" [_thread_blocked, id=9536, stack(0x000000001a740000,0x000000001a840000)]
  0x00000000116bf800 JavaThread "ScalaTest-dispatcher" [_thread_blocked, id=10188, stack(0x000000001a640000,0x000000001a740000)]
  0x00000000116c8000 JavaThread "sbt-web-blocking-process-io-dispatcher-8" [_thread_blocked, id=1556, stack(0x000000001a340000,0x000000001a440000)]
  0x00000000116c5000 JavaThread "sbt-web-blocking-process-io-dispatcher-7" [_thread_blocked, id=11072, stack(0x000000001a240000,0x000000001a340000)]
  0x00000000116c4000 JavaThread "sbt-web-blocking-process-io-dispatcher-6" [_thread_blocked, id=5908, stack(0x000000001a140000,0x000000001a240000)]
  0x00000000116c7000 JavaThread "sbt-web-blocking-process-io-dispatcher-5" [_thread_blocked, id=11700, stack(0x000000001a040000,0x000000001a140000)]
  0x00000000116c3800 JavaThread "pool-6-thread-6" [_thread_blocked, id=5072, stack(0x0000000019f40000,0x000000001a040000)]
  0x00000000116bc000 JavaThread "pool-6-thread-5" [_thread_blocked, id=11588, stack(0x0000000019e40000,0x0000000019f40000)]
  0x00000000116c2800 JavaThread "pool-6-thread-4" [_thread_blocked, id=10008, stack(0x0000000019d40000,0x0000000019e40000)]
  0x00000000116bb000 JavaThread "pool-6-thread-3" [_thread_blocked, id=12244, stack(0x0000000019c40000,0x0000000019d40000)]
  0x00000000116c2000 JavaThread "pool-6-thread-2" [_thread_in_native, id=12208, stack(0x0000000019b40000,0x0000000019c40000)]
  0x00000000116bf000 JavaThread "pool-6-thread-1" [_thread_blocked, id=11716, stack(0x0000000019a40000,0x0000000019b40000)]
  0x000000000fcae000 JavaThread "sbt-web-akka.actor.default-dispatcher-4" [_thread_blocked, id=10508, stack(0x0000000017e40000,0x0000000017f40000)]
  0x000000000fcad000 JavaThread "sbt-web-akka.actor.default-dispatcher-3" [_thread_blocked, id=5204, stack(0x0000000017d40000,0x0000000017e40000)]
  0x000000000fb9a000 JavaThread "sbt-web-akka.actor.default-dispatcher-2" [_thread_blocked, id=3044, stack(0x0000000017c40000,0x0000000017d40000)]
  0x0000000010ef9000 JavaThread "sbt-web-scheduler-1" [_thread_blocked, id=2424, stack(0x0000000017b40000,0x0000000017c40000)]
  0x000000000e046000 JavaThread "Service Thread" daemon [_thread_blocked, id=6304, stack(0x000000000e410000,0x000000000e510000)]
  0x000000000c6d5800 JavaThread "C1 CompilerThread2" daemon [_thread_blocked, id=9848, stack(0x000000000df10000,0x000000000e010000)]
  0x000000000c6d0800 JavaThread "C2 CompilerThread1" daemon [_thread_in_native, id=10804, stack(0x000000000de10000,0x000000000df10000)]
=>0x000000000c6ce800 JavaThread "C2 CompilerThread0" daemon [_thread_in_native, id=5984, stack(0x000000000dd10000,0x000000000de10000)]
  0x000000000c6cd000 JavaThread "Attach Listener" daemon [_thread_blocked, id=4740, stack(0x000000000dc10000,0x000000000dd10000)]
  0x000000000c6cc000 JavaThread "Signal Dispatcher" daemon [_thread_blocked, id=11972, stack(0x000000000db10000,0x000000000dc10000)]
  0x000000000c6ba800 JavaThread "Finalizer" daemon [_thread_blocked, id=3780, stack(0x000000000d920000,0x000000000da20000)]
  0x0000000002462000 JavaThread "Reference Handler" daemon [_thread_blocked, id=4352, stack(0x000000000d820000,0x000000000d920000)]
  0x000000000056e000 JavaThread "main" [_thread_blocked, id=3556, stack(0x00000000021f0000,0x00000000022f0000)]

Other Threads:
  0x000000000c698800 VMThread [stack: 0x000000000d720000,0x000000000d820000] [id=6744]
  0x000000000e04e800 WatcherThread [stack: 0x000000000e510000,0x000000000e610000] [id=12236]

VM state:not at safepoint (normal execution)

VM Mutex/Monitor currently owned by a thread: None

Heap:
 PSYoungGen      total 143360K, used 88152K [0x00000000f5580000, 0x00000000fff80000, 0x0000000100000000)
  eden space 112128K, 69% used [0x00000000f5580000,0x00000000fa20c9c8,0x00000000fc300000)
  from space 31232K, 31% used [0x00000000fc300000,0x00000000fcc896a0,0x00000000fe180000)
  to   space 30208K, 0% used [0x00000000fe200000,0x00000000fe200000,0x00000000fff80000)
 ParOldGen       total 161280K, used 43448K [0x00000000e0000000, 0x00000000e9d80000, 0x00000000f5580000)
  object space 161280K, 26% used [0x00000000e0000000,0x00000000e2a6e270,0x00000000e9d80000)
 Metaspace       used 80749K, capacity 82132K, committed 82264K, reserved 1116160K
  class space    used 14384K, capacity 14607K, committed 14720K, reserved 1048576K

Card table byte_map: [0x000000000a670000,0x000000000a780000] byte_map_base: 0x0000000009f70000

Marking Bits: (ParMarkBitMap*) 0x000000005b7ab6d0
 Begin Bits: [0x000000000ac30000, 0x000000000b430000)
 End Bits:   [0x000000000b430000, 0x000000000bc30000)

Polling page: 0x0000000000550000

CodeCache: size=131072Kb used=19582Kb max_used=19753Kb free=111489Kb
 bounds [0x0000000002470000, 0x00000000037f0000, 0x000000000a470000]
 total_blobs=7632 nmethods=7064 adapters=478
 compilation: enabled

Compilation events (10 events):
Event: 25.972 Thread 0x000000000c6d5800 8706       3       java.util.concurrent.ConcurrentLinkedQueue::first (65 bytes)
Event: 25.973 Thread 0x000000000c6d5800 nmethod 8706 0x000000000343b7d0 code [0x000000000343b960, 0x000000000343bf70]
Event: 25.976 Thread 0x000000000c6d5800 8708       1       akka.util.ByteIterator$ByteArrayIterator::akka$util$ByteIterator$ByteArrayIterator$$from (5 bytes)
Event: 25.976 Thread 0x000000000c6d5800 nmethod 8708 0x00000000034a0c90 code [0x00000000034a0de0, 0x00000000034a0ef0]
Event: 25.976 Thread 0x000000000c6d5800 8709       1       akka.util.ByteIterator$ByteArrayIterator::akka$util$ByteIterator$ByteArrayIterator$$until (5 bytes)
Event: 25.976 Thread 0x000000000c6d5800 nmethod 8709 0x00000000036ec0d0 code [0x00000000036ec220, 0x00000000036ec330]
Event: 25.999 Thread 0x000000000c6d0800 8710   !   4       java.net.URLClassLoader$1::run (63 bytes)
Event: 26.020 Thread 0x000000000c6ce800 8711       4       java.net.URLClassLoader$1::run (5 bytes)
Event: 26.125 Thread 0x000000000c6d5800 8712       1       java.lang.Class$MethodArray::get (7 bytes)
Event: 26.125 Thread 0x000000000c6d5800 nmethod 8712 0x0000000003576050 code [0x00000000035761a0, 0x00000000035762d0]

GC Heap History (10 events):
Event: 20.458 GC heap before
{Heap before GC invocations=18 (full 4):
 PSYoungGen      total 108032K, used 108030K [0x00000000f5580000, 0x00000000fea80000, 0x0000000100000000)
  eden space 95744K, 100% used [0x00000000f5580000,0x00000000fb300000,0x00000000fb300000)
  from space 12288K, 99% used [0x00000000fb300000,0x00000000fbeffa70,0x00000000fbf00000)
  to   space 17920K, 0% used [0x00000000fd900000,0x00000000fd900000,0x00000000fea80000)
 ParOldGen       total 110080K, used 26215K [0x00000000e0000000, 0x00000000e6b80000, 0x00000000f5580000)
  object space 110080K, 23% used [0x00000000e0000000,0x00000000e1999e58,0x00000000e6b80000)
 Metaspace       used 66452K, capacity 66966K, committed 67200K, reserved 1103872K
  class space    used 12371K, capacity 12573K, committed 12672K, reserved 1048576K
Event: 20.489 GC heap after
Heap after GC invocations=18 (full 4):
 PSYoungGen      total 129536K, used 17905K [0x00000000f5580000, 0x00000000ff180000, 0x0000000100000000)
  eden space 111616K, 0% used [0x00000000f5580000,0x00000000f5580000,0x00000000fc280000)
  from space 17920K, 99% used [0x00000000fd900000,0x00000000fea7c6c0,0x00000000fea80000)
  to   space 23040K, 0% used [0x00000000fc280000,0x00000000fc280000,0x00000000fd900000)
 ParOldGen       total 110080K, used 32058K [0x00000000e0000000, 0x00000000e6b80000, 0x00000000f5580000)
  object space 110080K, 29% used [0x00000000e0000000,0x00000000e1f4eba8,0x00000000e6b80000)
 Metaspace       used 66452K, capacity 66966K, committed 67200K, reserved 1103872K
  class space    used 12371K, capacity 12573K, committed 12672K, reserved 1048576K
}
Event: 21.707 GC heap before
{Heap before GC invocations=19 (full 4):
 PSYoungGen      total 129536K, used 129521K [0x00000000f5580000, 0x00000000ff180000, 0x0000000100000000)
  eden space 111616K, 100% used [0x00000000f5580000,0x00000000fc280000,0x00000000fc280000)
  from space 17920K, 99% used [0x00000000fd900000,0x00000000fea7c6c0,0x00000000fea80000)
  to   space 23040K, 0% used [0x00000000fc280000,0x00000000fc280000,0x00000000fd900000)
 ParOldGen       total 110080K, used 32058K [0x00000000e0000000, 0x00000000e6b80000, 0x00000000f5580000)
  object space 110080K, 29% used [0x00000000e0000000,0x00000000e1f4eba8,0x00000000e6b80000)
 Metaspace       used 68224K, capacity 68798K, committed 68992K, reserved 1105920K
  class space    used 12760K, capacity 12923K, committed 12928K, reserved 1048576K
Event: 21.746 GC heap after
Heap after GC invocations=19 (full 4):
 PSYoungGen      total 134656K, used 23037K [0x00000000f5580000, 0x0000000100000000, 0x0000000100000000)
  eden space 111616K, 0% used [0x00000000f5580000,0x00000000f5580000,0x00000000fc280000)
  from space 23040K, 99% used [0x00000000fc280000,0x00000000fd8ff460,0x00000000fd900000)
  to   space 29696K, 0% used [0x00000000fe300000,0x00000000fe300000,0x0000000100000000)
 ParOldGen       total 110080K, used 41568K [0x00000000e0000000, 0x00000000e6b80000, 0x00000000f5580000)
  object space 110080K, 37% used [0x00000000e0000000,0x00000000e2898320,0x00000000e6b80000)
 Metaspace       used 68224K, capacity 68798K, committed 68992K, reserved 1105920K
  class space    used 12760K, capacity 12923K, committed 12928K, reserved 1048576K
}
Event: 21.852 GC heap before
{Heap before GC invocations=20 (full 4):
 PSYoungGen      total 134656K, used 43661K [0x00000000f5580000, 0x0000000100000000, 0x0000000100000000)
  eden space 111616K, 18% used [0x00000000f5580000,0x00000000f69a4320,0x00000000fc280000)
  from space 23040K, 99% used [0x00000000fc280000,0x00000000fd8ff460,0x00000000fd900000)
  to   space 29696K, 0% used [0x00000000fe300000,0x00000000fe300000,0x0000000100000000)
 ParOldGen       total 110080K, used 41568K [0x00000000e0000000, 0x00000000e6b80000, 0x00000000f5580000)
  object space 110080K, 37% used [0x00000000e0000000,0x00000000e2898320,0x00000000e6b80000)
 Metaspace       used 68788K, capacity 69278K, committed 69336K, reserved 1105920K
  class space    used 12865K, capacity 13019K, committed 13056K, reserved 1048576K
Event: 21.899 GC heap after
Heap after GC invocations=20 (full 4):
 PSYoungGen      total 141824K, used 20489K [0x00000000f5580000, 0x0000000100000000, 0x0000000100000000)
  eden space 112128K, 0% used [0x00000000f5580000,0x00000000f5580000,0x00000000fc300000)
  from space 29696K, 68% used [0x00000000fe300000,0x00000000ff702610,0x0000000100000000)
  to   space 31232K, 0% used [0x00000000fc300000,0x00000000fc300000,0x00000000fe180000)
 ParOldGen       total 110080K, used 47007K [0x00000000e0000000, 0x00000000e6b80000, 0x00000000f5580000)
  object space 110080K, 42% used [0x00000000e0000000,0x00000000e2de7f30,0x00000000e6b80000)
 Metaspace       used 68788K, capacity 69278K, committed 69336K, reserved 1105920K
  class space    used 12865K, capacity 13019K, committed 13056K, reserved 1048576K
}
Event: 21.899 GC heap before
{Heap before GC invocations=21 (full 5):
 PSYoungGen      total 141824K, used 20489K [0x00000000f5580000, 0x0000000100000000, 0x0000000100000000)
  eden space 112128K, 0% used [0x00000000f5580000,0x00000000f5580000,0x00000000fc300000)
  from space 29696K, 68% used [0x00000000fe300000,0x00000000ff702610,0x0000000100000000)
  to   space 31232K, 0% used [0x00000000fc300000,0x00000000fc300000,0x00000000fe180000)
 ParOldGen       total 110080K, used 47007K [0x00000000e0000000, 0x00000000e6b80000, 0x00000000f5580000)
  object space 110080K, 42% used [0x00000000e0000000,0x00000000e2de7f30,0x00000000e6b80000)
 Metaspace       used 68788K, capacity 69278K, committed 69336K, reserved 1105920K
  class space    used 12865K, capacity 13019K, committed 13056K, reserved 1048576K
Event: 22.095 GC heap after
Heap after GC invocations=21 (full 5):
 PSYoungGen      total 141824K, used 0K [0x00000000f5580000, 0x0000000100000000, 0x0000000100000000)
  eden space 112128K, 0% used [0x00000000f5580000,0x00000000f5580000,0x00000000fc300000)
  from space 29696K, 0% used [0x00000000fe300000,0x00000000fe300000,0x0000000100000000)
  to   space 31232K, 0% used [0x00000000fc300000,0x00000000fc300000,0x00000000fe180000)
 ParOldGen       total 161280K, used 43417K [0x00000000e0000000, 0x00000000e9d80000, 0x00000000f5580000)
  object space 161280K, 26% used [0x00000000e0000000,0x00000000e2a66610,0x00000000e9d80000)
 Metaspace       used 68732K, capacity 69174K, committed 69336K, reserved 1105920K
  class space    used 12854K, capacity 13007K, committed 13056K, reserved 1048576K
}
Event: 24.527 GC heap before
{Heap before GC invocations=22 (full 5):
 PSYoungGen      total 141824K, used 112128K [0x00000000f5580000, 0x0000000100000000, 0x0000000100000000)
  eden space 112128K, 100% used [0x00000000f5580000,0x00000000fc300000,0x00000000fc300000)
  from space 29696K, 0% used [0x00000000fe300000,0x00000000fe300000,0x0000000100000000)
  to   space 31232K, 0% used [0x00000000fc300000,0x00000000fc300000,0x00000000fe180000)
 ParOldGen       total 161280K, used 43417K [0x00000000e0000000, 0x00000000e9d80000, 0x00000000f5580000)
  object space 161280K, 26% used [0x00000000e0000000,0x00000000e2a66610,0x00000000e9d80000)
 Metaspace       used 79136K, capacity 80172K, committed 80472K, reserved 1116160K
  class space    used 14162K, capacity 14361K, committed 14464K, reserved 1048576K
Event: 24.545 GC heap after
Heap after GC invocations=22 (full 5):
 PSYoungGen      total 143360K, used 9765K [0x00000000f5580000, 0x00000000fff80000, 0x0000000100000000)
  eden space 112128K, 0% used [0x00000000f5580000,0x00000000f5580000,0x00000000fc300000)
  from space 31232K, 31% used [0x00000000fc300000,0x00000000fcc896a0,0x00000000fe180000)
  to   space 30208K, 0% used [0x00000000fe200000,0x00000000fe200000,0x00000000fff80000)
 ParOldGen       total 161280K, used 43448K [0x00000000e0000000, 0x00000000e9d80000, 0x00000000f5580000)
  object space 161280K, 26% used [0x00000000e0000000,0x00000000e2a6e270,0x00000000e9d80000)
 Metaspace       used 79136K, capacity 80172K, committed 80472K, reserved 1116160K
  class space    used 14162K, capacity 14361K, committed 14464K, reserved 1048576K
}

Deoptimization events (10 events):
Event: 25.876 Thread 0x00000000116b8800 Uncommon trap: reason=unstable_if action=reinterpret pc=0x0000000003730534 method=org.mozilla.javascript.regexp.RegExpImpl.find_split(Lorg/mozilla/javascript/Context;Lorg/mozilla/javascript/Scriptable;Ljava/lang/String;Ljava/lang/String;ILorg/mozilla/java
Event: 25.876 Thread 0x00000000116b8800 Uncommon trap: reason=unstable_if action=reinterpret pc=0x0000000002cd3214 method=org.mozilla.javascript.ScriptRuntime.toNumber(Ljava/lang/Object;)D @ 4
Event: 25.876 Thread 0x00000000116b8800 Uncommon trap: reason=class_check action=maybe_recompile pc=0x00000000034961b8 method=org.mozilla.javascript.ScriptRuntime.shallowEq(Ljava/lang/Object;Ljava/lang/Object;)Z @ 119
Event: 25.880 Thread 0x00000000116b8800 Uncommon trap: reason=predicate action=maybe_recompile pc=0x000000000355d4c4 method=org.mozilla.javascript.regexp.NativeRegExp.matchRegExp(Lorg/mozilla/javascript/regexp/REGlobalData;Lorg/mozilla/javascript/regexp/RECompiled;Ljava/lang/String;IIZ)Z @ 82
Event: 25.880 Thread 0x00000000116b8800 Uncommon trap: reason=bimorphic action=maybe_recompile pc=0x00000000037355c0 method=org.mozilla.javascript.ScriptableObject.getProperty(Lorg/mozilla/javascript/Scriptable;I)Ljava/lang/Object; @ 22
Event: 25.921 Thread 0x00000000116b8800 Uncommon trap: reason=bimorphic action=maybe_recompile pc=0x00000000037355c0 method=org.mozilla.javascript.ScriptableObject.getProperty(Lorg/mozilla/javascript/Scriptable;I)Ljava/lang/Object; @ 22
Event: 25.921 Thread 0x00000000116b8800 Uncommon trap: reason=class_check action=maybe_recompile pc=0x000000000371faec method=org.mozilla.javascript.ScriptRuntime.cmp_LE(Ljava/lang/Object;Ljava/lang/Object;)Z @ 8
Event: 25.921 Thread 0x00000000116b8800 Uncommon trap: reason=bimorphic action=maybe_recompile pc=0x00000000037355c0 method=org.mozilla.javascript.ScriptableObject.getProperty(Lorg/mozilla/javascript/Scriptable;I)Ljava/lang/Object; @ 22
Event: 25.931 Thread 0x00000000116c7000 Uncommon trap: reason=bimorphic action=maybe_recompile pc=0x0000000002da0750 method=scala.collection.immutable.HashSet.contains(Ljava/lang/Object;)Z @ 8
Event: 25.963 Thread 0x00000000116b8800 Uncommon trap: reason=class_check action=maybe_recompile pc=0x000000000356fee8 method=java.util.concurrent.ThreadPoolExecutor.getTask()Ljava/lang/Runnable; @ 29

Internal exceptions (10 events):
Event: 25.684 Thread 0x00000000116b8800 Exception <a 'sun/nio/fs/WindowsException'> (0x00000000f8953650) thrown at [C:\re\workspace\8-2-build-windows-amd64-cygwin\jdk8u121\8372\hotspot\src\share\vm\prims\jni.cpp, line 709]
Event: 25.708 Thread 0x00000000116b8800 Exception <a 'sun/nio/fs/WindowsException'> (0x00000000f8bb31e0) thrown at [C:\re\workspace\8-2-build-windows-amd64-cygwin\jdk8u121\8372\hotspot\src\share\vm\prims\jni.cpp, line 709]
Event: 25.734 Thread 0x00000000116b8800 Exception <a 'sun/nio/fs/WindowsException'> (0x00000000f8de3940) thrown at [C:\re\workspace\8-2-build-windows-amd64-cygwin\jdk8u121\8372\hotspot\src\share\vm\prims\jni.cpp, line 709]
Event: 25.752 Thread 0x00000000116b8800 Exception <a 'sun/nio/fs/WindowsException'> (0x00000000f90bc438) thrown at [C:\re\workspace\8-2-build-windows-amd64-cygwin\jdk8u121\8372\hotspot\src\share\vm\prims\jni.cpp, line 709]
Event: 25.764 Thread 0x00000000116b8800 Exception <a 'sun/nio/fs/WindowsException'> (0x00000000f9267928) thrown at [C:\re\workspace\8-2-build-windows-amd64-cygwin\jdk8u121\8372\hotspot\src\share\vm\prims\jni.cpp, line 709]
Event: 25.828 Thread 0x00000000116b8800 Exception <a 'sun/nio/fs/WindowsException'> (0x00000000f9536428) thrown at [C:\re\workspace\8-2-build-windows-amd64-cygwin\jdk8u121\8372\hotspot\src\share\vm\prims\jni.cpp, line 709]
Event: 25.838 Thread 0x00000000116b8800 Exception <a 'sun/nio/fs/WindowsException'> (0x00000000f96633b8) thrown at [C:\re\workspace\8-2-build-windows-amd64-cygwin\jdk8u121\8372\hotspot\src\share\vm\prims\jni.cpp, line 709]
Event: 25.873 Thread 0x00000000116b8800 Exception <a 'sun/nio/fs/WindowsException'> (0x00000000f9815ca0) thrown at [C:\re\workspace\8-2-build-windows-amd64-cygwin\jdk8u121\8372\hotspot\src\share\vm\prims\jni.cpp, line 709]
Event: 25.876 Thread 0x00000000116b8800 Implicit null exception at 0x00000000037300ee to 0x00000000037304f9
Event: 25.924 Thread 0x00000000116b8800 Exception <a 'java/lang/reflect/InvocationTargetException'> (0x00000000f9937978) thrown at [C:\re\workspace\8-2-build-windows-amd64-cygwin\jdk8u121\8372\hotspot\src\share\vm\runtime\reflection.cpp, line 1092]

Events (10 events):
Event: 26.176 loading class sun/util/resources/TimeZoneNames
Event: 26.178 loading class sun/util/resources/TimeZoneNamesBundle
Event: 26.178 loading class sun/util/resources/TimeZoneNamesBundle done
Event: 26.178 loading class sun/util/resources/TimeZoneNames done
Event: 26.179 loading class sun/util/resources/en/TimeZoneNames_en
Event: 26.179 loading class sun/util/resources/en/TimeZoneNames_en done
Event: 26.199 loading class com/typesafe/sbt/mocha/SbtMocha$$anonfun$4$$anonfun$apply$6$$anonfun$apply$8
Event: 26.199 loading class com/typesafe/sbt/mocha/SbtMocha$$anonfun$4$$anonfun$apply$6$$anonfun$apply$8 done
Event: 26.215 Thread 0x00000000116bc800 DEOPT PACKING pc=0x00000000030e787c sp=0x000000001ab3f270
Event: 26.215 Thread 0x00000000116bc800 DEOPT UNPACKING pc=0x00000000024b787f sp=0x000000001ab3ef80 mode 0


Dynamic libraries:
0x00007ff774bd0000 - 0x00007ff774c07000 	C:\ProgramData\Oracle\Java\javapath\java.exe
0x00007ff91d690000 - 0x00007ff91d861000 	C:\WINDOWS\SYSTEM32\ntdll.dll
0x00007ff91c4c0000 - 0x00007ff91c56b000 	C:\WINDOWS\System32\KERNEL32.DLL
0x00007ff919fb0000 - 0x00007ff91a1cd000 	C:\WINDOWS\System32\KERNELBASE.dll
0x00007ff91ac20000 - 0x00007ff91acc2000 	C:\WINDOWS\System32\ADVAPI32.dll
0x00007ff91d5f0000 - 0x00007ff91d68e000 	C:\WINDOWS\System32\msvcrt.dll
0x00007ff91d3b0000 - 0x00007ff91d409000 	C:\WINDOWS\System32\sechost.dll
0x00007ff91c570000 - 0x00007ff91c691000 	C:\WINDOWS\System32\RPCRT4.dll
0x00007ff91d410000 - 0x00007ff91d575000 	C:\WINDOWS\System32\USER32.dll
0x00007ff91a910000 - 0x00007ff91a92e000 	C:\WINDOWS\System32\win32u.dll
0x00007ff91d1f0000 - 0x00007ff91d224000 	C:\WINDOWS\System32\GDI32.dll
0x00007ff919c80000 - 0x00007ff919e02000 	C:\WINDOWS\System32\gdi32full.dll
0x00007ff911690000 - 0x00007ff91190a000 	C:\WINDOWS\WinSxS\amd64_microsoft.windows.common-controls_6595b64144ccf1df_6.0.14393.953_none_42151e83c686086b\COMCTL32.dll
0x00007ff91ca30000 - 0x00007ff91ccf8000 	C:\WINDOWS\System32\combase.dll
0x00007ff919b80000 - 0x00007ff919c75000 	C:\WINDOWS\System32\ucrtbase.dll
0x00007ff91a9e0000 - 0x00007ff91aa4a000 	C:\WINDOWS\System32\bcryptPrimitives.dll
0x00007ff91c880000 - 0x00007ff91c8ae000 	C:\WINDOWS\System32\IMM32.DLL
0x000000005b830000 - 0x000000005b902000 	C:\Program Files\Java\jre1.8.0_121\bin\msvcr100.dll
0x000000005af90000 - 0x000000005b82b000 	C:\Program Files\Java\jre1.8.0_121\bin\server\jvm.dll
0x00007ff91c6a0000 - 0x00007ff91c6a8000 	C:\WINDOWS\System32\PSAPI.DLL
0x00007ff911fc0000 - 0x00007ff911fca000 	C:\WINDOWS\SYSTEM32\VERSION.dll
0x00007ff8fbdf0000 - 0x00007ff8fbdf9000 	C:\WINDOWS\SYSTEM32\WSOCK32.dll
0x00007ff917e40000 - 0x00007ff917e63000 	C:\WINDOWS\SYSTEM32\WINMM.dll
0x00007ff91d580000 - 0x00007ff91d5ea000 	C:\WINDOWS\System32\WS2_32.dll
0x00000000021c0000 - 0x00000000021eb000 	C:\WINDOWS\SYSTEM32\WINMMBASE.dll
0x00007ff919eb0000 - 0x00007ff919ef2000 	C:\WINDOWS\System32\cfgmgr32.dll
0x000000005af80000 - 0x000000005af8f000 	C:\Program Files\Java\jre1.8.0_121\bin\verify.dll
0x000000005af50000 - 0x000000005af79000 	C:\Program Files\Java\jre1.8.0_121\bin\java.dll
0x000000005af30000 - 0x000000005af46000 	C:\Program Files\Java\jre1.8.0_121\bin\zip.dll
0x00007ff91acd0000 - 0x00007ff91c1d8000 	C:\WINDOWS\System32\SHELL32.dll
0x00007ff91a1d0000 - 0x00007ff91a8aa000 	C:\WINDOWS\System32\windows.storage.dll
0x00007ff919b10000 - 0x00007ff919b5c000 	C:\WINDOWS\System32\powrprof.dll
0x00007ff91d350000 - 0x00007ff91d3a2000 	C:\WINDOWS\System32\shlwapi.dll
0x00007ff919b60000 - 0x00007ff919b6f000 	C:\WINDOWS\System32\kernel.appcore.dll
0x00007ff919f00000 - 0x00007ff919fa9000 	C:\WINDOWS\System32\shcore.dll
0x00007ff919af0000 - 0x00007ff919b04000 	C:\WINDOWS\System32\profapi.dll
0x000000005af10000 - 0x000000005af2a000 	C:\Program Files\Java\jre1.8.0_121\bin\net.dll
0x00007ff9193c0000 - 0x00007ff91941c000 	C:\WINDOWS\system32\mswsock.dll
0x000000005aef0000 - 0x000000005af01000 	C:\Program Files\Java\jre1.8.0_121\bin\nio.dll
0x00007ff919560000 - 0x00007ff919577000 	C:\WINDOWS\SYSTEM32\CRYPTSP.dll
0x00007ff918fc0000 - 0x00007ff918ff3000 	C:\WINDOWS\system32\rsaenh.dll
0x00007ff919a30000 - 0x00007ff919a5b000 	C:\WINDOWS\SYSTEM32\bcrypt.dll
0x00007ff919240000 - 0x00007ff91925f000 	C:\WINDOWS\SYSTEM32\USERENV.dll
0x00007ff919580000 - 0x00007ff91958b000 	C:\WINDOWS\SYSTEM32\CRYPTBASE.dll
0x00007ff919140000 - 0x00007ff919178000 	C:\WINDOWS\SYSTEM32\IPHLPAPI.DLL
0x00007ff91c920000 - 0x00007ff91c928000 	C:\WINDOWS\System32\NSI.dll
0x00007ff913860000 - 0x00007ff913876000 	C:\WINDOWS\SYSTEM32\dhcpcsvc6.DLL
0x00007ff9139f0000 - 0x00007ff913a0a000 	C:\WINDOWS\SYSTEM32\dhcpcsvc.DLL
0x00007ff913020000 - 0x00007ff91302a000 	C:\Users\Dener\AppData\Local\Temp\jansi-64-1-1939619746194936456.11
0x00007ff906670000 - 0x00007ff906686000 	C:\WINDOWS\system32\napinsp.dll
0x00007ff9065d0000 - 0x00007ff9065ea000 	C:\WINDOWS\system32\pnrpnsp.dll
0x00007ff917dc0000 - 0x00007ff917dd8000 	C:\WINDOWS\system32\NLAapi.dll
0x00007ff919180000 - 0x00007ff919221000 	C:\WINDOWS\SYSTEM32\DNSAPI.dll
0x00007ff906480000 - 0x00007ff90648e000 	C:\WINDOWS\System32\winrnr.dll
0x00007ff9062c0000 - 0x00007ff9062d5000 	C:\WINDOWS\System32\wshbth.dll
0x00007ff90b8a0000 - 0x00007ff90b8aa000 	C:\Windows\System32\rasadhlp.dll
0x00007ff9115d0000 - 0x00007ff91163a000 	C:\WINDOWS\System32\fwpuclnt.dll

VM Arguments:
jvm_args: -Xmx512M -XX:MaxPermSize=256m -XX:ReservedCodeCacheSize=128m -Dsbt.log.format=true 
java_command: xsbt.boot.Boot run test
java_class_path (initial): C:\Users\Dener\Empregos\nubank\scala\Scala-Banking\sbt-dist\bin\sbt-launch.jar
Launcher Type: SUN_STANDARD

Environment Variables:
PATH=C:\ProgramData\Oracle\Java\javapath;C:\Windows\system32;C:\Windows;C:\Windows\System32\Wbem;C:\Windows\System32\WindowsPowerShell\v1.0\;C:\Program Files (x86)\NVIDIA Corporation\PhysX\Common;C:\WINDOWS\system32;C:\WINDOWS;C:\WINDOWS\System32\Wbem;C:\WINDOWS\System32\WindowsPowerShell\v1.0\;C:\Program Files (x86)\Skype\Phone\;C:\Program Files (x86)\sbt\bin;C:\Windows\system32;C:\Windows;C:\Windows\System32\Wbem;C:\Windows\System32\WindowsPowerShell\v1.0\;C:\Program Files (x86)\NVIDIA Corporation\PhysX\Common;C:\WINDOWS\system32;C:\WINDOWS;C:\WINDOWS\System32\Wbem;C:\WINDOWS\System32\WindowsPowerShell\v1.0\;C:\Program Files (x86)\Skype\Phone\;C:\Users\Dener\AppData\Local\Microsoft\WindowsApps;C:\Program Files (x86)\Microsoft VS Code\bin;C:\Python27;C:\Program Files\Java\jdk1.8.0_121\bin
USERNAME=Dener
OS=Windows_NT
PROCESSOR_IDENTIFIER=Intel64 Family 6 Model 58 Stepping 9, GenuineIntel



---------------  S Y S T E M  ---------------

OS: Windows 10.0 , 64 bit Build 14393 (10.0.14393.0)

CPU:total 4 (2 cores per cpu, 2 threads per core) family 6 model 58 stepping 9, cmov, cx8, fxsr, mmx, sse, sse2, sse3, ssse3, sse4.1, sse4.2, popcnt, avx, aes, clmul, erms, ht, tsc, tscinvbit, tscinv

Memory: 4k page, physical 8264500k(2066256k free), swap 9313076k(2688k free)

vm_info: Java HotSpot(TM) 64-Bit Server VM (25.121-b13) for windows-amd64 JRE (1.8.0_121-b13), built on Dec 12 2016 18:21:36 by "java_re" with MS VC++ 10.0 (VS2010)

time: Tue Apr 25 11:24:54 2017
elapsed time: 26 seconds (0d 0h 0m 26s)

