#
# There is insufficient memory for the Java Runtime Environment to continue.
# Native memory allocation (malloc) failed to allocate 336464 bytes for Chunk::new
# Possible reasons:
#   The system is out of physical RAM or swap space
#   In 32 bit mode, the process size limit was hit
# Possible solutions:
#   Reduce memory load on the system
#   Increase physical memory or swap space
#   Check if swap backing store is full
#   Use 64 bit Java on a 64 bit OS
#   Decrease Java heap size (-Xmx/-Xms)
#   Decrease number of Java threads
#   Decrease Java thread stack sizes (-Xss)
#   Set larger code cache with -XX:ReservedCodeCacheSize=
# This output file may be truncated or incomplete.
#
#  Out of Memory Error (allocation.cpp:390), pid=112, tid=0x0000000000002e2c
#
# JRE version: Java(TM) SE Runtime Environment (8.0_121-b13) (build 1.8.0_121-b13)
# Java VM: Java HotSpot(TM) 64-Bit Server VM (25.121-b13 mixed mode windows-amd64 compressed oops)
# Failed to write core dump. Minidumps are not enabled by default on client versions of Windows
#

---------------  T H R E A D  ---------------

Current thread (0x000000001729e800):  JavaThread "C2 CompilerThread0" daemon [_thread_in_native, id=11820, stack(0x0000000018900000,0x0000000018a00000)]

Stack: [0x0000000018900000,0x0000000018a00000]
[error occurred during error reporting (printing stack bounds), id 0xc0000005]

Native frames: (J=compiled Java code, j=interpreted, Vv=VM code, C=native code)


Current CompileTask:
C2:   6050 1736       4       com.google.inject.internal.cglib.core.$CodeEmitter::emit_invoke (48 bytes)


---------------  P R O C E S S  ---------------

Java Threads: ( => current thread )
  0x000000001a70e800 JavaThread "net.sf.ehcache.CacheManager@63a6501c" daemon [_thread_blocked, id=9312, stack(0x000000001ba00000,0x000000001bb00000)]
  0x00000000192cd800 JavaThread "AsyncAppender-Worker-ASYNCSTDOUT" daemon [_thread_blocked, id=11140, stack(0x000000001b900000,0x000000001ba00000)]
  0x00000000192cc800 JavaThread "AsyncAppender-Worker-ASYNCFILE" daemon [_thread_blocked, id=8432, stack(0x000000001b800000,0x000000001b900000)]
  0x000000001993c800 JavaThread "pool-1-thread-1" [_thread_in_Java, id=11352, stack(0x000000001add0000,0x000000001aed0000)]
  0x00000000199a2800 JavaThread "Timer-0" [_thread_blocked, id=10132, stack(0x000000001aad0000,0x000000001abd0000)]
  0x0000000019999800 JavaThread "ScalaTest-dispatcher" [_thread_blocked, id=4084, stack(0x000000001a9d0000,0x000000001aad0000)]
  0x0000000018a47000 JavaThread "Service Thread" daemon [_thread_blocked, id=7792, stack(0x0000000019000000,0x0000000019100000)]
  0x00000000172ec000 JavaThread "C1 CompilerThread2" daemon [_thread_blocked, id=11612, stack(0x0000000018f00000,0x0000000019000000)]
  0x00000000172e6000 JavaThread "C2 CompilerThread1" daemon [_thread_in_native, id=5952, stack(0x0000000018e00000,0x0000000018f00000)]
=>0x000000001729e800 JavaThread "C2 CompilerThread0" daemon [_thread_in_native, id=11820, stack(0x0000000018900000,0x0000000018a00000)]
  0x000000001729c800 JavaThread "Attach Listener" daemon [_thread_blocked, id=2204, stack(0x0000000018800000,0x0000000018900000)]
  0x000000001729b800 JavaThread "Signal Dispatcher" daemon [_thread_blocked, id=6028, stack(0x0000000018700000,0x0000000018800000)]
  0x000000001727a800 JavaThread "Finalizer" daemon [_thread_blocked, id=6512, stack(0x0000000018500000,0x0000000018600000)]
  0x0000000017259000 JavaThread "Reference Handler" daemon [_thread_blocked, id=9948, stack(0x0000000018400000,0x0000000018500000)]
  0x0000000002678000 JavaThread "main" [_thread_blocked, id=9080, stack(0x0000000002560000,0x0000000002660000)]

Other Threads:
  0x0000000017257000 VMThread [stack: 0x0000000018300000,0x0000000018400000] [id=5344]
  0x0000000018a71000 WatcherThread [stack: 0x0000000019100000,0x0000000019200000] [id=1780]

VM state:not at safepoint (normal execution)

VM Mutex/Monitor currently owned by a thread: None

Heap:
 PSYoungGen      total 38400K, used 28115K [0x00000000d5f80000, 0x00000000d8a00000, 0x0000000100000000)
  eden space 33280K, 84% used [0x00000000d5f80000,0x00000000d7af4cc8,0x00000000d8000000)
  from space 5120K, 0% used [0x00000000d8500000,0x00000000d8500000,0x00000000d8a00000)
  to   space 5120K, 0% used [0x00000000d8000000,0x00000000d8000000,0x00000000d8500000)
 ParOldGen       total 57856K, used 6861K [0x0000000081e00000, 0x0000000085680000, 0x00000000d5f80000)
  object space 57856K, 11% used [0x0000000081e00000,0x00000000824b37b8,0x0000000085680000)
 Metaspace       used 23725K, capacity 23892K, committed 24192K, reserved 1071104K
  class space    used 3319K, capacity 3378K, committed 3456K, reserved 1048576K

Card table byte_map: [0x0000000011b30000,0x0000000011f30000] byte_map_base: 0x0000000011721000

Marking Bits: (ParMarkBitMap*) 0x000000005b7ab6d0
 Begin Bits: [0x00000000125e0000, 0x0000000014568000)
 End Bits:   [0x0000000014568000, 0x00000000164f0000)

Polling page: 0x00000000023f0000

CodeCache: size=245760Kb used=5829Kb max_used=5829Kb free=239930Kb
 bounds [0x0000000002770000, 0x0000000002d30000, 0x0000000011770000]
 total_blobs=2183 nmethods=1739 adapters=356
 compilation: enabled

Compilation events (10 events):
Event: 5.944 Thread 0x00000000172ec000 1737       3       com.google.inject.internal.asm.$Type::getMethodDescriptor (53 bytes)
Event: 5.945 Thread 0x00000000172ec000 nmethod 1737 0x0000000002d22b10 code [0x0000000002d22d80, 0x0000000002d24028]
Event: 5.947 Thread 0x00000000172ec000 1739       3       com.google.inject.internal.cglib.core.$TypeUtils::getBoxedType (86 bytes)
Event: 5.947 Thread 0x00000000172ec000 nmethod 1739 0x0000000002d22690 code [0x0000000002d22800, 0x0000000002d22a50]
Event: 6.038 Thread 0x00000000172ec000 1741       3       com.google.common.collect.ObjectArrays::checkElementNotNull (33 bytes)
Event: 6.038 Thread 0x00000000172ec000 nmethod 1741 0x0000000002d258d0 code [0x0000000002d25a80, 0x0000000002d25f88]
Event: 6.038 Thread 0x00000000172ec000 1742       3       com.google.common.collect.SingletonImmutableSet::iterator (5 bytes)
Event: 6.038 Thread 0x00000000172ec000 nmethod 1742 0x0000000002d21e50 code [0x0000000002d21fe0, 0x0000000002d223f0]
Event: 6.038 Thread 0x00000000172ec000 1743       3       com.google.common.collect.SingletonImmutableSet::iterator (8 bytes)
Event: 6.039 Thread 0x00000000172ec000 nmethod 1743 0x0000000002d26190 code [0x0000000002d26300, 0x0000000002d26630]

GC Heap History (10 events):
Event: 2.611 GC heap before
{Heap before GC invocations=1 (full 0):
 PSYoungGen      total 38400K, used 33280K [0x00000000d5f80000, 0x00000000d8a00000, 0x0000000100000000)
  eden space 33280K, 100% used [0x00000000d5f80000,0x00000000d8000000,0x00000000d8000000)
  from space 5120K, 0% used [0x00000000d8500000,0x00000000d8500000,0x00000000d8a00000)
  to   space 5120K, 0% used [0x00000000d8000000,0x00000000d8000000,0x00000000d8500000)
 ParOldGen       total 87552K, used 0K [0x0000000081e00000, 0x0000000087380000, 0x00000000d5f80000)
  object space 87552K, 0% used [0x0000000081e00000,0x0000000081e00000,0x0000000087380000)
 Metaspace       used 9232K, capacity 9378K, committed 9600K, reserved 1056768K
  class space    used 1311K, capacity 1375K, committed 1408K, reserved 1048576K
Event: 2.623 GC heap after
Heap after GC invocations=1 (full 0):
 PSYoungGen      total 38400K, used 5115K [0x00000000d5f80000, 0x00000000d8a00000, 0x0000000100000000)
  eden space 33280K, 0% used [0x00000000d5f80000,0x00000000d5f80000,0x00000000d8000000)
  from space 5120K, 99% used [0x00000000d8000000,0x00000000d84fef50,0x00000000d8500000)
  to   space 5120K, 0% used [0x00000000d8500000,0x00000000d8500000,0x00000000d8a00000)
 ParOldGen       total 87552K, used 529K [0x0000000081e00000, 0x0000000087380000, 0x00000000d5f80000)
  object space 87552K, 0% used [0x0000000081e00000,0x0000000081e84668,0x0000000087380000)
 Metaspace       used 9232K, capacity 9378K, committed 9600K, reserved 1056768K
  class space    used 1311K, capacity 1375K, committed 1408K, reserved 1048576K
}
Event: 3.638 GC heap before
{Heap before GC invocations=2 (full 0):
 PSYoungGen      total 38400K, used 38395K [0x00000000d5f80000, 0x00000000d8a00000, 0x0000000100000000)
  eden space 33280K, 100% used [0x00000000d5f80000,0x00000000d8000000,0x00000000d8000000)
  from space 5120K, 99% used [0x00000000d8000000,0x00000000d84fef50,0x00000000d8500000)
  to   space 5120K, 0% used [0x00000000d8500000,0x00000000d8500000,0x00000000d8a00000)
 ParOldGen       total 87552K, used 529K [0x0000000081e00000, 0x0000000087380000, 0x00000000d5f80000)
  object space 87552K, 0% used [0x0000000081e00000,0x0000000081e84668,0x0000000087380000)
 Metaspace       used 13617K, capacity 13846K, committed 14080K, reserved 1060864K
  class space    used 1911K, capacity 1997K, committed 2048K, reserved 1048576K
Event: 3.645 GC heap after
Heap after GC invocations=2 (full 0):
 PSYoungGen      total 38400K, used 5097K [0x00000000d5f80000, 0x00000000d8a00000, 0x0000000100000000)
  eden space 33280K, 0% used [0x00000000d5f80000,0x00000000d5f80000,0x00000000d8000000)
  from space 5120K, 99% used [0x00000000d8500000,0x00000000d89fa7e8,0x00000000d8a00000)
  to   space 5120K, 0% used [0x00000000d8000000,0x00000000d8000000,0x00000000d8500000)
 ParOldGen       total 87552K, used 1369K [0x0000000081e00000, 0x0000000087380000, 0x00000000d5f80000)
  object space 87552K, 1% used [0x0000000081e00000,0x0000000081f56618,0x0000000087380000)
 Metaspace       used 13617K, capacity 13846K, committed 14080K, reserved 1060864K
  class space    used 1911K, capacity 1997K, committed 2048K, reserved 1048576K
}
Event: 4.267 GC heap before
{Heap before GC invocations=3 (full 0):
 PSYoungGen      total 38400K, used 38377K [0x00000000d5f80000, 0x00000000d8a00000, 0x0000000100000000)
  eden space 33280K, 100% used [0x00000000d5f80000,0x00000000d8000000,0x00000000d8000000)
  from space 5120K, 99% used [0x00000000d8500000,0x00000000d89fa7e8,0x00000000d8a00000)
  to   space 5120K, 0% used [0x00000000d8000000,0x00000000d8000000,0x00000000d8500000)
 ParOldGen       total 87552K, used 1369K [0x0000000081e00000, 0x0000000087380000, 0x00000000d5f80000)
  object space 87552K, 1% used [0x0000000081e00000,0x0000000081f56618,0x0000000087380000)
 Metaspace       used 17969K, capacity 18166K, committed 18304K, reserved 1064960K
  class space    used 2581K, capacity 2669K, committed 2688K, reserved 1048576K
Event: 4.273 GC heap after
Heap after GC invocations=3 (full 0):
 PSYoungGen      total 38400K, used 5099K [0x00000000d5f80000, 0x00000000d8a00000, 0x0000000100000000)
  eden space 33280K, 0% used [0x00000000d5f80000,0x00000000d5f80000,0x00000000d8000000)
  from space 5120K, 99% used [0x00000000d8000000,0x00000000d84fae10,0x00000000d8500000)
  to   space 5120K, 0% used [0x00000000d8500000,0x00000000d8500000,0x00000000d8a00000)
 ParOldGen       total 87552K, used 3329K [0x0000000081e00000, 0x0000000087380000, 0x00000000d5f80000)
  object space 87552K, 3% used [0x0000000081e00000,0x00000000821407e8,0x0000000087380000)
 Metaspace       used 17969K, capacity 18166K, committed 18304K, reserved 1064960K
  class space    used 2581K, capacity 2669K, committed 2688K, reserved 1048576K
}
Event: 4.956 GC heap before
{Heap before GC invocations=4 (full 0):
 PSYoungGen      total 38400K, used 34483K [0x00000000d5f80000, 0x00000000d8a00000, 0x0000000100000000)
  eden space 33280K, 88% used [0x00000000d5f80000,0x00000000d7c31df0,0x00000000d8000000)
  from space 5120K, 99% used [0x00000000d8000000,0x00000000d84fae10,0x00000000d8500000)
  to   space 5120K, 0% used [0x00000000d8500000,0x00000000d8500000,0x00000000d8a00000)
 ParOldGen       total 87552K, used 3329K [0x0000000081e00000, 0x0000000087380000, 0x00000000d5f80000)
  object space 87552K, 3% used [0x0000000081e00000,0x00000000821407e8,0x0000000087380000)
 Metaspace       used 20854K, capacity 21026K, committed 21296K, reserved 1067008K
  class space    used 3013K, capacity 3087K, committed 3200K, reserved 1048576K
Event: 4.967 GC heap after
Heap after GC invocations=4 (full 0):
 PSYoungGen      total 38400K, used 5097K [0x00000000d5f80000, 0x00000000d8a00000, 0x0000000100000000)
  eden space 33280K, 0% used [0x00000000d5f80000,0x00000000d5f80000,0x00000000d8000000)
  from space 5120K, 99% used [0x00000000d8500000,0x00000000d89fa578,0x00000000d8a00000)
  to   space 5120K, 0% used [0x00000000d8000000,0x00000000d8000000,0x00000000d8500000)
 ParOldGen       total 87552K, used 5307K [0x0000000081e00000, 0x0000000087380000, 0x00000000d5f80000)
  object space 87552K, 6% used [0x0000000081e00000,0x000000008232ee00,0x0000000087380000)
 Metaspace       used 20854K, capacity 21026K, committed 21296K, reserved 1067008K
  class space    used 3013K, capacity 3087K, committed 3200K, reserved 1048576K
}
Event: 4.967 GC heap before
{Heap before GC invocations=5 (full 1):
 PSYoungGen      total 38400K, used 5097K [0x00000000d5f80000, 0x00000000d8a00000, 0x0000000100000000)
  eden space 33280K, 0% used [0x00000000d5f80000,0x00000000d5f80000,0x00000000d8000000)
  from space 5120K, 99% used [0x00000000d8500000,0x00000000d89fa578,0x00000000d8a00000)
  to   space 5120K, 0% used [0x00000000d8000000,0x00000000d8000000,0x00000000d8500000)
 ParOldGen       total 87552K, used 5307K [0x0000000081e00000, 0x0000000087380000, 0x00000000d5f80000)
  object space 87552K, 6% used [0x0000000081e00000,0x000000008232ee00,0x0000000087380000)
 Metaspace       used 20854K, capacity 21026K, committed 21296K, reserved 1067008K
  class space    used 3013K, capacity 3087K, committed 3200K, reserved 1048576K
Event: 5.002 GC heap after
Heap after GC invocations=5 (full 1):
 PSYoungGen      total 38400K, used 0K [0x00000000d5f80000, 0x00000000d8a00000, 0x0000000100000000)
  eden space 33280K, 0% used [0x00000000d5f80000,0x00000000d5f80000,0x00000000d8000000)
  from space 5120K, 0% used [0x00000000d8500000,0x00000000d8500000,0x00000000d8a00000)
  to   space 5120K, 0% used [0x00000000d8000000,0x00000000d8000000,0x00000000d8500000)
 ParOldGen       total 57856K, used 6861K [0x0000000081e00000, 0x0000000085680000, 0x00000000d5f80000)
  object space 57856K, 11% used [0x0000000081e00000,0x00000000824b37b8,0x0000000085680000)
 Metaspace       used 20854K, capacity 21026K, committed 21296K, reserved 1067008K
  class space    used 3013K, capacity 3087K, committed 3200K, reserved 1048576K
}

Deoptimization events (10 events):
Event: 4.604 Thread 0x000000001993c800 Uncommon trap: reason=bimorphic action=maybe_recompile pc=0x0000000002b1c66c method=java.util.HashMap.putVal(ILjava/lang/Object;Ljava/lang/Object;ZZ)Ljava/lang/Object; @ 203
Event: 4.617 Thread 0x000000001993c800 Uncommon trap: reason=bimorphic action=maybe_recompile pc=0x0000000002b1c66c method=java.util.HashMap.putVal(ILjava/lang/Object;Ljava/lang/Object;ZZ)Ljava/lang/Object; @ 203
Event: 4.632 Thread 0x000000001993c800 Uncommon trap: reason=bimorphic action=maybe_recompile pc=0x0000000002b1c66c method=java.util.HashMap.putVal(ILjava/lang/Object;Ljava/lang/Object;ZZ)Ljava/lang/Object; @ 203
Event: 4.695 Thread 0x000000001993c800 Uncommon trap: reason=range_check action=make_not_entrant pc=0x0000000002be0ee0 method=sun.reflect.generics.parser.SignatureParser.current()C @ 34
Event: 4.753 Thread 0x000000001993c800 Uncommon trap: reason=unstable_if action=reinterpret pc=0x0000000002a71740 method=java.util.HashMap.getNode(ILjava/lang/Object;)Ljava/util/HashMap$Node; @ 129
Event: 5.353 Thread 0x000000001993c800 Uncommon trap: reason=unstable_if action=reinterpret pc=0x0000000002ba9d78 method=java.io.WinNTFileSystem.normalize(Ljava/lang/String;)Ljava/lang/String; @ 128
Event: 5.392 Thread 0x000000001993c800 Uncommon trap: reason=class_check action=maybe_recompile pc=0x0000000002c3f74c method=java.util.HashMap.putVal(ILjava/lang/Object;Ljava/lang/Object;ZZ)Ljava/lang/Object; @ 253
Event: 5.392 Thread 0x000000001993c800 Uncommon trap: reason=class_check action=maybe_recompile pc=0x0000000002c3f74c method=java.util.HashMap.putVal(ILjava/lang/Object;Ljava/lang/Object;ZZ)Ljava/lang/Object; @ 253
Event: 5.392 Thread 0x000000001993c800 Uncommon trap: reason=class_check action=maybe_recompile pc=0x0000000002c3f74c method=java.util.HashMap.putVal(ILjava/lang/Object;Ljava/lang/Object;ZZ)Ljava/lang/Object; @ 253
Event: 5.392 Thread 0x000000001993c800 Uncommon trap: reason=class_check action=maybe_recompile pc=0x0000000002c3f74c method=java.util.HashMap.putVal(ILjava/lang/Object;Ljava/lang/Object;ZZ)Ljava/lang/Object; @ 253

Internal exceptions (10 events):
Event: 4.699 Thread 0x000000001993c800 Exception <a 'java/lang/ArrayIndexOutOfBoundsException': 24> (0x00000000d7233a78) thrown at [C:\re\workspace\8-2-build-windows-amd64-cygwin\jdk8u121\8372\hotspot\src\share\vm\interpreter\interpreterRuntime.cpp, line 366]
Event: 4.699 Thread 0x000000001993c800 Exception <a 'java/lang/ArrayIndexOutOfBoundsException': 100> (0x00000000d7235250) thrown at [C:\re\workspace\8-2-build-windows-amd64-cygwin\jdk8u121\8372\hotspot\src\share\vm\interpreter\interpreterRuntime.cpp, line 366]
Event: 4.699 Thread 0x000000001993c800 Exception <a 'java/lang/ArrayIndexOutOfBoundsException': 86> (0x00000000d7236898) thrown at [C:\re\workspace\8-2-build-windows-amd64-cygwin\jdk8u121\8372\hotspot\src\share\vm\interpreter\interpreterRuntime.cpp, line 366]
Event: 4.700 Thread 0x000000001993c800 Exception <a 'java/lang/ArrayIndexOutOfBoundsException': 112> (0x00000000d7238240) thrown at [C:\re\workspace\8-2-build-windows-amd64-cygwin\jdk8u121\8372\hotspot\src\share\vm\interpreter\interpreterRuntime.cpp, line 366]
Event: 4.700 Thread 0x000000001993c800 Exception <a 'java/lang/ArrayIndexOutOfBoundsException': 23> (0x00000000d7239478) thrown at [C:\re\workspace\8-2-build-windows-amd64-cygwin\jdk8u121\8372\hotspot\src\share\vm\interpreter\interpreterRuntime.cpp, line 366]
Event: 4.700 Thread 0x000000001993c800 Exception <a 'java/lang/ArrayIndexOutOfBoundsException': 29> (0x00000000d723a2d8) thrown at [C:\re\workspace\8-2-build-windows-amd64-cygwin\jdk8u121\8372\hotspot\src\share\vm\interpreter\interpreterRuntime.cpp, line 366]
Event: 4.700 Thread 0x000000001993c800 Exception <a 'java/lang/ArrayIndexOutOfBoundsException': 111> (0x00000000d723bae8) thrown at [C:\re\workspace\8-2-build-windows-amd64-cygwin\jdk8u121\8372\hotspot\src\share\vm\interpreter\interpreterRuntime.cpp, line 366]
Event: 4.700 Thread 0x000000001993c800 Exception <a 'java/lang/ArrayIndexOutOfBoundsException': 113> (0x00000000d723d828) thrown at [C:\re\workspace\8-2-build-windows-amd64-cygwin\jdk8u121\8372\hotspot\src\share\vm\interpreter\interpreterRuntime.cpp, line 366]
Event: 4.701 Thread 0x000000001993c800 Exception <a 'java/lang/ArrayIndexOutOfBoundsException': 171> (0x00000000d72402e0) thrown at [C:\re\workspace\8-2-build-windows-amd64-cygwin\jdk8u121\8372\hotspot\src\share\vm\interpreter\interpreterRuntime.cpp, line 366]
Event: 6.029 Thread 0x000000001993c800 Exception <a 'java/lang/OutOfMemoryError': (class: router/Routes$$FastClassByGuice$$1f117daf, method: getIndex signature: (Ljava/lang/String;[Ljava/lang/Class;)I) > (0x00000000d7a06eb0) thrown at [C:\re\workspace\8-2-build-windows-amd64-cygwin\jdk8u121\83

Events (10 events):
Event: 6.038 loading class org/scalatest/DeferredAbortedSuite
Event: 6.038 loading class org/scalatest/DeferredAbortedSuite done
Event: 6.041 loading class org/scalatest/events/SeeStackDepthException$
Event: 6.041 loading class org/scalatest/events/SeeStackDepthException$ done
Event: 6.042 loading class org/scalatest/events/SuiteAborted$
Event: 6.043 loading class org/scalatest/events/SuiteAborted$ done
Event: 6.044 loading class scala/runtime/AbstractFunction13
Event: 6.044 loading class scala/runtime/AbstractFunction13 done
Event: 6.046 loading class scala/Function13$class
Event: 6.046 loading class scala/Function13$class done


Dynamic libraries:
0x00007ff66f710000 - 0x00007ff66f747000 	C:\Program Files\Java\jre1.8.0_121\bin\java.exe
0x00007ff91d690000 - 0x00007ff91d861000 	C:\WINDOWS\SYSTEM32\ntdll.dll
0x00007ff91c4c0000 - 0x00007ff91c56b000 	C:\WINDOWS\System32\KERNEL32.DLL
0x00007ff919fb0000 - 0x00007ff91a1cd000 	C:\WINDOWS\System32\KERNELBASE.dll
0x00007ff91ac20000 - 0x00007ff91acc2000 	C:\WINDOWS\System32\ADVAPI32.dll
0x00007ff91d5f0000 - 0x00007ff91d68e000 	C:\WINDOWS\System32\msvcrt.dll
0x00007ff91d3b0000 - 0x00007ff91d409000 	C:\WINDOWS\System32\sechost.dll
0x00007ff91c570000 - 0x00007ff91c691000 	C:\WINDOWS\System32\RPCRT4.dll
0x00007ff91d410000 - 0x00007ff91d575000 	C:\WINDOWS\System32\USER32.dll
0x00007ff91a910000 - 0x00007ff91a92e000 	C:\WINDOWS\System32\win32u.dll
0x00007ff91d1f0000 - 0x00007ff91d224000 	C:\WINDOWS\System32\GDI32.dll
0x00007ff919c80000 - 0x00007ff919e02000 	C:\WINDOWS\System32\gdi32full.dll
0x00007ff911690000 - 0x00007ff91190a000 	C:\WINDOWS\WinSxS\amd64_microsoft.windows.common-controls_6595b64144ccf1df_6.0.14393.953_none_42151e83c686086b\COMCTL32.dll
0x00007ff91ca30000 - 0x00007ff91ccf8000 	C:\WINDOWS\System32\combase.dll
0x00007ff919b80000 - 0x00007ff919c75000 	C:\WINDOWS\System32\ucrtbase.dll
0x00007ff91a9e0000 - 0x00007ff91aa4a000 	C:\WINDOWS\System32\bcryptPrimitives.dll
0x00007ff91c880000 - 0x00007ff91c8ae000 	C:\WINDOWS\System32\IMM32.DLL
0x000000005b830000 - 0x000000005b902000 	C:\Program Files\Java\jre1.8.0_121\bin\msvcr100.dll
0x000000005af90000 - 0x000000005b82b000 	C:\Program Files\Java\jre1.8.0_121\bin\server\jvm.dll
0x00007ff91c6a0000 - 0x00007ff91c6a8000 	C:\WINDOWS\System32\PSAPI.DLL
0x00007ff8fbdf0000 - 0x00007ff8fbdf9000 	C:\WINDOWS\SYSTEM32\WSOCK32.dll
0x00007ff91d580000 - 0x00007ff91d5ea000 	C:\WINDOWS\System32\WS2_32.dll
0x00007ff917e40000 - 0x00007ff917e63000 	C:\WINDOWS\SYSTEM32\WINMM.dll
0x00007ff911fc0000 - 0x00007ff911fca000 	C:\WINDOWS\SYSTEM32\VERSION.dll
0x00007ff917de0000 - 0x00007ff917e0b000 	C:\WINDOWS\SYSTEM32\WINMMBASE.dll
0x00007ff919eb0000 - 0x00007ff919ef2000 	C:\WINDOWS\System32\cfgmgr32.dll
0x000000005af80000 - 0x000000005af8f000 	C:\Program Files\Java\jre1.8.0_121\bin\verify.dll
0x000000005af50000 - 0x000000005af79000 	C:\Program Files\Java\jre1.8.0_121\bin\java.dll
0x000000005af30000 - 0x000000005af46000 	C:\Program Files\Java\jre1.8.0_121\bin\zip.dll
0x00007ff91acd0000 - 0x00007ff91c1d8000 	C:\WINDOWS\System32\SHELL32.dll
0x00007ff91a1d0000 - 0x00007ff91a8aa000 	C:\WINDOWS\System32\windows.storage.dll
0x00007ff919b10000 - 0x00007ff919b5c000 	C:\WINDOWS\System32\powrprof.dll
0x00007ff91d350000 - 0x00007ff91d3a2000 	C:\WINDOWS\System32\shlwapi.dll
0x00007ff919b60000 - 0x00007ff919b6f000 	C:\WINDOWS\System32\kernel.appcore.dll
0x00007ff919f00000 - 0x00007ff919fa9000 	C:\WINDOWS\System32\shcore.dll
0x00007ff919af0000 - 0x00007ff919b04000 	C:\WINDOWS\System32\profapi.dll
0x000000005af10000 - 0x000000005af2a000 	C:\Program Files\Java\jre1.8.0_121\bin\net.dll
0x00007ff9193c0000 - 0x00007ff91941c000 	C:\WINDOWS\system32\mswsock.dll
0x00007ff906670000 - 0x00007ff906686000 	C:\WINDOWS\system32\napinsp.dll
0x00007ff9065d0000 - 0x00007ff9065ea000 	C:\WINDOWS\system32\pnrpnsp.dll
0x00007ff917dc0000 - 0x00007ff917dd8000 	C:\WINDOWS\system32\NLAapi.dll
0x00007ff919180000 - 0x00007ff919221000 	C:\WINDOWS\SYSTEM32\DNSAPI.dll
0x00007ff91c920000 - 0x00007ff91c928000 	C:\WINDOWS\System32\NSI.dll
0x00007ff919140000 - 0x00007ff919178000 	C:\WINDOWS\SYSTEM32\IPHLPAPI.DLL
0x00007ff906480000 - 0x00007ff90648e000 	C:\WINDOWS\System32\winrnr.dll
0x00007ff9062c0000 - 0x00007ff9062d5000 	C:\WINDOWS\System32\wshbth.dll
0x00007ff90b8a0000 - 0x00007ff90b8aa000 	C:\Windows\System32\rasadhlp.dll
0x00007ff9115d0000 - 0x00007ff91163a000 	C:\WINDOWS\System32\fwpuclnt.dll
0x00007ff919a30000 - 0x00007ff919a5b000 	C:\WINDOWS\SYSTEM32\bcrypt.dll
0x00007ff919560000 - 0x00007ff919577000 	C:\WINDOWS\SYSTEM32\CRYPTSP.dll
0x00007ff918fc0000 - 0x00007ff918ff3000 	C:\WINDOWS\system32\rsaenh.dll
0x00007ff919240000 - 0x00007ff91925f000 	C:\WINDOWS\SYSTEM32\USERENV.dll
0x00007ff919580000 - 0x00007ff91958b000 	C:\WINDOWS\SYSTEM32\CRYPTBASE.dll
0x00007ff913860000 - 0x00007ff913876000 	C:\WINDOWS\SYSTEM32\dhcpcsvc6.DLL
0x00007ff9139f0000 - 0x00007ff913a0a000 	C:\WINDOWS\SYSTEM32\dhcpcsvc.DLL
0x000000005aef0000 - 0x000000005af01000 	C:\Program Files\Java\jre1.8.0_121\bin\nio.dll

VM Arguments:
jvm_args: -Djna.nosys=true 
java_command: sbt.ForkMain 63713
java_class_path (initial): C:\Users\Dener\Empregos\nubank\scala\Scala-Banking\target\scala-2.11\test-classes;C:\Users\Dener\Empregos\nubank\scala\Scala-Banking\target\web\classes\test;C:\Users\Dener\Empregos\nubank\scala\Scala-Banking\target\scala-2.11\classes;C:\Users\Dener\Empregos\nubank\scala\Scala-Banking\target\web\classes\main;C:\Users\Dener\.ivy2\cache\org.scala-lang\scala-library\jars\scala-library-2.11.8.jar;C:\Users\Dener\.ivy2\cache\com.typesafe.play\twirl-api_2.11\jars\twirl-api_2.11-1.1.1.jar;C:\Users\Dener\.ivy2\cache\org.apache.commons\commons-lang3\jars\commons-lang3-3.4.jar;C:\Users\Dener\.ivy2\cache\com.typesafe.play\play-server_2.11\jars\play-server_2.11-2.5.14.jar;C:\Users\Dener\.ivy2\cache\com.typesafe.play\play_2.11\jars\play_2.11-2.5.14.jar;C:\Users\Dener\.ivy2\cache\com.typesafe.play\build-link\jars\build-link-2.5.14.jar;C:\Users\Dener\.ivy2\cache\com.typesafe.play\play-exceptions\jars\play-exceptions-2.5.14.jar;C:\Users\Dener\.ivy2\cache\com.typesafe.play\play-iteratees_2.11\jars\play-iteratees_2.11-2.5.14.jar;C:\Users\Dener\.ivy2\cache\org.scala-stm\scala-stm_2.11\jars\scala-stm_2.11-0.7.jar;C:\Users\Dener\.ivy2\cache\com.typesafe\config\bundles\config-1.3.1.jar;C:\Users\Dener\.ivy2\cache\com.typesafe.play\play-json_2.11\jars\play-json_2.11-2.5.14.jar;C:\Users\Dener\.ivy2\cache\com.typesafe.play\play-functional_2.11\jars\play-functional_2.11-2.5.14.jar;C:\Users\Dener\.ivy2\cache\com.typesafe.play\play-datacommons_2.11\jars\play-datacommons_2.11-2.5.14.jar;C:\Users\Dener\.ivy2\cache\joda-time\joda-time\jars\joda-time-2.9.6.jar;C:\Users\Dener\.ivy2\cache\org.joda\joda-convert\jars\joda-convert-1.8.1.jar;C:\Users\Dener\.ivy2\cache\org.scala-lang\scala-reflect\jars\scala-reflect-2.11.8.jar;C:\Users\Dener\.ivy2\cache\com.fasterxml.jackson.core\jackson-core\bundles\jackson-core-2.7.8.jar;C:\Users\Dener\.ivy2\cache\com.fasterxml.jackson.core\jackson-annotations\bundles\jackson-annotations-2.7.8.jar;C:\Users\Dener\.ivy2\cache\com.fasterxml.jacks
Launcher Type: SUN_STANDARD

Environment Variables:
PATH=C:\ProgramData\Oracle\Java\javapath;C:\Windows\system32;C:\Windows;C:\Windows\System32\Wbem;C:\Windows\System32\WindowsPowerShell\v1.0\;C:\Program Files (x86)\NVIDIA Corporation\PhysX\Common;C:\WINDOWS\system32;C:\WINDOWS;C:\WINDOWS\System32\Wbem;C:\WINDOWS\System32\WindowsPowerShell\v1.0\;C:\Program Files (x86)\Skype\Phone\;C:\Program Files (x86)\sbt\bin;C:\Windows\system32;C:\Windows;C:\Windows\System32\Wbem;C:\Windows\System32\WindowsPowerShell\v1.0\;C:\Program Files (x86)\NVIDIA Corporation\PhysX\Common;C:\WINDOWS\system32;C:\WINDOWS;C:\WINDOWS\System32\Wbem;C:\WINDOWS\System32\WindowsPowerShell\v1.0\;C:\Program Files (x86)\Skype\Phone\;C:\Users\Dener\AppData\Local\Microsoft\WindowsApps;C:\Program Files (x86)\Microsoft VS Code\bin;C:\Python27;C:\Program Files\Java\jdk1.8.0_121\bin
USERNAME=Dener
OS=Windows_NT
PROCESSOR_IDENTIFIER=Intel64 Family 6 Model 58 Stepping 9, GenuineIntel



---------------  S Y S T E M  ---------------

OS: Windows 10.0 , 64 bit Build 14393 (10.0.14393.0)

CPU:total 4 (2 cores per cpu, 2 threads per core) family 6 model 58 stepping 9, cmov, cx8, fxsr, mmx, sse, sse2, sse3, ssse3, sse4.1, sse4.2, popcnt, avx, aes, clmul, erms, ht, tsc, tscinvbit, tscinv

Memory: 4k page, physical 8264500k(2325228k free), swap 9313076k(3408k free)

vm_info: Java HotSpot(TM) 64-Bit Server VM (25.121-b13) for windows-amd64 JRE (1.8.0_121-b13), built on Dec 12 2016 18:21:36 by "java_re" with MS VC++ 10.0 (VS2010)

time: Tue Apr 25 12:13:25 2017
elapsed time: 6 seconds (0d 0h 0m 6s)

